{"/app/src/sponsor.png": {"path":"/app/src/sponsor.png","statementMap":{},"fnMap":{},"branchMap":{},"s":{},"f":{},"b":{},"meta":{"lastBranch":0,"lastFunction":0,"lastStatement":0,"seen":{}}}
,"/app/src/auth/AuthContext.tsx": {"path":"/app/src/auth/AuthContext.tsx","statementMap":{"0":{"start":{"line":25,"column":13},"end":{"line":25,"column":64}},"1":{"start":{"line":28,"column":17},"end":{"line":28,"column":55}},"2":{"start":{"line":29,"column":18},"end":{"line":29,"column":84}},"3":{"start":{"line":30,"column":22},"end":{"line":30,"column":52}},"4":{"start":{"line":32,"column":22},"end":{"line":48,"column":null}},"5":{"start":{"line":33,"column":8},"end":{"line":48,"column":null}},"6":{"start":{"line":34,"column":24},"end":{"line":36,"column":14}},"7":{"start":{"line":37,"column":25},"end":{"line":37,"column":41}},"8":{"start":{"line":38,"column":12},"end":{"line":43,"column":null}},"9":{"start":{"line":39,"column":16},"end":{"line":39,"column":null}},"10":{"start":{"line":41,"column":16},"end":{"line":41,"column":null}},"11":{"start":{"line":42,"column":16},"end":{"line":42,"column":null}},"12":{"start":{"line":43,"column":16},"end":{"line":43,"column":null}},"13":{"start":{"line":46,"column":12},"end":{"line":46,"column":null}},"14":{"start":{"line":47,"column":12},"end":{"line":47,"column":null}},"15":{"start":{"line":48,"column":12},"end":{"line":48,"column":null}},"16":{"start":{"line":52,"column":4},"end":{"line":59,"column":null}},"17":{"start":{"line":53,"column":8},"end":{"line":57,"column":null}},"18":{"start":{"line":55,"column":12},"end":{"line":55,"column":null}},"19":{"start":{"line":55,"column":43},"end":{"line":55,"column":62}},"20":{"start":{"line":57,"column":12},"end":{"line":57,"column":null}},"21":{"start":{"line":61,"column":18},"end":{"line":76,"column":null}},"22":{"start":{"line":62,"column":20},"end":{"line":66,"column":10}},"23":{"start":{"line":67,"column":21},"end":{"line":67,"column":37}},"24":{"start":{"line":68,"column":8},"end":{"line":74,"column":null}},"25":{"start":{"line":69,"column":12},"end":{"line":69,"column":null}},"26":{"start":{"line":70,"column":12},"end":{"line":70,"column":null}},"27":{"start":{"line":71,"column":12},"end":{"line":71,"column":null}},"28":{"start":{"line":72,"column":12},"end":{"line":72,"column":null}},"29":{"start":{"line":73,"column":12},"end":{"line":73,"column":null}},"30":{"start":{"line":74,"column":12},"end":{"line":74,"column":null}},"31":{"start":{"line":76,"column":8},"end":{"line":76,"column":null}},"32":{"start":{"line":79,"column":21},"end":{"line":94,"column":null}},"33":{"start":{"line":80,"column":20},"end":{"line":84,"column":10}},"34":{"start":{"line":85,"column":21},"end":{"line":85,"column":37}},"35":{"start":{"line":86,"column":8},"end":{"line":92,"column":null}},"36":{"start":{"line":87,"column":12},"end":{"line":87,"column":null}},"37":{"start":{"line":88,"column":12},"end":{"line":88,"column":null}},"38":{"start":{"line":89,"column":12},"end":{"line":89,"column":null}},"39":{"start":{"line":90,"column":12},"end":{"line":90,"column":null}},"40":{"start":{"line":91,"column":12},"end":{"line":91,"column":null}},"41":{"start":{"line":92,"column":12},"end":{"line":92,"column":null}},"42":{"start":{"line":94,"column":8},"end":{"line":94,"column":null}},"43":{"start":{"line":97,"column":10},"end":{"line":102,"column":null}},"44":{"start":{"line":98,"column":8},"end":{"line":98,"column":null}},"45":{"start":{"line":99,"column":8},"end":{"line":99,"column":null}},"46":{"start":{"line":100,"column":8},"end":{"line":100,"column":null}},"47":{"start":{"line":101,"column":8},"end":{"line":101,"column":null}},"48":{"start":{"line":102,"column":8},"end":{"line":102,"column":null}},"49":{"start":{"line":105,"column":24},"end":{"line":107,"column":null}},"50":{"start":{"line":106,"column":8},"end":{"line":107,"column":null}},"51":{"start":{"line":107,"column":12},"end":{"line":107,"column":null}},"52":{"start":{"line":111,"column":4},"end":{"line":114,"column":null}},"53":{"start":{"line":120,"column":4},"end":{"line":120,"column":null}}},"fnMap":{"0":{"name":"AuthProvider","decl":{"start":{"line":27,"column":16},"end":{"line":27,"column":29}},"loc":{"start":{"line":27,"column":74},"end":{"line":114,"column":null}},"line":27},"1":{"name":"(anonymous_1)","decl":{"start":{"line":32,"column":22},"end":{"line":32,"column":29}},"loc":{"start":{"line":32,"column":51},"end":{"line":48,"column":null}},"line":32},"2":{"name":"(anonymous_2)","decl":{"start":{"line":52,"column":4},"end":{"line":52,"column":20}},"loc":{"start":{"line":52,"column":20},"end":{"line":59,"column":9}},"line":52},"3":{"name":"(anonymous_3)","decl":{"start":{"line":55,"column":29},"end":{"line":55,"column":43}},"loc":{"start":{"line":55,"column":43},"end":{"line":55,"column":62}},"line":55},"4":{"name":"(anonymous_4)","decl":{"start":{"line":61,"column":18},"end":{"line":61,"column":25}},"loc":{"start":{"line":61,"column":76},"end":{"line":76,"column":null}},"line":61},"5":{"name":"(anonymous_5)","decl":{"start":{"line":79,"column":21},"end":{"line":79,"column":28}},"loc":{"start":{"line":79,"column":111},"end":{"line":94,"column":null}},"line":79},"6":{"name":"(anonymous_6)","decl":{"start":{"line":97,"column":10},"end":{"line":97,"column":25}},"loc":{"start":{"line":97,"column":25},"end":{"line":102,"column":null}},"line":97},"7":{"name":"(anonymous_7)","decl":{"start":{"line":105,"column":24},"end":{"line":105,"column":36}},"loc":{"start":{"line":105,"column":36},"end":{"line":107,"column":null}},"line":105},"8":{"name":"useAuth","decl":{"start":{"line":119,"column":16},"end":{"line":119,"column":26}},"loc":{"start":{"line":119,"column":26},"end":{"line":120,"column":null}},"line":119}},"branchMap":{"0":{"loc":{"start":{"line":38,"column":12},"end":{"line":43,"column":null}},"type":"if","locations":[{"start":{"line":38,"column":12},"end":{"line":43,"column":null}},{"start":{"line":40,"column":19},"end":{"line":43,"column":null}}],"line":38},"1":{"loc":{"start":{"line":53,"column":8},"end":{"line":57,"column":null}},"type":"if","locations":[{"start":{"line":53,"column":8},"end":{"line":57,"column":null}},{"start":{"line":56,"column":15},"end":{"line":57,"column":null}}],"line":53},"2":{"loc":{"start":{"line":68,"column":8},"end":{"line":74,"column":null}},"type":"if","locations":[{"start":{"line":68,"column":8},"end":{"line":74,"column":null}},{"start":{},"end":{}}],"line":68},"3":{"loc":{"start":{"line":86,"column":8},"end":{"line":92,"column":null}},"type":"if","locations":[{"start":{"line":86,"column":8},"end":{"line":92,"column":null}},{"start":{},"end":{}}],"line":86},"4":{"loc":{"start":{"line":106,"column":8},"end":{"line":107,"column":null}},"type":"if","locations":[{"start":{"line":106,"column":8},"end":{"line":107,"column":null}},{"start":{},"end":{}}],"line":106}},"s":{"0":9,"1":0,"2":0,"3":0,"4":0,"5":0,"6":0,"7":0,"8":0,"9":0,"10":0,"11":0,"12":0,"13":0,"14":0,"15":0,"16":0,"17":0,"18":0,"19":0,"20":0,"21":0,"22":0,"23":0,"24":0,"25":0,"26":0,"27":0,"28":0,"29":0,"30":0,"31":0,"32":0,"33":0,"34":0,"35":0,"36":0,"37":0,"38":0,"39":0,"40":0,"41":0,"42":0,"43":0,"44":0,"45":0,"46":0,"47":0,"48":0,"49":0,"50":0,"51":0,"52":0,"53":7},"f":{"0":0,"1":0,"2":0,"3":0,"4":0,"5":0,"6":0,"7":0,"8":7},"b":{"0":[0,0],"1":[0,0],"2":[0,0],"3":[0,0],"4":[0,0]},"meta":{"lastBranch":5,"lastFunction":9,"lastStatement":54,"seen":{"s:25:13:25:64":0,"f:27:16:27:29":0,"s:28:17:28:55":1,"s:29:18:29:84":2,"s:30:22:30:52":3,"s:32:22:48:Infinity":4,"f:32:22:32:29":1,"s:33:8:48:Infinity":5,"s:34:24:36:14":6,"s:37:25:37:41":7,"b:38:12:43:Infinity:40:19:43:Infinity":0,"s:38:12:43:Infinity":8,"s:39:16:39:Infinity":9,"s:41:16:41:Infinity":10,"s:42:16:42:Infinity":11,"s:43:16:43:Infinity":12,"s:46:12:46:Infinity":13,"s:47:12:47:Infinity":14,"s:48:12:48:Infinity":15,"s:52:4:59:Infinity":16,"f:52:4:52:20":2,"b:53:8:57:Infinity:56:15:57:Infinity":1,"s:53:8:57:Infinity":17,"s:55:12:55:Infinity":18,"f:55:29:55:43":3,"s:55:43:55:62":19,"s:57:12:57:Infinity":20,"s:61:18:76:Infinity":21,"f:61:18:61:25":4,"s:62:20:66:10":22,"s:67:21:67:37":23,"b:68:8:74:Infinity:undefined:undefined:undefined:undefined":2,"s:68:8:74:Infinity":24,"s:69:12:69:Infinity":25,"s:70:12:70:Infinity":26,"s:71:12:71:Infinity":27,"s:72:12:72:Infinity":28,"s:73:12:73:Infinity":29,"s:74:12:74:Infinity":30,"s:76:8:76:Infinity":31,"s:79:21:94:Infinity":32,"f:79:21:79:28":5,"s:80:20:84:10":33,"s:85:21:85:37":34,"b:86:8:92:Infinity:undefined:undefined:undefined:undefined":3,"s:86:8:92:Infinity":35,"s:87:12:87:Infinity":36,"s:88:12:88:Infinity":37,"s:89:12:89:Infinity":38,"s:90:12:90:Infinity":39,"s:91:12:91:Infinity":40,"s:92:12:92:Infinity":41,"s:94:8:94:Infinity":42,"s:97:10:102:Infinity":43,"f:97:10:97:25":6,"s:98:8:98:Infinity":44,"s:99:8:99:Infinity":45,"s:100:8:100:Infinity":46,"s:101:8:101:Infinity":47,"s:102:8:102:Infinity":48,"s:105:24:107:Infinity":49,"f:105:24:105:36":7,"b:106:8:107:Infinity:undefined:undefined:undefined:undefined":4,"s:106:8:107:Infinity":50,"s:107:12:107:Infinity":51,"s:111:4:114:Infinity":52,"f:119:16:119:26":8,"s:120:4:120:Infinity":53}}}
,"/app/src/auth/ProtectedRoute.tsx": {"path":"/app/src/auth/ProtectedRoute.tsx","statementMap":{"0":{"start":{"line":5,"column":18},"end":{"line":5,"column":41}},"1":{"start":{"line":7,"column":4},"end":{"line":7,"column":null}},"2":{"start":{"line":7,"column":19},"end":{"line":7,"column":null}},"3":{"start":{"line":9,"column":4},"end":{"line":11,"column":null}},"4":{"start":{"line":10,"column":8},"end":{"line":10,"column":null}},"5":{"start":{"line":11,"column":8},"end":{"line":11,"column":null}},"6":{"start":{"line":14,"column":4},"end":{"line":14,"column":null}}},"fnMap":{"0":{"name":"ProtectedRoute","decl":{"start":{"line":4,"column":24},"end":{"line":4,"column":39}},"loc":{"start":{"line":4,"column":84},"end":{"line":14,"column":null}},"line":4}},"branchMap":{"0":{"loc":{"start":{"line":7,"column":4},"end":{"line":7,"column":null}},"type":"if","locations":[{"start":{"line":7,"column":4},"end":{"line":7,"column":null}},{"start":{},"end":{}}],"line":7},"1":{"loc":{"start":{"line":9,"column":4},"end":{"line":11,"column":null}},"type":"if","locations":[{"start":{"line":9,"column":4},"end":{"line":11,"column":null}},{"start":{},"end":{}}],"line":9}},"s":{"0":3,"1":3,"2":1,"3":2,"4":1,"5":1,"6":1},"f":{"0":3},"b":{"0":[1,2],"1":[1,1]},"meta":{"lastBranch":2,"lastFunction":1,"lastStatement":7,"seen":{"f:4:24:4:39":0,"s:5:18:5:41":0,"b:7:4:7:Infinity:undefined:undefined:undefined:undefined":0,"s:7:4:7:Infinity":1,"s:7:19:7:Infinity":2,"b:9:4:11:Infinity:undefined:undefined:undefined:undefined":1,"s:9:4:11:Infinity":3,"s:10:8:10:Infinity":4,"s:11:8:11:Infinity":5,"s:14:4:14:Infinity":6}}}
,"/app/src/components/Login/Login.module.scss": {"path":"/app/src/components/Login/Login.module.scss","statementMap":{},"fnMap":{},"branchMap":{},"s":{},"f":{},"b":{},"meta":{"lastBranch":0,"lastFunction":0,"lastStatement":0,"seen":{}}}
,"/app/src/components/Login/Login.tsx": {"path":"/app/src/components/Login/Login.tsx","statementMap":{"0":{"start":{"line":6,"column":19},"end":{"line":6,"column":41}},"1":{"start":{"line":7,"column":23},"end":{"line":7,"column":55}},"2":{"start":{"line":8,"column":17},"end":{"line":8,"column":40}},"3":{"start":{"line":9,"column":21},"end":{"line":9,"column":48}},"4":{"start":{"line":10,"column":18},"end":{"line":10,"column":42}},"5":{"start":{"line":11,"column":18},"end":{"line":11,"column":42}},"6":{"start":{"line":12,"column":18},"end":{"line":12,"column":42}},"7":{"start":{"line":14,"column":25},"end":{"line":26,"column":null}},"8":{"start":{"line":15,"column":8},"end":{"line":15,"column":null}},"9":{"start":{"line":16,"column":8},"end":{"line":16,"column":null}},"10":{"start":{"line":19,"column":8},"end":{"line":22,"column":null}},"11":{"start":{"line":20,"column":12},"end":{"line":20,"column":null}},"12":{"start":{"line":22,"column":12},"end":{"line":22,"column":null}},"13":{"start":{"line":25,"column":8},"end":{"line":26,"column":null}},"14":{"start":{"line":26,"column":12},"end":{"line":26,"column":null}},"15":{"start":{"line":30,"column":4},"end":{"line":79,"column":null}},"16":{"start":{"line":41,"column":47},"end":{"line":41,"column":70}},"17":{"start":{"line":48,"column":47},"end":{"line":48,"column":74}},"18":{"start":{"line":57,"column":39},"end":{"line":57,"column":63}},"19":{"start":{"line":64,"column":39},"end":{"line":64,"column":63}},"20":{"start":{"line":74,"column":45},"end":{"line":74,"column":73}},"21":{"start":{"line":74,"column":73},"end":{"line":74,"column":null}}},"fnMap":{"0":{"name":"Login","decl":{"start":{"line":5,"column":24},"end":{"line":5,"column":32}},"loc":{"start":{"line":5,"column":32},"end":{"line":79,"column":null}},"line":5},"1":{"name":"(anonymous_1)","decl":{"start":{"line":14,"column":25},"end":{"line":14,"column":32}},"loc":{"start":{"line":14,"column":55},"end":{"line":26,"column":null}},"line":14},"2":{"name":"(anonymous_2)","decl":{"start":{"line":41,"column":32},"end":{"line":41,"column":42}},"loc":{"start":{"line":41,"column":47},"end":{"line":41,"column":70}},"line":41},"3":{"name":"(anonymous_3)","decl":{"start":{"line":48,"column":32},"end":{"line":48,"column":42}},"loc":{"start":{"line":48,"column":47},"end":{"line":48,"column":74}},"line":48},"4":{"name":"(anonymous_4)","decl":{"start":{"line":57,"column":24},"end":{"line":57,"column":34}},"loc":{"start":{"line":57,"column":39},"end":{"line":57,"column":63}},"line":57},"5":{"name":"(anonymous_5)","decl":{"start":{"line":64,"column":24},"end":{"line":64,"column":34}},"loc":{"start":{"line":64,"column":39},"end":{"line":64,"column":63}},"line":64},"6":{"name":"(anonymous_6)","decl":{"start":{"line":74,"column":28},"end":{"line":74,"column":43}},"loc":{"start":{"line":74,"column":43},"end":{"line":74,"column":null}},"line":74}},"branchMap":{"0":{"loc":{"start":{"line":19,"column":8},"end":{"line":22,"column":null}},"type":"if","locations":[{"start":{"line":19,"column":8},"end":{"line":22,"column":null}},{"start":{"line":21,"column":15},"end":{"line":22,"column":null}}],"line":19},"1":{"loc":{"start":{"line":25,"column":8},"end":{"line":26,"column":null}},"type":"if","locations":[{"start":{"line":25,"column":8},"end":{"line":26,"column":null}},{"start":{},"end":{}}],"line":25},"2":{"loc":{"start":{"line":26,"column":21},"end":{"line":26,"column":87}},"type":"cond-expr","locations":[{"start":{"line":26,"column":34},"end":{"line":26,"column":55}},{"start":{"line":26,"column":55},"end":{"line":26,"column":87}}],"line":26},"3":{"loc":{"start":{"line":33,"column":21},"end":{"line":33,"column":73}},"type":"cond-expr","locations":[{"start":{"line":33,"column":34},"end":{"line":33,"column":54}},{"start":{"line":33,"column":54},"end":{"line":33,"column":73}}],"line":33},"4":{"loc":{"start":{"line":35,"column":21},"end":{"line":51,"column":null}},"type":"binary-expr","locations":[{"start":{"line":35,"column":21},"end":{"line":35,"column":null}},{"start":{"line":36,"column":24},"end":{"line":51,"column":null}}],"line":35},"5":{"loc":{"start":{"line":67,"column":21},"end":{"line":67,"column":null}},"type":"binary-expr","locations":[{"start":{"line":67,"column":21},"end":{"line":67,"column":30}},{"start":{"line":67,"column":30},"end":{"line":67,"column":null}}],"line":67},"6":{"loc":{"start":{"line":69,"column":25},"end":{"line":69,"column":null}},"type":"cond-expr","locations":[{"start":{"line":69,"column":38},"end":{"line":69,"column":54}},{"start":{"line":69,"column":54},"end":{"line":69,"column":null}}],"line":69},"7":{"loc":{"start":{"line":73,"column":21},"end":{"line":73,"column":73}},"type":"cond-expr","locations":[{"start":{"line":73,"column":34},"end":{"line":73,"column":54}},{"start":{"line":73,"column":54},"end":{"line":73,"column":73}}],"line":73},"8":{"loc":{"start":{"line":75,"column":25},"end":{"line":75,"column":null}},"type":"cond-expr","locations":[{"start":{"line":75,"column":38},"end":{"line":75,"column":54}},{"start":{"line":75,"column":54},"end":{"line":75,"column":null}}],"line":75}},"s":{"0":19,"1":19,"2":19,"3":19,"4":19,"5":19,"6":19,"7":19,"8":3,"9":3,"10":3,"11":1,"12":2,"13":3,"14":1,"15":19,"16":1,"17":1,"18":3,"19":3,"20":2,"21":2},"f":{"0":19,"1":3,"2":1,"3":1,"4":3,"5":3,"6":2},"b":{"0":[1,2],"1":[1,2],"2":[0,1],"3":[7,12],"4":[19,7],"5":[19,1],"6":[7,12],"7":[7,12],"8":[7,12]},"meta":{"lastBranch":9,"lastFunction":7,"lastStatement":22,"seen":{"f:5:24:5:32":0,"s:6:19:6:41":0,"s:7:23:7:55":1,"s:8:17:8:40":2,"s:9:21:9:48":3,"s:10:18:10:42":4,"s:11:18:11:42":5,"s:12:18:12:42":6,"s:14:25:26:Infinity":7,"f:14:25:14:32":1,"s:15:8:15:Infinity":8,"s:16:8:16:Infinity":9,"b:19:8:22:Infinity:21:15:22:Infinity":0,"s:19:8:22:Infinity":10,"s:20:12:20:Infinity":11,"s:22:12:22:Infinity":12,"b:25:8:26:Infinity:undefined:undefined:undefined:undefined":1,"s:25:8:26:Infinity":13,"s:26:12:26:Infinity":14,"b:26:34:26:55:26:55:26:87":2,"s:30:4:79:Infinity":15,"b:33:34:33:54:33:54:33:73":3,"b:35:21:35:Infinity:36:24:51:Infinity":4,"f:41:32:41:42":2,"s:41:47:41:70":16,"f:48:32:48:42":3,"s:48:47:48:74":17,"f:57:24:57:34":4,"s:57:39:57:63":18,"f:64:24:64:34":5,"s:64:39:64:63":19,"b:67:21:67:30:67:30:67:Infinity":5,"b:69:38:69:54:69:54:69:Infinity":6,"b:73:34:73:54:73:54:73:73":7,"f:74:28:74:43":6,"s:74:45:74:73":20,"s:74:73:74:Infinity":21,"b:75:38:75:54:75:54:75:Infinity":8}}}
,"/app/src/components/Match/Match.module.scss": {"path":"/app/src/components/Match/Match.module.scss","statementMap":{},"fnMap":{},"branchMap":{},"s":{},"f":{},"b":{},"meta":{"lastBranch":0,"lastFunction":0,"lastStatement":0,"seen":{}}}
,"/app/src/components/Match/Match.tsx": {"path":"/app/src/components/Match/Match.tsx","statementMap":{"0":{"start":{"line":5,"column":17},"end":{"line":5,"column":45}},"1":{"start":{"line":6,"column":18},"end":{"line":6,"column":28}},"2":{"start":{"line":7,"column":20},"end":{"line":7,"column":null}},"3":{"start":{"line":8,"column":23},"end":{"line":8,"column":55}},"4":{"start":{"line":10,"column":19},"end":{"line":10,"column":51}},"5":{"start":{"line":11,"column":22},"end":{"line":11,"column":null}},"6":{"start":{"line":13,"column":21},"end":{"line":13,"column":null}},"7":{"start":{"line":15,"column":10},"end":{"line":37,"column":null}},"8":{"start":{"line":16,"column":8},"end":{"line":21,"column":null}},"9":{"start":{"line":17,"column":12},"end":{"line":21,"column":null}},"10":{"start":{"line":25,"column":8},"end":{"line":26,"column":null}},"11":{"start":{"line":26,"column":12},"end":{"line":26,"column":null}},"12":{"start":{"line":29,"column":8},"end":{"line":32,"column":null}},"13":{"start":{"line":30,"column":12},"end":{"line":32,"column":null}},"14":{"start":{"line":37,"column":8},"end":{"line":37,"column":null}},"15":{"start":{"line":40,"column":4},"end":{"line":57,"column":null}}},"fnMap":{"0":{"name":"Match","decl":{"start":{"line":4,"column":24},"end":{"line":4,"column":30}},"loc":{"start":{"line":4,"column":47},"end":{"line":57,"column":null}},"line":4},"1":{"name":"(anonymous_1)","decl":{"start":{"line":15,"column":10},"end":{"line":15,"column":31}},"loc":{"start":{"line":15,"column":31},"end":{"line":37,"column":null}},"line":15}},"branchMap":{"0":{"loc":{"start":{"line":13,"column":21},"end":{"line":13,"column":null}},"type":"binary-expr","locations":[{"start":{"line":13,"column":21},"end":{"line":13,"column":48}},{"start":{"line":13,"column":48},"end":{"line":13,"column":null}}],"line":13},"1":{"loc":{"start":{"line":16,"column":8},"end":{"line":21,"column":null}},"type":"if","locations":[{"start":{"line":16,"column":8},"end":{"line":21,"column":null}},{"start":{},"end":{}}],"line":16},"2":{"loc":{"start":{"line":25,"column":8},"end":{"line":26,"column":null}},"type":"if","locations":[{"start":{"line":25,"column":8},"end":{"line":26,"column":null}},{"start":{},"end":{}}],"line":25},"3":{"loc":{"start":{"line":25,"column":12},"end":{"line":25,"column":46}},"type":"binary-expr","locations":[{"start":{"line":25,"column":12},"end":{"line":25,"column":30}},{"start":{"line":25,"column":30},"end":{"line":25,"column":46}}],"line":25},"4":{"loc":{"start":{"line":29,"column":8},"end":{"line":32,"column":null}},"type":"if","locations":[{"start":{"line":29,"column":8},"end":{"line":32,"column":null}},{"start":{},"end":{}}],"line":29},"5":{"loc":{"start":{"line":41,"column":47},"end":{"line":41,"column":null}},"type":"cond-expr","locations":[{"start":{"line":41,"column":58},"end":{"line":41,"column":75}},{"start":{"line":41,"column":75},"end":{"line":41,"column":null}}],"line":41}},"s":{"0":1,"1":1,"2":1,"3":1,"4":1,"5":1,"6":1,"7":1,"8":1,"9":0,"10":1,"11":1,"12":0,"13":0,"14":0,"15":1},"f":{"0":1,"1":1},"b":{"0":[1,0],"1":[0,1],"2":[1,0],"3":[1,1],"4":[0,0],"5":[1,0]},"meta":{"lastBranch":6,"lastFunction":2,"lastStatement":16,"seen":{"f:4:24:4:30":0,"s:5:17:5:45":0,"s:6:18:6:28":1,"s:7:20:7:Infinity":2,"s:8:23:8:55":3,"s:10:19:10:51":4,"s:11:22:11:Infinity":5,"s:13:21:13:Infinity":6,"b:13:21:13:48:13:48:13:Infinity":0,"s:15:10:37:Infinity":7,"f:15:10:15:31":1,"b:16:8:21:Infinity:undefined:undefined:undefined:undefined":1,"s:16:8:21:Infinity":8,"s:17:12:21:Infinity":9,"b:25:8:26:Infinity:undefined:undefined:undefined:undefined":2,"s:25:8:26:Infinity":10,"b:25:12:25:30:25:30:25:46":3,"s:26:12:26:Infinity":11,"b:29:8:32:Infinity:undefined:undefined:undefined:undefined":4,"s:29:8:32:Infinity":12,"s:30:12:32:Infinity":13,"s:37:8:37:Infinity":14,"s:40:4:57:Infinity":15,"b:41:58:41:75:41:75:41:Infinity":5}}}
,"/app/src/components/Menu/Menu.module.scss": {"path":"/app/src/components/Menu/Menu.module.scss","statementMap":{},"fnMap":{},"branchMap":{},"s":{},"f":{},"b":{},"meta":{"lastBranch":0,"lastFunction":0,"lastStatement":0,"seen":{}}}
,"/app/src/components/Menu/Menu.tsx": {"path":"/app/src/components/Menu/Menu.tsx","statementMap":{"0":{"start":{"line":8,"column":18},"end":{"line":8,"column":38}},"1":{"start":{"line":10,"column":4},"end":{"line":53,"column":null}}},"fnMap":{"0":{"name":"Menu","decl":{"start":{"line":7,"column":24},"end":{"line":7,"column":31}},"loc":{"start":{"line":7,"column":31},"end":{"line":53,"column":null}},"line":7}},"branchMap":{"0":{"loc":{"start":{"line":34,"column":21},"end":{"line":40,"column":null}},"type":"cond-expr","locations":[{"start":{"line":35,"column":24},"end":{"line":40,"column":25}},{"start":{"line":40,"column":24},"end":{"line":40,"column":null}}],"line":34}},"s":{"0":4,"1":4},"f":{"0":4},"b":{"0":[2,2]},"meta":{"lastBranch":1,"lastFunction":1,"lastStatement":2,"seen":{"f:7:24:7:31":0,"s:8:18:8:38":0,"s:10:4:53:Infinity":1,"b:35:24:40:25:40:24:40:Infinity":0}}}
,"/app/src/components/News/News.module.scss": {"path":"/app/src/components/News/News.module.scss","statementMap":{},"fnMap":{},"branchMap":{},"s":{},"f":{},"b":{},"meta":{"lastBranch":0,"lastFunction":0,"lastStatement":0,"seen":{}}}
,"/app/src/components/News/News.tsx": {"path":"/app/src/components/News/News.tsx","statementMap":{"0":{"start":{"line":5,"column":4},"end":{"line":16,"column":null}},"1":{"start":{"line":16,"column":20},"end":{"line":16,"column":null}}},"fnMap":{"0":{"name":"News","decl":{"start":{"line":4,"column":24},"end":{"line":4,"column":29}},"loc":{"start":{"line":4,"column":59},"end":{"line":16,"column":null}},"line":4},"1":{"name":"(anonymous_1)","decl":{"start":{"line":15,"column":30},"end":{"line":15,"column":35}},"loc":{"start":{"line":16,"column":20},"end":{"line":16,"column":null}},"line":16}},"branchMap":{},"s":{"0":4,"1":2},"f":{"0":4,"1":2},"b":{},"meta":{"lastBranch":0,"lastFunction":2,"lastStatement":2,"seen":{"f:4:24:4:29":0,"s:5:4:16:Infinity":0,"f:15:30:15:35":1,"s:16:20:16:Infinity":1}}}
,"/app/src/components/News/NewsMini.module.scss": {"path":"/app/src/components/News/NewsMini.module.scss","statementMap":{},"fnMap":{},"branchMap":{},"s":{},"f":{},"b":{},"meta":{"lastBranch":0,"lastFunction":0,"lastStatement":0,"seen":{}}}
,"/app/src/components/News/NewsMini.tsx": {"path":"/app/src/components/News/NewsMini.tsx","statementMap":{"0":{"start":{"line":5,"column":4},"end":{"line":14,"column":null}}},"fnMap":{"0":{"name":"NewsMini","decl":{"start":{"line":4,"column":24},"end":{"line":4,"column":33}},"loc":{"start":{"line":4,"column":63},"end":{"line":14,"column":null}},"line":4}},"branchMap":{},"s":{"0":4},"f":{"0":4},"b":{},"meta":{"lastBranch":0,"lastFunction":1,"lastStatement":1,"seen":{"f:4:24:4:33":0,"s:5:4:14:Infinity":0}}}
,"/app/src/components/Order/Order.module.scss": {"path":"/app/src/components/Order/Order.module.scss","statementMap":{},"fnMap":{},"branchMap":{},"s":{},"f":{},"b":{},"meta":{"lastBranch":0,"lastFunction":0,"lastStatement":0,"seen":{}}}
,"/app/src/components/Order/Order.tsx": {"path":"/app/src/components/Order/Order.tsx","statementMap":{"0":{"start":{"line":8,"column":10},"end":{"line":8,"column":34}},"1":{"start":{"line":9,"column":12},"end":{"line":9,"column":30}},"2":{"start":{"line":10,"column":17},"end":{"line":10,"column":60}},"3":{"start":{"line":11,"column":25},"end":{"line":11,"column":56}},"4":{"start":{"line":12,"column":28},"end":{"line":12,"column":65}},"5":{"start":{"line":13,"column":24},"end":{"line":13,"column":57}},"6":{"start":{"line":14,"column":24},"end":{"line":14,"column":54}},"7":{"start":{"line":16,"column":32},"end":{"line":16,"column":null}},"8":{"start":{"line":18,"column":4},"end":{"line":24,"column":null}},"9":{"start":{"line":19,"column":26},"end":{"line":19,"column":54}},"10":{"start":{"line":20,"column":8},"end":{"line":22,"column":null}},"11":{"start":{"line":22,"column":12},"end":{"line":22,"column":null}},"12":{"start":{"line":26,"column":10},"end":{"line":32,"column":null}},"13":{"start":{"line":27,"column":20},"end":{"line":27,"column":null}},"14":{"start":{"line":28,"column":8},"end":{"line":30,"column":null}},"15":{"start":{"line":29,"column":26},"end":{"line":29,"column":128}},"16":{"start":{"line":30,"column":12},"end":{"line":30,"column":null}},"17":{"start":{"line":32,"column":8},"end":{"line":32,"column":null}},"18":{"start":{"line":35,"column":10},"end":{"line":38,"column":null}},"19":{"start":{"line":36,"column":27},"end":{"line":36,"column":null}},"20":{"start":{"line":37,"column":8},"end":{"line":37,"column":null}},"21":{"start":{"line":37,"column":29},"end":{"line":37,"column":null}},"22":{"start":{"line":38,"column":8},"end":{"line":38,"column":null}},"23":{"start":{"line":41,"column":10},"end":{"line":48,"column":null}},"24":{"start":{"line":42,"column":8},"end":{"line":42,"column":null}},"25":{"start":{"line":42,"column":42},"end":{"line":42,"column":80}},"26":{"start":{"line":42,"column":80},"end":{"line":42,"column":null}},"27":{"start":{"line":43,"column":8},"end":{"line":43,"column":null}},"28":{"start":{"line":43,"column":50},"end":{"line":43,"column":96}},"29":{"start":{"line":43,"column":96},"end":{"line":43,"column":null}},"30":{"start":{"line":44,"column":8},"end":{"line":44,"column":null}},"31":{"start":{"line":44,"column":31},"end":{"line":44,"column":71}},"32":{"start":{"line":44,"column":71},"end":{"line":44,"column":null}},"33":{"start":{"line":45,"column":8},"end":{"line":45,"column":null}},"34":{"start":{"line":46,"column":8},"end":{"line":46,"column":null}},"35":{"start":{"line":47,"column":8},"end":{"line":47,"column":null}},"36":{"start":{"line":48,"column":8},"end":{"line":48,"column":null}},"37":{"start":{"line":48,"column":25},"end":{"line":48,"column":43}},"38":{"start":{"line":51,"column":10},"end":{"line":52,"column":null}},"39":{"start":{"line":52,"column":8},"end":{"line":52,"column":null}},"40":{"start":{"line":55,"column":10},"end":{"line":56,"column":null}},"41":{"start":{"line":56,"column":8},"end":{"line":56,"column":null}},"42":{"start":{"line":59,"column":10},"end":{"line":60,"column":null}},"43":{"start":{"line":60,"column":8},"end":{"line":60,"column":null}},"44":{"start":{"line":63,"column":10},"end":{"line":71,"column":null}},"45":{"start":{"line":64,"column":20},"end":{"line":64,"column":30}},"46":{"start":{"line":65,"column":8},"end":{"line":71,"column":null}},"47":{"start":{"line":74,"column":23},"end":{"line":121,"column":null}},"48":{"start":{"line":75,"column":28},"end":{"line":75,"column":49}},"49":{"start":{"line":76,"column":30},"end":{"line":76,"column":48}},"50":{"start":{"line":77,"column":32},"end":{"line":77,"column":57}},"51":{"start":{"line":78,"column":27},"end":{"line":78,"column":47}},"52":{"start":{"line":80,"column":26},"end":{"line":102,"column":null}},"53":{"start":{"line":84,"column":34},"end":{"line":84,"column":136}},"54":{"start":{"line":85,"column":44},"end":{"line":85,"column":null}},"55":{"start":{"line":86,"column":16},"end":{"line":94,"column":null}},"56":{"start":{"line":104,"column":8},"end":{"line":121,"column":null}},"57":{"start":{"line":105,"column":29},"end":{"line":109,"column":14}},"58":{"start":{"line":111,"column":12},"end":{"line":117,"column":null}},"59":{"start":{"line":112,"column":16},"end":{"line":112,"column":null}},"60":{"start":{"line":113,"column":16},"end":{"line":113,"column":null}},"61":{"start":{"line":114,"column":16},"end":{"line":114,"column":null}},"62":{"start":{"line":115,"column":16},"end":{"line":115,"column":null}},"63":{"start":{"line":115,"column":33},"end":{"line":115,"column":51}},"64":{"start":{"line":117,"column":16},"end":{"line":117,"column":null}},"65":{"start":{"line":120,"column":12},"end":{"line":120,"column":null}},"66":{"start":{"line":121,"column":12},"end":{"line":121,"column":null}},"67":{"start":{"line":125,"column":4},"end":{"line":131,"column":null}},"68":{"start":{"line":126,"column":8},"end":{"line":131,"column":null}},"69":{"start":{"line":136,"column":4},"end":{"line":140,"column":null}},"70":{"start":{"line":137,"column":8},"end":{"line":140,"column":null}},"71":{"start":{"line":140,"column":39},"end":{"line":140,"column":57}},"72":{"start":{"line":145,"column":26},"end":{"line":145,"column":44}},"73":{"start":{"line":146,"column":23},"end":{"line":146,"column":43}},"74":{"start":{"line":147,"column":26},"end":{"line":147,"column":44}},"75":{"start":{"line":148,"column":28},"end":{"line":148,"column":53}},"76":{"start":{"line":150,"column":4},"end":{"line":214,"column":null}},"77":{"start":{"line":153,"column":75},"end":{"line":153,"column":93}},"78":{"start":{"line":171,"column":38},"end":{"line":171,"column":140}},"79":{"start":{"line":172,"column":48},"end":{"line":172,"column":null}},"80":{"start":{"line":173,"column":20},"end":{"line":186,"column":null}},"81":{"start":{"line":208,"column":110},"end":{"line":208,"column":141}}},"fnMap":{"0":{"name":"Order","decl":{"start":{"line":7,"column":24},"end":{"line":7,"column":32}},"loc":{"start":{"line":7,"column":32},"end":{"line":214,"column":null}},"line":7},"1":{"name":"(anonymous_1)","decl":{"start":{"line":18,"column":4},"end":{"line":18,"column":20}},"loc":{"start":{"line":18,"column":20},"end":{"line":24,"column":9}},"line":18},"2":{"name":"(anonymous_2)","decl":{"start":{"line":26,"column":10},"end":{"line":26,"column":43}},"loc":{"start":{"line":26,"column":43},"end":{"line":32,"column":null}},"line":26},"3":{"name":"(anonymous_3)","decl":{"start":{"line":35,"column":10},"end":{"line":35,"column":50}},"loc":{"start":{"line":35,"column":50},"end":{"line":38,"column":null}},"line":35},"4":{"name":"(anonymous_4)","decl":{"start":{"line":41,"column":10},"end":{"line":41,"column":32}},"loc":{"start":{"line":41,"column":32},"end":{"line":48,"column":null}},"line":41},"5":{"name":"(anonymous_5)","decl":{"start":{"line":48,"column":8},"end":{"line":48,"column":25}},"loc":{"start":{"line":48,"column":25},"end":{"line":48,"column":43}},"line":48},"6":{"name":"(anonymous_6)","decl":{"start":{"line":51,"column":10},"end":{"line":51,"column":45}},"loc":{"start":{"line":51,"column":45},"end":{"line":52,"column":null}},"line":51},"7":{"name":"(anonymous_7)","decl":{"start":{"line":55,"column":10},"end":{"line":55,"column":43}},"loc":{"start":{"line":55,"column":43},"end":{"line":56,"column":null}},"line":55},"8":{"name":"(anonymous_8)","decl":{"start":{"line":59,"column":10},"end":{"line":59,"column":25}},"loc":{"start":{"line":59,"column":51},"end":{"line":60,"column":null}},"line":59},"9":{"name":"(anonymous_9)","decl":{"start":{"line":63,"column":10},"end":{"line":63,"column":46}},"loc":{"start":{"line":63,"column":46},"end":{"line":71,"column":null}},"line":63},"10":{"name":"(anonymous_10)","decl":{"start":{"line":74,"column":23},"end":{"line":74,"column":35}},"loc":{"start":{"line":74,"column":35},"end":{"line":121,"column":null}},"line":74},"11":{"name":"(anonymous_11)","decl":{"start":{"line":83,"column":24},"end":{"line":83,"column":28}},"loc":{"start":{"line":83,"column":36},"end":{"line":95,"column":null}},"line":83},"12":{"name":"(anonymous_12)","decl":{"start":{"line":115,"column":16},"end":{"line":115,"column":33}},"loc":{"start":{"line":115,"column":33},"end":{"line":115,"column":51}},"line":115},"13":{"name":"(anonymous_13)","decl":{"start":{"line":140,"column":24},"end":{"line":140,"column":39}},"loc":{"start":{"line":140,"column":39},"end":{"line":140,"column":57}},"line":140},"14":{"name":"(anonymous_14)","decl":{"start":{"line":153,"column":60},"end":{"line":153,"column":75}},"loc":{"start":{"line":153,"column":75},"end":{"line":153,"column":93}},"line":153},"15":{"name":"(anonymous_15)","decl":{"start":{"line":170,"column":22},"end":{"line":170,"column":27}},"loc":{"start":{"line":170,"column":54},"end":{"line":188,"column":null}},"line":170},"16":{"name":"(anonymous_16)","decl":{"start":{"line":208,"column":93},"end":{"line":208,"column":104}},"loc":{"start":{"line":208,"column":110},"end":{"line":208,"column":141}},"line":208}},"branchMap":{"0":{"loc":{"start":{"line":16,"column":32},"end":{"line":16,"column":null}},"type":"cond-expr","locations":[{"start":{"line":16,"column":55},"end":{"line":16,"column":82}},{"start":{"line":16,"column":82},"end":{"line":16,"column":null}}],"line":16},"1":{"loc":{"start":{"line":20,"column":8},"end":{"line":22,"column":null}},"type":"if","locations":[{"start":{"line":20,"column":8},"end":{"line":22,"column":null}},{"start":{},"end":{}}],"line":20},"2":{"loc":{"start":{"line":29,"column":26},"end":{"line":29,"column":128}},"type":"cond-expr","locations":[{"start":{"line":29,"column":67},"end":{"line":29,"column":88}},{"start":{"line":29,"column":88},"end":{"line":29,"column":128}}],"line":29},"3":{"loc":{"start":{"line":37,"column":8},"end":{"line":37,"column":null}},"type":"if","locations":[{"start":{"line":37,"column":8},"end":{"line":37,"column":null}},{"start":{},"end":{}}],"line":37},"4":{"loc":{"start":{"line":42,"column":8},"end":{"line":42,"column":null}},"type":"if","locations":[{"start":{"line":42,"column":8},"end":{"line":42,"column":null}},{"start":{},"end":{}}],"line":42},"5":{"loc":{"start":{"line":43,"column":8},"end":{"line":43,"column":null}},"type":"if","locations":[{"start":{"line":43,"column":8},"end":{"line":43,"column":null}},{"start":{},"end":{}}],"line":43},"6":{"loc":{"start":{"line":44,"column":8},"end":{"line":44,"column":null}},"type":"if","locations":[{"start":{"line":44,"column":8},"end":{"line":44,"column":null}},{"start":{},"end":{}}],"line":44},"7":{"loc":{"start":{"line":84,"column":34},"end":{"line":84,"column":136}},"type":"cond-expr","locations":[{"start":{"line":84,"column":75},"end":{"line":84,"column":96}},{"start":{"line":84,"column":96},"end":{"line":84,"column":136}}],"line":84},"8":{"loc":{"start":{"line":89,"column":26},"end":{"line":89,"column":null}},"type":"binary-expr","locations":[{"start":{"line":89,"column":26},"end":{"line":89,"column":39}},{"start":{"line":89,"column":39},"end":{"line":89,"column":null}}],"line":89},"9":{"loc":{"start":{"line":90,"column":32},"end":{"line":90,"column":null}},"type":"binary-expr","locations":[{"start":{"line":90,"column":32},"end":{"line":90,"column":51}},{"start":{"line":90,"column":51},"end":{"line":90,"column":null}}],"line":90},"10":{"loc":{"start":{"line":100,"column":33},"end":{"line":100,"column":null}},"type":"cond-expr","locations":[{"start":{"line":100,"column":51},"end":{"line":100,"column":64}},{"start":{"line":100,"column":64},"end":{"line":100,"column":null}}],"line":100},"11":{"loc":{"start":{"line":111,"column":12},"end":{"line":117,"column":null}},"type":"if","locations":[{"start":{"line":111,"column":12},"end":{"line":117,"column":null}},{"start":{"line":116,"column":19},"end":{"line":117,"column":null}}],"line":111},"12":{"loc":{"start":{"line":125,"column":4},"end":{"line":131,"column":null}},"type":"if","locations":[{"start":{"line":125,"column":4},"end":{"line":131,"column":null}},{"start":{},"end":{}}],"line":125},"13":{"loc":{"start":{"line":136,"column":4},"end":{"line":140,"column":null}},"type":"if","locations":[{"start":{"line":136,"column":4},"end":{"line":140,"column":null}},{"start":{},"end":{}}],"line":136},"14":{"loc":{"start":{"line":157,"column":13},"end":{"line":162,"column":null}},"type":"binary-expr","locations":[{"start":{"line":157,"column":13},"end":{"line":157,"column":null}},{"start":{"line":158,"column":16},"end":{"line":162,"column":null}}],"line":157},"15":{"loc":{"start":{"line":160,"column":21},"end":{"line":162,"column":null}},"type":"binary-expr","locations":[{"start":{"line":160,"column":21},"end":{"line":160,"column":null}},{"start":{"line":161,"column":24},"end":{"line":162,"column":null}}],"line":160},"16":{"loc":{"start":{"line":162,"column":39},"end":{"line":162,"column":157}},"type":"cond-expr","locations":[{"start":{"line":162,"column":75},"end":{"line":162,"column":91}},{"start":{"line":162,"column":91},"end":{"line":162,"column":157}}],"line":162},"17":{"loc":{"start":{"line":162,"column":91},"end":{"line":162,"column":157}},"type":"cond-expr","locations":[{"start":{"line":162,"column":127},"end":{"line":162,"column":143}},{"start":{"line":162,"column":143},"end":{"line":162,"column":157}}],"line":162},"18":{"loc":{"start":{"line":171,"column":38},"end":{"line":171,"column":140}},"type":"cond-expr","locations":[{"start":{"line":171,"column":79},"end":{"line":171,"column":100}},{"start":{"line":171,"column":100},"end":{"line":171,"column":140}}],"line":171},"19":{"loc":{"start":{"line":177,"column":33},"end":{"line":177,"column":null}},"type":"binary-expr","locations":[{"start":{"line":177,"column":33},"end":{"line":177,"column":46}},{"start":{"line":177,"column":46},"end":{"line":177,"column":null}}],"line":177},"20":{"loc":{"start":{"line":178,"column":33},"end":{"line":178,"column":null}},"type":"binary-expr","locations":[{"start":{"line":178,"column":33},"end":{"line":178,"column":52}},{"start":{"line":178,"column":52},"end":{"line":178,"column":null}}],"line":178},"21":{"loc":{"start":{"line":182,"column":33},"end":{"line":182,"column":null}},"type":"binary-expr","locations":[{"start":{"line":182,"column":33},"end":{"line":182,"column":56}},{"start":{"line":182,"column":56},"end":{"line":182,"column":null}}],"line":182},"22":{"loc":{"start":{"line":193,"column":25},"end":{"line":193,"column":null}},"type":"binary-expr","locations":[{"start":{"line":193,"column":25},"end":{"line":193,"column":48}},{"start":{"line":193,"column":48},"end":{"line":193,"column":null}}],"line":193},"23":{"loc":{"start":{"line":196,"column":21},"end":{"line":199,"column":null}},"type":"binary-expr","locations":[{"start":{"line":196,"column":21},"end":{"line":196,"column":null}},{"start":{"line":197,"column":24},"end":{"line":199,"column":null}}],"line":196},"24":{"loc":{"start":{"line":209,"column":62},"end":{"line":209,"column":101}},"type":"binary-expr","locations":[{"start":{"line":209,"column":62},"end":{"line":209,"column":81}},{"start":{"line":209,"column":81},"end":{"line":209,"column":101}}],"line":209},"25":{"loc":{"start":{"line":211,"column":17},"end":{"line":211,"column":null}},"type":"binary-expr","locations":[{"start":{"line":211,"column":17},"end":{"line":211,"column":32}},{"start":{"line":211,"column":32},"end":{"line":211,"column":null}}],"line":211},"26":{"loc":{"start":{"line":211,"column":72},"end":{"line":211,"column":152}},"type":"cond-expr","locations":[{"start":{"line":211,"column":110},"end":{"line":211,"column":131}},{"start":{"line":211,"column":131},"end":{"line":211,"column":152}}],"line":211}},"s":{"0":25,"1":25,"2":25,"3":25,"4":25,"5":25,"6":25,"7":25,"8":25,"9":9,"10":9,"11":8,"12":25,"13":49,"14":49,"15":52,"16":52,"17":49,"18":25,"19":49,"20":49,"21":6,"22":49,"23":25,"24":3,"25":0,"26":0,"27":3,"28":1,"29":1,"30":2,"31":0,"32":0,"33":2,"34":2,"35":2,"36":2,"37":0,"38":25,"39":17,"40":25,"41":15,"42":25,"43":53,"44":25,"45":2,"46":2,"47":25,"48":2,"49":2,"50":2,"51":2,"52":2,"53":2,"54":2,"55":2,"56":2,"57":2,"58":1,"59":1,"60":1,"61":1,"62":1,"63":0,"64":0,"65":1,"66":1,"67":25,"68":1,"69":24,"70":9,"71":0,"72":15,"73":15,"74":15,"75":15,"76":15,"77":0,"78":16,"79":16,"80":16,"81":3},"f":{"0":25,"1":9,"2":49,"3":49,"4":3,"5":0,"6":17,"7":15,"8":53,"9":2,"10":2,"11":2,"12":0,"13":0,"14":0,"15":16,"16":3},"b":{"0":[0,25],"1":[8,1],"2":[52,0],"3":[6,43],"4":[0,3],"5":[1,2],"6":[0,2],"7":[2,0],"8":[2,0],"9":[2,2],"10":[0,2],"11":[1,0],"12":[1,24],"13":[9,15],"14":[15,0],"15":[0,0],"16":[0,0],"17":[0,0],"18":[16,0],"19":[16,16],"20":[16,0],"21":[16,2],"22":[25,2],"23":[25,2],"24":[25,13],"25":[25,4],"26":[2,2]},"meta":{"lastBranch":27,"lastFunction":17,"lastStatement":82,"seen":{"f:7:24:7:32":0,"s:8:10:8:34":0,"s:9:12:9:30":1,"s:10:17:10:60":2,"s:11:25:11:56":3,"s:12:28:12:65":4,"s:13:24:13:57":5,"s:14:24:14:54":6,"s:16:32:16:Infinity":7,"b:16:55:16:82:16:82:16:Infinity":0,"s:18:4:24:Infinity":8,"f:18:4:18:20":1,"s:19:26:19:54":9,"b:20:8:22:Infinity:undefined:undefined:undefined:undefined":1,"s:20:8:22:Infinity":10,"s:22:12:22:Infinity":11,"s:26:10:32:Infinity":12,"f:26:10:26:43":2,"s:27:20:27:Infinity":13,"s:28:8:30:Infinity":14,"s:29:26:29:128":15,"b:29:67:29:88:29:88:29:128":2,"s:30:12:30:Infinity":16,"s:32:8:32:Infinity":17,"s:35:10:38:Infinity":18,"f:35:10:35:50":3,"s:36:27:36:Infinity":19,"b:37:8:37:Infinity:undefined:undefined:undefined:undefined":3,"s:37:8:37:Infinity":20,"s:37:29:37:Infinity":21,"s:38:8:38:Infinity":22,"s:41:10:48:Infinity":23,"f:41:10:41:32":4,"b:42:8:42:Infinity:undefined:undefined:undefined:undefined":4,"s:42:8:42:Infinity":24,"s:42:42:42:80":25,"s:42:80:42:Infinity":26,"b:43:8:43:Infinity:undefined:undefined:undefined:undefined":5,"s:43:8:43:Infinity":27,"s:43:50:43:96":28,"s:43:96:43:Infinity":29,"b:44:8:44:Infinity:undefined:undefined:undefined:undefined":6,"s:44:8:44:Infinity":30,"s:44:31:44:71":31,"s:44:71:44:Infinity":32,"s:45:8:45:Infinity":33,"s:46:8:46:Infinity":34,"s:47:8:47:Infinity":35,"s:48:8:48:Infinity":36,"f:48:8:48:25":5,"s:48:25:48:43":37,"s:51:10:52:Infinity":38,"f:51:10:51:45":6,"s:52:8:52:Infinity":39,"s:55:10:56:Infinity":40,"f:55:10:55:43":7,"s:56:8:56:Infinity":41,"s:59:10:60:Infinity":42,"f:59:10:59:25":8,"s:60:8:60:Infinity":43,"s:63:10:71:Infinity":44,"f:63:10:63:46":9,"s:64:20:64:30":45,"s:65:8:71:Infinity":46,"s:74:23:121:Infinity":47,"f:74:23:74:35":10,"s:75:28:75:49":48,"s:76:30:76:48":49,"s:77:32:77:57":50,"s:78:27:78:47":51,"s:80:26:102:Infinity":52,"f:83:24:83:28":11,"s:84:34:84:136":53,"b:84:75:84:96:84:96:84:136":7,"s:85:44:85:Infinity":54,"s:86:16:94:Infinity":55,"b:89:26:89:39:89:39:89:Infinity":8,"b:90:32:90:51:90:51:90:Infinity":9,"b:100:51:100:64:100:64:100:Infinity":10,"s:104:8:121:Infinity":56,"s:105:29:109:14":57,"b:111:12:117:Infinity:116:19:117:Infinity":11,"s:111:12:117:Infinity":58,"s:112:16:112:Infinity":59,"s:113:16:113:Infinity":60,"s:114:16:114:Infinity":61,"s:115:16:115:Infinity":62,"f:115:16:115:33":12,"s:115:33:115:51":63,"s:117:16:117:Infinity":64,"s:120:12:120:Infinity":65,"s:121:12:121:Infinity":66,"b:125:4:131:Infinity:undefined:undefined:undefined:undefined":12,"s:125:4:131:Infinity":67,"s:126:8:131:Infinity":68,"b:136:4:140:Infinity:undefined:undefined:undefined:undefined":13,"s:136:4:140:Infinity":69,"s:137:8:140:Infinity":70,"f:140:24:140:39":13,"s:140:39:140:57":71,"s:145:26:145:44":72,"s:146:23:146:43":73,"s:147:26:147:44":74,"s:148:28:148:53":75,"s:150:4:214:Infinity":76,"f:153:60:153:75":14,"s:153:75:153:93":77,"b:157:13:157:Infinity:158:16:162:Infinity":14,"b:160:21:160:Infinity:161:24:162:Infinity":15,"b:162:75:162:91:162:91:162:157":16,"b:162:127:162:143:162:143:162:157":17,"f:170:22:170:27":15,"s:171:38:171:140":78,"b:171:79:171:100:171:100:171:140":18,"s:172:48:172:Infinity":79,"s:173:20:186:Infinity":80,"b:177:33:177:46:177:46:177:Infinity":19,"b:178:33:178:52:178:52:178:Infinity":20,"b:182:33:182:56:182:56:182:Infinity":21,"b:193:25:193:48:193:48:193:Infinity":22,"b:196:21:196:Infinity:197:24:199:Infinity":23,"f:208:93:208:104":16,"s:208:110:208:141":81,"b:209:62:209:81:209:81:209:101":24,"b:211:17:211:32:211:32:211:Infinity":25,"b:211:110:211:131:211:131:211:152":26}}}
,"/app/src/components/PlayerData/PlayerData.module.scss": {"path":"/app/src/components/PlayerData/PlayerData.module.scss","statementMap":{},"fnMap":{},"branchMap":{},"s":{},"f":{},"b":{},"meta":{"lastBranch":0,"lastFunction":0,"lastStatement":0,"seen":{}}}
,"/app/src/components/PlayerData/PlayerData.tsx": {"path":"/app/src/components/PlayerData/PlayerData.tsx","statementMap":{"0":{"start":{"line":5,"column":4},"end":{"line":18,"column":null}}},"fnMap":{"0":{"name":"PlayerData","decl":{"start":{"line":4,"column":24},"end":{"line":4,"column":35}},"loc":{"start":{"line":4,"column":67},"end":{"line":18,"column":null}},"line":4}},"branchMap":{},"s":{"0":5},"f":{"0":5},"b":{},"meta":{"lastBranch":0,"lastFunction":1,"lastStatement":1,"seen":{"f:4:24:4:35":0,"s:5:4:18:Infinity":0}}}
,"/app/src/components/PlayerDesc/PlayerDesc.module.scss": {"path":"/app/src/components/PlayerDesc/PlayerDesc.module.scss","statementMap":{},"fnMap":{},"branchMap":{},"s":{},"f":{},"b":{},"meta":{"lastBranch":0,"lastFunction":0,"lastStatement":0,"seen":{}}}
,"/app/src/components/PlayerDesc/PlayerDesc.tsx": {"path":"/app/src/components/PlayerDesc/PlayerDesc.tsx","statementMap":{"0":{"start":{"line":7,"column":12},"end":{"line":7,"column":30}},"1":{"start":{"line":8,"column":10},"end":{"line":8,"column":34}},"2":{"start":{"line":9,"column":18},"end":{"line":9,"column":42}},"3":{"start":{"line":10,"column":19},"end":{"line":10,"column":68}},"4":{"start":{"line":10,"column":48},"end":{"line":10,"column":67}},"5":{"start":{"line":12,"column":4},"end":{"line":12,"column":null}},"6":{"start":{"line":12,"column":17},"end":{"line":12,"column":null}},"7":{"start":{"line":14,"column":4},"end":{"line":57,"column":null}},"8":{"start":{"line":16,"column":35},"end":{"line":16,"column":47}}},"fnMap":{"0":{"name":"PlayerDesc","decl":{"start":{"line":6,"column":24},"end":{"line":6,"column":37}},"loc":{"start":{"line":6,"column":37},"end":{"line":57,"column":null}},"line":6},"1":{"name":"(anonymous_1)","decl":{"start":{"line":10,"column":28},"end":{"line":10,"column":34}},"loc":{"start":{"line":10,"column":48},"end":{"line":10,"column":67}},"line":10},"2":{"name":"(anonymous_2)","decl":{"start":{"line":16,"column":20},"end":{"line":16,"column":35}},"loc":{"start":{"line":16,"column":35},"end":{"line":16,"column":47}},"line":16}},"branchMap":{"0":{"loc":{"start":{"line":12,"column":4},"end":{"line":12,"column":null}},"type":"if","locations":[{"start":{"line":12,"column":4},"end":{"line":12,"column":null}},{"start":{},"end":{}}],"line":12},"1":{"loc":{"start":{"line":51,"column":31},"end":{"line":51,"column":128}},"type":"cond-expr","locations":[{"start":{"line":51,"column":55},"end":{"line":51,"column":114}},{"start":{"line":51,"column":117},"end":{"line":51,"column":128}}],"line":51}},"s":{"0":4,"1":4,"2":4,"3":4,"4":3,"5":4,"6":1,"7":3,"8":1},"f":{"0":4,"1":3,"2":1},"b":{"0":[1,3],"1":[1,2]},"meta":{"lastBranch":2,"lastFunction":3,"lastStatement":9,"seen":{"f:6:24:6:37":0,"s:7:12:7:30":0,"s:8:10:8:34":1,"s:9:18:9:42":2,"s:10:19:10:68":3,"f:10:28:10:34":1,"s:10:48:10:67":4,"b:12:4:12:Infinity:undefined:undefined:undefined:undefined":0,"s:12:4:12:Infinity":5,"s:12:17:12:Infinity":6,"s:14:4:57:Infinity":7,"f:16:20:16:35":2,"s:16:35:16:47":8,"b:51:55:51:114:51:117:51:128":1}}}
,"/app/src/components/Product/Product.module.scss": {"path":"/app/src/components/Product/Product.module.scss","statementMap":{},"fnMap":{},"branchMap":{},"s":{},"f":{},"b":{},"meta":{"lastBranch":0,"lastFunction":0,"lastStatement":0,"seen":{}}}
,"/app/src/components/Product/Product.tsx": {"path":"/app/src/components/Product/Product.tsx","statementMap":{"0":{"start":{"line":10,"column":14},"end":{"line":10,"column":null}},"1":{"start":{"line":13,"column":12},"end":{"line":13,"column":30}},"2":{"start":{"line":14,"column":10},"end":{"line":14,"column":34}},"3":{"start":{"line":15,"column":25},"end":{"line":15,"column":56}},"4":{"start":{"line":16,"column":21},"end":{"line":16,"column":47}},"5":{"start":{"line":17,"column":24},"end":{"line":17,"column":57}},"6":{"start":{"line":18,"column":21},"end":{"line":18,"column":51}},"7":{"start":{"line":19,"column":17},"end":{"line":19,"column":60}},"8":{"start":{"line":20,"column":22},"end":{"line":20,"column":49}},"9":{"start":{"line":21,"column":25},"end":{"line":21,"column":79}},"10":{"start":{"line":22,"column":27},"end":{"line":22,"column":68}},"11":{"start":{"line":23,"column":23},"end":{"line":23,"column":52}},"12":{"start":{"line":24,"column":25},"end":{"line":24,"column":56}},"13":{"start":{"line":26,"column":38},"end":{"line":26,"column":62}},"14":{"start":{"line":27,"column":18},"end":{"line":27,"column":43}},"15":{"start":{"line":28,"column":18},"end":{"line":28,"column":42}},"16":{"start":{"line":30,"column":4},"end":{"line":58,"column":null}},"17":{"start":{"line":31,"column":14},"end":{"line":37,"column":null}},"18":{"start":{"line":32,"column":30},"end":{"line":32,"column":58}},"19":{"start":{"line":33,"column":12},"end":{"line":37,"column":null}},"20":{"start":{"line":34,"column":55},"end":{"line":34,"column":76}},"21":{"start":{"line":35,"column":16},"end":{"line":35,"column":null}},"22":{"start":{"line":36,"column":30},"end":{"line":36,"column":116}},"23":{"start":{"line":36,"column":91},"end":{"line":36,"column":114}},"24":{"start":{"line":37,"column":16},"end":{"line":37,"column":null}},"25":{"start":{"line":41,"column":8},"end":{"line":41,"column":null}},"26":{"start":{"line":43,"column":14},"end":{"line":52,"column":null}},"27":{"start":{"line":44,"column":30},"end":{"line":44,"column":58}},"28":{"start":{"line":45,"column":12},"end":{"line":52,"column":null}},"29":{"start":{"line":46,"column":55},"end":{"line":46,"column":76}},"30":{"start":{"line":47,"column":16},"end":{"line":47,"column":null}},"31":{"start":{"line":48,"column":30},"end":{"line":48,"column":116}},"32":{"start":{"line":48,"column":91},"end":{"line":48,"column":114}},"33":{"start":{"line":49,"column":16},"end":{"line":49,"column":null}},"34":{"start":{"line":51,"column":16},"end":{"line":51,"column":null}},"35":{"start":{"line":52,"column":16},"end":{"line":52,"column":null}},"36":{"start":{"line":56,"column":8},"end":{"line":56,"column":null}},"37":{"start":{"line":57,"column":8},"end":{"line":57,"column":null}},"38":{"start":{"line":57,"column":21},"end":{"line":57,"column":80}},"39":{"start":{"line":60,"column":10},"end":{"line":63,"column":null}},"40":{"start":{"line":61,"column":8},"end":{"line":61,"column":null}},"41":{"start":{"line":61,"column":22},"end":{"line":61,"column":null}},"42":{"start":{"line":62,"column":20},"end":{"line":62,"column":null}},"43":{"start":{"line":63,"column":8},"end":{"line":63,"column":null}},"44":{"start":{"line":66,"column":10},"end":{"line":71,"column":null}},"45":{"start":{"line":67,"column":8},"end":{"line":67,"column":null}},"46":{"start":{"line":67,"column":22},"end":{"line":67,"column":null}},"47":{"start":{"line":68,"column":20},"end":{"line":68,"column":null}},"48":{"start":{"line":69,"column":21},"end":{"line":69,"column":47}},"49":{"start":{"line":70,"column":27},"end":{"line":70,"column":null}},"50":{"start":{"line":71,"column":8},"end":{"line":71,"column":null}},"51":{"start":{"line":74,"column":10},"end":{"line":79,"column":null}},"52":{"start":{"line":75,"column":8},"end":{"line":75,"column":null}},"53":{"start":{"line":75,"column":22},"end":{"line":75,"column":null}},"54":{"start":{"line":76,"column":20},"end":{"line":76,"column":null}},"55":{"start":{"line":77,"column":21},"end":{"line":77,"column":47}},"56":{"start":{"line":78,"column":27},"end":{"line":78,"column":null}},"57":{"start":{"line":79,"column":8},"end":{"line":79,"column":null}},"58":{"start":{"line":82,"column":10},"end":{"line":91,"column":null}},"59":{"start":{"line":83,"column":8},"end":{"line":83,"column":null}},"60":{"start":{"line":83,"column":34},"end":{"line":83,"column":null}},"61":{"start":{"line":85,"column":21},"end":{"line":85,"column":47}},"62":{"start":{"line":86,"column":36},"end":{"line":86,"column":61}},"63":{"start":{"line":88,"column":8},"end":{"line":91,"column":null}},"64":{"start":{"line":89,"column":12},"end":{"line":89,"column":null}},"65":{"start":{"line":89,"column":49},"end":{"line":89,"column":74}},"66":{"start":{"line":91,"column":12},"end":{"line":91,"column":null}},"67":{"start":{"line":91,"column":49},"end":{"line":91,"column":74}},"68":{"start":{"line":95,"column":10},"end":{"line":101,"column":null}},"69":{"start":{"line":96,"column":8},"end":{"line":96,"column":null}},"70":{"start":{"line":96,"column":26},"end":{"line":96,"column":null}},"71":{"start":{"line":97,"column":22},"end":{"line":97,"column":55}},"72":{"start":{"line":98,"column":8},"end":{"line":99,"column":null}},"73":{"start":{"line":99,"column":12},"end":{"line":99,"column":null}},"74":{"start":{"line":101,"column":8},"end":{"line":101,"column":null}},"75":{"start":{"line":104,"column":10},"end":{"line":107,"column":null}},"76":{"start":{"line":105,"column":8},"end":{"line":105,"column":null}},"77":{"start":{"line":105,"column":22},"end":{"line":105,"column":null}},"78":{"start":{"line":106,"column":25},"end":{"line":106,"column":99}},"79":{"start":{"line":107,"column":8},"end":{"line":107,"column":null}},"80":{"start":{"line":110,"column":10},"end":{"line":115,"column":null}},"81":{"start":{"line":111,"column":8},"end":{"line":111,"column":null}},"82":{"start":{"line":111,"column":22},"end":{"line":111,"column":null}},"83":{"start":{"line":112,"column":8},"end":{"line":113,"column":null}},"84":{"start":{"line":113,"column":12},"end":{"line":113,"column":null}},"85":{"start":{"line":115,"column":8},"end":{"line":115,"column":null}},"86":{"start":{"line":118,"column":10},"end":{"line":123,"column":null}},"87":{"start":{"line":119,"column":8},"end":{"line":119,"column":null}},"88":{"start":{"line":119,"column":22},"end":{"line":119,"column":null}},"89":{"start":{"line":120,"column":8},"end":{"line":121,"column":null}},"90":{"start":{"line":121,"column":12},"end":{"line":121,"column":null}},"91":{"start":{"line":123,"column":8},"end":{"line":123,"column":null}},"92":{"start":{"line":126,"column":10},"end":{"line":136,"column":null}},"93":{"start":{"line":127,"column":8},"end":{"line":130,"column":null}},"94":{"start":{"line":128,"column":26},"end":{"line":128,"column":62}},"95":{"start":{"line":129,"column":12},"end":{"line":130,"column":null}},"96":{"start":{"line":130,"column":16},"end":{"line":130,"column":null}},"97":{"start":{"line":133,"column":8},"end":{"line":134,"column":null}},"98":{"start":{"line":134,"column":12},"end":{"line":134,"column":null}},"99":{"start":{"line":136,"column":8},"end":{"line":136,"column":null}},"100":{"start":{"line":139,"column":10},"end":{"line":141,"column":null}},"101":{"start":{"line":140,"column":22},"end":{"line":140,"column":39}},"102":{"start":{"line":141,"column":8},"end":{"line":141,"column":null}},"103":{"start":{"line":144,"column":10},"end":{"line":154,"column":null}},"104":{"start":{"line":145,"column":23},"end":{"line":145,"column":null}},"105":{"start":{"line":146,"column":8},"end":{"line":146,"column":null}},"106":{"start":{"line":146,"column":25},"end":{"line":146,"column":null}},"107":{"start":{"line":147,"column":8},"end":{"line":147,"column":null}},"108":{"start":{"line":147,"column":25},"end":{"line":147,"column":null}},"109":{"start":{"line":148,"column":8},"end":{"line":148,"column":null}},"110":{"start":{"line":148,"column":26},"end":{"line":148,"column":null}},"111":{"start":{"line":149,"column":8},"end":{"line":149,"column":null}},"112":{"start":{"line":149,"column":26},"end":{"line":149,"column":null}},"113":{"start":{"line":150,"column":8},"end":{"line":150,"column":null}},"114":{"start":{"line":150,"column":26},"end":{"line":150,"column":null}},"115":{"start":{"line":151,"column":8},"end":{"line":151,"column":null}},"116":{"start":{"line":151,"column":26},"end":{"line":151,"column":null}},"117":{"start":{"line":152,"column":8},"end":{"line":152,"column":null}},"118":{"start":{"line":152,"column":26},"end":{"line":152,"column":null}},"119":{"start":{"line":153,"column":8},"end":{"line":153,"column":null}},"120":{"start":{"line":153,"column":26},"end":{"line":153,"column":null}},"121":{"start":{"line":154,"column":8},"end":{"line":154,"column":null}},"122":{"start":{"line":157,"column":10},"end":{"line":161,"column":null}},"123":{"start":{"line":158,"column":26},"end":{"line":158,"column":null}},"124":{"start":{"line":159,"column":8},"end":{"line":159,"column":null}},"125":{"start":{"line":159,"column":29},"end":{"line":159,"column":null}},"126":{"start":{"line":160,"column":8},"end":{"line":160,"column":null}},"127":{"start":{"line":160,"column":29},"end":{"line":160,"column":null}},"128":{"start":{"line":161,"column":8},"end":{"line":161,"column":null}},"129":{"start":{"line":164,"column":10},"end":{"line":180,"column":null}},"130":{"start":{"line":165,"column":8},"end":{"line":165,"column":null}},"131":{"start":{"line":165,"column":22},"end":{"line":165,"column":null}},"132":{"start":{"line":166,"column":21},"end":{"line":166,"column":47}},"133":{"start":{"line":168,"column":8},"end":{"line":169,"column":null}},"134":{"start":{"line":169,"column":12},"end":{"line":169,"column":null}},"135":{"start":{"line":172,"column":8},"end":{"line":173,"column":null}},"136":{"start":{"line":173,"column":12},"end":{"line":173,"column":null}},"137":{"start":{"line":176,"column":8},"end":{"line":177,"column":null}},"138":{"start":{"line":177,"column":12},"end":{"line":177,"column":null}},"139":{"start":{"line":180,"column":8},"end":{"line":180,"column":null}},"140":{"start":{"line":183,"column":10},"end":{"line":191,"column":null}},"141":{"start":{"line":184,"column":8},"end":{"line":184,"column":null}},"142":{"start":{"line":184,"column":22},"end":{"line":184,"column":null}},"143":{"start":{"line":185,"column":21},"end":{"line":185,"column":47}},"144":{"start":{"line":186,"column":8},"end":{"line":189,"column":null}},"145":{"start":{"line":189,"column":12},"end":{"line":189,"column":null}},"146":{"start":{"line":191,"column":8},"end":{"line":191,"column":null}},"147":{"start":{"line":194,"column":10},"end":{"line":210,"column":null}},"148":{"start":{"line":195,"column":32},"end":{"line":195,"column":48}},"149":{"start":{"line":196,"column":27},"end":{"line":196,"column":null}},"150":{"start":{"line":198,"column":23},"end":{"line":198,"column":null}},"151":{"start":{"line":199,"column":8},"end":{"line":208,"column":null}},"152":{"start":{"line":199,"column":29},"end":{"line":199,"column":null}},"153":{"start":{"line":200,"column":17},"end":{"line":208,"column":null}},"154":{"start":{"line":200,"column":34},"end":{"line":200,"column":null}},"155":{"start":{"line":201,"column":17},"end":{"line":208,"column":null}},"156":{"start":{"line":201,"column":34},"end":{"line":201,"column":null}},"157":{"start":{"line":202,"column":17},"end":{"line":208,"column":null}},"158":{"start":{"line":202,"column":35},"end":{"line":202,"column":null}},"159":{"start":{"line":203,"column":17},"end":{"line":208,"column":null}},"160":{"start":{"line":203,"column":35},"end":{"line":203,"column":null}},"161":{"start":{"line":204,"column":17},"end":{"line":208,"column":null}},"162":{"start":{"line":204,"column":35},"end":{"line":204,"column":null}},"163":{"start":{"line":205,"column":17},"end":{"line":208,"column":null}},"164":{"start":{"line":205,"column":35},"end":{"line":205,"column":null}},"165":{"start":{"line":206,"column":17},"end":{"line":208,"column":null}},"166":{"start":{"line":206,"column":35},"end":{"line":206,"column":null}},"167":{"start":{"line":207,"column":17},"end":{"line":208,"column":null}},"168":{"start":{"line":207,"column":35},"end":{"line":207,"column":null}},"169":{"start":{"line":208,"column":13},"end":{"line":208,"column":null}},"170":{"start":{"line":210,"column":8},"end":{"line":210,"column":null}},"171":{"start":{"line":213,"column":28},"end":{"line":213,"column":62}},"172":{"start":{"line":214,"column":30},"end":{"line":214,"column":66}},"173":{"start":{"line":216,"column":10},"end":{"line":227,"column":null}},"174":{"start":{"line":217,"column":8},"end":{"line":219,"column":null}},"175":{"start":{"line":218,"column":12},"end":{"line":218,"column":null}},"176":{"start":{"line":219,"column":12},"end":{"line":219,"column":null}},"177":{"start":{"line":221,"column":28},"end":{"line":221,"column":null}},"178":{"start":{"line":222,"column":8},"end":{"line":224,"column":null}},"179":{"start":{"line":223,"column":12},"end":{"line":223,"column":null}},"180":{"start":{"line":224,"column":12},"end":{"line":224,"column":null}},"181":{"start":{"line":226,"column":8},"end":{"line":226,"column":null}},"182":{"start":{"line":227,"column":8},"end":{"line":227,"column":null}},"183":{"start":{"line":230,"column":10},"end":{"line":246,"column":null}},"184":{"start":{"line":231,"column":8},"end":{"line":233,"column":null}},"185":{"start":{"line":232,"column":12},"end":{"line":232,"column":null}},"186":{"start":{"line":233,"column":12},"end":{"line":233,"column":null}},"187":{"start":{"line":235,"column":27},"end":{"line":235,"column":null}},"188":{"start":{"line":236,"column":8},"end":{"line":238,"column":null}},"189":{"start":{"line":237,"column":12},"end":{"line":237,"column":null}},"190":{"start":{"line":238,"column":12},"end":{"line":238,"column":null}},"191":{"start":{"line":240,"column":20},"end":{"line":240,"column":36}},"192":{"start":{"line":241,"column":8},"end":{"line":243,"column":null}},"193":{"start":{"line":242,"column":12},"end":{"line":242,"column":null}},"194":{"start":{"line":243,"column":12},"end":{"line":243,"column":null}},"195":{"start":{"line":245,"column":8},"end":{"line":245,"column":null}},"196":{"start":{"line":246,"column":8},"end":{"line":246,"column":null}},"197":{"start":{"line":249,"column":10},"end":{"line":460,"column":null}},"198":{"start":{"line":250,"column":8},"end":{"line":250,"column":null}},"199":{"start":{"line":250,"column":38},"end":{"line":250,"column":null}},"200":{"start":{"line":252,"column":28},"end":{"line":252,"column":54}},"201":{"start":{"line":253,"column":32},"end":{"line":253,"column":null}},"202":{"start":{"line":254,"column":30},"end":{"line":254,"column":56}},"203":{"start":{"line":255,"column":29},"end":{"line":255,"column":61}},"204":{"start":{"line":257,"column":32},"end":{"line":257,"column":48}},"205":{"start":{"line":259,"column":8},"end":{"line":308,"column":null}},"206":{"start":{"line":260,"column":38},"end":{"line":260,"column":40}},"207":{"start":{"line":262,"column":12},"end":{"line":297,"column":null}},"208":{"start":{"line":263,"column":16},"end":{"line":263,"column":null}},"209":{"start":{"line":263,"column":41},"end":{"line":263,"column":null}},"210":{"start":{"line":265,"column":30},"end":{"line":265,"column":50}},"211":{"start":{"line":266,"column":29},"end":{"line":266,"column":null}},"212":{"start":{"line":267,"column":32},"end":{"line":267,"column":52}},"213":{"start":{"line":268,"column":38},"end":{"line":268,"column":64}},"214":{"start":{"line":270,"column":16},"end":{"line":270,"column":null}},"215":{"start":{"line":270,"column":64},"end":{"line":270,"column":null}},"216":{"start":{"line":272,"column":16},"end":{"line":297,"column":null}},"217":{"start":{"line":273,"column":20},"end":{"line":278,"column":null}},"218":{"start":{"line":274,"column":24},"end":{"line":275,"column":null}},"219":{"start":{"line":275,"column":28},"end":{"line":275,"column":null}},"220":{"start":{"line":277,"column":24},"end":{"line":278,"column":null}},"221":{"start":{"line":278,"column":28},"end":{"line":278,"column":null}},"222":{"start":{"line":281,"column":20},"end":{"line":283,"column":null}},"223":{"start":{"line":282,"column":24},"end":{"line":283,"column":null}},"224":{"start":{"line":283,"column":28},"end":{"line":283,"column":null}},"225":{"start":{"line":287,"column":20},"end":{"line":292,"column":null}},"226":{"start":{"line":288,"column":24},"end":{"line":289,"column":null}},"227":{"start":{"line":289,"column":28},"end":{"line":289,"column":null}},"228":{"start":{"line":291,"column":24},"end":{"line":292,"column":null}},"229":{"start":{"line":292,"column":28},"end":{"line":292,"column":null}},"230":{"start":{"line":295,"column":20},"end":{"line":297,"column":null}},"231":{"start":{"line":296,"column":24},"end":{"line":297,"column":null}},"232":{"start":{"line":297,"column":28},"end":{"line":297,"column":null}},"233":{"start":{"line":303,"column":30},"end":{"line":303,"column":39}},"234":{"start":{"line":304,"column":12},"end":{"line":308,"column":null}},"235":{"start":{"line":305,"column":16},"end":{"line":305,"column":null}},"236":{"start":{"line":305,"column":44},"end":{"line":305,"column":null}},"237":{"start":{"line":306,"column":16},"end":{"line":306,"column":null}},"238":{"start":{"line":307,"column":16},"end":{"line":307,"column":null}},"239":{"start":{"line":311,"column":8},"end":{"line":360,"column":null}},"240":{"start":{"line":312,"column":38},"end":{"line":312,"column":40}},"241":{"start":{"line":314,"column":12},"end":{"line":349,"column":null}},"242":{"start":{"line":315,"column":16},"end":{"line":315,"column":null}},"243":{"start":{"line":315,"column":41},"end":{"line":315,"column":null}},"244":{"start":{"line":317,"column":30},"end":{"line":317,"column":50}},"245":{"start":{"line":318,"column":29},"end":{"line":318,"column":null}},"246":{"start":{"line":319,"column":32},"end":{"line":319,"column":52}},"247":{"start":{"line":320,"column":38},"end":{"line":320,"column":64}},"248":{"start":{"line":322,"column":16},"end":{"line":322,"column":null}},"249":{"start":{"line":322,"column":64},"end":{"line":322,"column":null}},"250":{"start":{"line":324,"column":16},"end":{"line":349,"column":null}},"251":{"start":{"line":325,"column":20},"end":{"line":330,"column":null}},"252":{"start":{"line":326,"column":24},"end":{"line":327,"column":null}},"253":{"start":{"line":327,"column":28},"end":{"line":327,"column":null}},"254":{"start":{"line":329,"column":24},"end":{"line":330,"column":null}},"255":{"start":{"line":330,"column":28},"end":{"line":330,"column":null}},"256":{"start":{"line":333,"column":20},"end":{"line":335,"column":null}},"257":{"start":{"line":334,"column":24},"end":{"line":335,"column":null}},"258":{"start":{"line":335,"column":28},"end":{"line":335,"column":null}},"259":{"start":{"line":339,"column":20},"end":{"line":344,"column":null}},"260":{"start":{"line":340,"column":24},"end":{"line":341,"column":null}},"261":{"start":{"line":341,"column":28},"end":{"line":341,"column":null}},"262":{"start":{"line":343,"column":24},"end":{"line":344,"column":null}},"263":{"start":{"line":344,"column":28},"end":{"line":344,"column":null}},"264":{"start":{"line":347,"column":20},"end":{"line":349,"column":null}},"265":{"start":{"line":348,"column":24},"end":{"line":349,"column":null}},"266":{"start":{"line":349,"column":28},"end":{"line":349,"column":null}},"267":{"start":{"line":355,"column":30},"end":{"line":355,"column":39}},"268":{"start":{"line":356,"column":12},"end":{"line":360,"column":null}},"269":{"start":{"line":357,"column":16},"end":{"line":357,"column":null}},"270":{"start":{"line":357,"column":44},"end":{"line":357,"column":null}},"271":{"start":{"line":358,"column":16},"end":{"line":358,"column":null}},"272":{"start":{"line":359,"column":16},"end":{"line":359,"column":null}},"273":{"start":{"line":363,"column":8},"end":{"line":408,"column":null}},"274":{"start":{"line":364,"column":38},"end":{"line":364,"column":40}},"275":{"start":{"line":366,"column":12},"end":{"line":398,"column":null}},"276":{"start":{"line":367,"column":16},"end":{"line":367,"column":null}},"277":{"start":{"line":367,"column":41},"end":{"line":367,"column":null}},"278":{"start":{"line":369,"column":30},"end":{"line":369,"column":50}},"279":{"start":{"line":370,"column":29},"end":{"line":370,"column":null}},"280":{"start":{"line":371,"column":32},"end":{"line":371,"column":52}},"281":{"start":{"line":372,"column":38},"end":{"line":372,"column":64}},"282":{"start":{"line":374,"column":16},"end":{"line":374,"column":null}},"283":{"start":{"line":374,"column":87},"end":{"line":374,"column":null}},"284":{"start":{"line":376,"column":16},"end":{"line":398,"column":null}},"285":{"start":{"line":377,"column":20},"end":{"line":382,"column":null}},"286":{"start":{"line":378,"column":24},"end":{"line":379,"column":null}},"287":{"start":{"line":379,"column":28},"end":{"line":379,"column":null}},"288":{"start":{"line":381,"column":24},"end":{"line":382,"column":null}},"289":{"start":{"line":382,"column":28},"end":{"line":382,"column":null}},"290":{"start":{"line":385,"column":20},"end":{"line":386,"column":null}},"291":{"start":{"line":386,"column":24},"end":{"line":386,"column":null}},"292":{"start":{"line":389,"column":20},"end":{"line":394,"column":null}},"293":{"start":{"line":390,"column":24},"end":{"line":391,"column":null}},"294":{"start":{"line":391,"column":28},"end":{"line":391,"column":null}},"295":{"start":{"line":393,"column":24},"end":{"line":394,"column":null}},"296":{"start":{"line":394,"column":28},"end":{"line":394,"column":null}},"297":{"start":{"line":397,"column":20},"end":{"line":398,"column":null}},"298":{"start":{"line":398,"column":24},"end":{"line":398,"column":null}},"299":{"start":{"line":403,"column":30},"end":{"line":403,"column":39}},"300":{"start":{"line":404,"column":12},"end":{"line":408,"column":null}},"301":{"start":{"line":405,"column":16},"end":{"line":405,"column":null}},"302":{"start":{"line":405,"column":44},"end":{"line":405,"column":null}},"303":{"start":{"line":406,"column":16},"end":{"line":406,"column":null}},"304":{"start":{"line":407,"column":16},"end":{"line":407,"column":null}},"305":{"start":{"line":411,"column":8},"end":{"line":457,"column":null}},"306":{"start":{"line":412,"column":38},"end":{"line":412,"column":40}},"307":{"start":{"line":413,"column":31},"end":{"line":413,"column":null}},"308":{"start":{"line":415,"column":12},"end":{"line":447,"column":null}},"309":{"start":{"line":416,"column":16},"end":{"line":416,"column":null}},"310":{"start":{"line":416,"column":41},"end":{"line":416,"column":null}},"311":{"start":{"line":418,"column":30},"end":{"line":418,"column":50}},"312":{"start":{"line":419,"column":29},"end":{"line":419,"column":null}},"313":{"start":{"line":420,"column":32},"end":{"line":420,"column":52}},"314":{"start":{"line":421,"column":38},"end":{"line":421,"column":64}},"315":{"start":{"line":423,"column":16},"end":{"line":423,"column":null}},"316":{"start":{"line":423,"column":41},"end":{"line":423,"column":null}},"317":{"start":{"line":425,"column":16},"end":{"line":447,"column":null}},"318":{"start":{"line":426,"column":20},"end":{"line":427,"column":null}},"319":{"start":{"line":427,"column":24},"end":{"line":427,"column":null}},"320":{"start":{"line":429,"column":27},"end":{"line":447,"column":null}},"321":{"start":{"line":430,"column":20},"end":{"line":431,"column":null}},"322":{"start":{"line":431,"column":24},"end":{"line":431,"column":null}},"323":{"start":{"line":433,"column":20},"end":{"line":434,"column":null}},"324":{"start":{"line":434,"column":24},"end":{"line":434,"column":null}},"325":{"start":{"line":436,"column":20},"end":{"line":437,"column":null}},"326":{"start":{"line":437,"column":24},"end":{"line":437,"column":null}},"327":{"start":{"line":440,"column":20},"end":{"line":441,"column":null}},"328":{"start":{"line":441,"column":24},"end":{"line":441,"column":null}},"329":{"start":{"line":443,"column":20},"end":{"line":444,"column":null}},"330":{"start":{"line":444,"column":24},"end":{"line":444,"column":null}},"331":{"start":{"line":446,"column":20},"end":{"line":447,"column":null}},"332":{"start":{"line":447,"column":24},"end":{"line":447,"column":null}},"333":{"start":{"line":452,"column":30},"end":{"line":452,"column":39}},"334":{"start":{"line":453,"column":12},"end":{"line":457,"column":null}},"335":{"start":{"line":454,"column":16},"end":{"line":454,"column":null}},"336":{"start":{"line":454,"column":44},"end":{"line":454,"column":null}},"337":{"start":{"line":455,"column":16},"end":{"line":455,"column":null}},"338":{"start":{"line":456,"column":16},"end":{"line":456,"column":null}},"339":{"start":{"line":460,"column":8},"end":{"line":460,"column":null}},"340":{"start":{"line":463,"column":28},"end":{"line":463,"column":48}},"341":{"start":{"line":465,"column":10},"end":{"line":469,"column":null}},"342":{"start":{"line":466,"column":49},"end":{"line":466,"column":97}},"343":{"start":{"line":467,"column":29},"end":{"line":467,"column":96}},"344":{"start":{"line":467,"column":77},"end":{"line":467,"column":96}},"345":{"start":{"line":468,"column":8},"end":{"line":468,"column":null}},"346":{"start":{"line":469,"column":8},"end":{"line":469,"column":null}},"347":{"start":{"line":472,"column":10},"end":{"line":483,"column":null}},"348":{"start":{"line":473,"column":8},"end":{"line":475,"column":null}},"349":{"start":{"line":474,"column":12},"end":{"line":474,"column":null}},"350":{"start":{"line":475,"column":12},"end":{"line":475,"column":null}},"351":{"start":{"line":478,"column":49},"end":{"line":478,"column":97}},"352":{"start":{"line":479,"column":28},"end":{"line":480,"column":null}},"353":{"start":{"line":480,"column":12},"end":{"line":480,"column":null}},"354":{"start":{"line":482,"column":8},"end":{"line":482,"column":null}},"355":{"start":{"line":483,"column":8},"end":{"line":483,"column":null}},"356":{"start":{"line":486,"column":10},"end":{"line":488,"column":null}},"357":{"start":{"line":487,"column":8},"end":{"line":487,"column":null}},"358":{"start":{"line":488,"column":8},"end":{"line":488,"column":null}},"359":{"start":{"line":491,"column":10},"end":{"line":497,"column":null}},"360":{"start":{"line":492,"column":20},"end":{"line":492,"column":null}},"361":{"start":{"line":493,"column":8},"end":{"line":495,"column":null}},"362":{"start":{"line":494,"column":26},"end":{"line":494,"column":128}},"363":{"start":{"line":495,"column":12},"end":{"line":495,"column":null}},"364":{"start":{"line":497,"column":8},"end":{"line":497,"column":null}},"365":{"start":{"line":500,"column":10},"end":{"line":535,"column":null}},"366":{"start":{"line":501,"column":8},"end":{"line":501,"column":null}},"367":{"start":{"line":501,"column":22},"end":{"line":501,"column":null}},"368":{"start":{"line":503,"column":8},"end":{"line":505,"column":null}},"369":{"start":{"line":504,"column":12},"end":{"line":504,"column":null}},"370":{"start":{"line":505,"column":12},"end":{"line":505,"column":null}},"371":{"start":{"line":508,"column":24},"end":{"line":508,"column":null}},"372":{"start":{"line":509,"column":8},"end":{"line":512,"column":null}},"373":{"start":{"line":510,"column":12},"end":{"line":510,"column":null}},"374":{"start":{"line":511,"column":19},"end":{"line":512,"column":null}},"375":{"start":{"line":512,"column":12},"end":{"line":512,"column":null}},"376":{"start":{"line":515,"column":43},"end":{"line":521,"column":null}},"377":{"start":{"line":523,"column":49},"end":{"line":523,"column":97}},"378":{"start":{"line":524,"column":30},"end":{"line":524,"column":105}},"379":{"start":{"line":524,"column":81},"end":{"line":524,"column":105}},"380":{"start":{"line":526,"column":8},"end":{"line":529,"column":null}},"381":{"start":{"line":527,"column":12},"end":{"line":527,"column":null}},"382":{"start":{"line":529,"column":12},"end":{"line":529,"column":null}},"383":{"start":{"line":532,"column":8},"end":{"line":532,"column":null}},"384":{"start":{"line":533,"column":8},"end":{"line":533,"column":null}},"385":{"start":{"line":534,"column":8},"end":{"line":534,"column":null}},"386":{"start":{"line":535,"column":8},"end":{"line":535,"column":null}},"387":{"start":{"line":535,"column":25},"end":{"line":535,"column":46}},"388":{"start":{"line":538,"column":10},"end":{"line":539,"column":null}},"389":{"start":{"line":539,"column":8},"end":{"line":539,"column":null}},"390":{"start":{"line":542,"column":4},"end":{"line":542,"column":null}},"391":{"start":{"line":542,"column":19},"end":{"line":542,"column":null}},"392":{"start":{"line":543,"column":4},"end":{"line":543,"column":null}},"393":{"start":{"line":543,"column":15},"end":{"line":543,"column":null}},"394":{"start":{"line":544,"column":4},"end":{"line":544,"column":null}},"395":{"start":{"line":544,"column":18},"end":{"line":544,"column":null}},"396":{"start":{"line":546,"column":25},"end":{"line":546,"column":112}},"397":{"start":{"line":547,"column":28},"end":{"line":547,"column":48}},"398":{"start":{"line":548,"column":24},"end":{"line":548,"column":40}},"399":{"start":{"line":549,"column":25},"end":{"line":549,"column":42}},"400":{"start":{"line":550,"column":22},"end":{"line":550,"column":36}},"401":{"start":{"line":551,"column":20},"end":{"line":551,"column":144}},"402":{"start":{"line":552,"column":37},"end":{"line":552,"column":58}},"403":{"start":{"line":554,"column":4},"end":{"line":793,"column":null}},"404":{"start":{"line":557,"column":69},"end":{"line":557,"column":87}},"405":{"start":{"line":563,"column":39},"end":{"line":563,"column":61}},"406":{"start":{"line":578,"column":51},"end":{"line":578,"column":69}},"407":{"start":{"line":586,"column":58},"end":{"line":586,"column":160}},"408":{"start":{"line":587,"column":40},"end":{"line":620,"column":null}},"409":{"start":{"line":592,"column":56},"end":{"line":592,"column":null}},"410":{"start":{"line":593,"column":56},"end":{"line":593,"column":null}},"411":{"start":{"line":603,"column":60},"end":{"line":603,"column":null}},"412":{"start":{"line":604,"column":60},"end":{"line":604,"column":null}},"413":{"start":{"line":615,"column":75},"end":{"line":615,"column":117}},"414":{"start":{"line":617,"column":75},"end":{"line":617,"column":117}},"415":{"start":{"line":618,"column":75},"end":{"line":618,"column":98}},"416":{"start":{"line":626,"column":93},"end":{"line":626,"column":116}},"417":{"start":{"line":661,"column":36},"end":{"line":667,"column":null}},"418":{"start":{"line":664,"column":55},"end":{"line":664,"column":76}},"419":{"start":{"line":676,"column":51},"end":{"line":676,"column":89}},"420":{"start":{"line":678,"column":51},"end":{"line":678,"column":76}},"421":{"start":{"line":692,"column":40},"end":{"line":692,"column":null}},"422":{"start":{"line":693,"column":40},"end":{"line":695,"column":null}},"423":{"start":{"line":694,"column":44},"end":{"line":694,"column":null}},"424":{"start":{"line":695,"column":44},"end":{"line":695,"column":null}},"425":{"start":{"line":701,"column":40},"end":{"line":703,"column":null}},"426":{"start":{"line":717,"column":54},"end":{"line":717,"column":null}},"427":{"start":{"line":718,"column":40},"end":{"line":720,"column":null}},"428":{"start":{"line":719,"column":44},"end":{"line":719,"column":null}},"429":{"start":{"line":720,"column":44},"end":{"line":720,"column":null}},"430":{"start":{"line":720,"column":55},"end":{"line":720,"column":null}},"431":{"start":{"line":732,"column":54},"end":{"line":732,"column":null}},"432":{"start":{"line":733,"column":40},"end":{"line":735,"column":null}},"433":{"start":{"line":734,"column":44},"end":{"line
[...]
umn":null}}},"fnMap":{"0":{"name":"RegisterPage","decl":{"start":{"line":6,"column":24},"end":{"line":6,"column":39}},"loc":{"start":{"line":6,"column":39},"end":{"line":84,"column":null}},"line":6},"1":{"name":"(anonymous_1)","decl":{"start":{"line":13,"column":10},"end":{"line":13,"column":24}},"loc":{"start":{"line":13,"column":41},"end":{"line":16,"column":null}},"line":13},"2":{"name":"(anonymous_2)","decl":{"start":{"line":19,"column":25},"end":{"line":19,"column":32}},"loc":{"start":{"line":19,"column":72},"end":{"line":61,"column":null}},"line":19}},"branchMap":{"0":{"loc":{"start":{"line":12,"column":29},"end":{"line":12,"column":47}},"type":"binary-expr","locations":[{"start":{"line":12,"column":29},"end":{"line":12,"column":44}},{"start":{"line":12,"column":44},"end":{"line":12,"column":47}}],"line":12},"1":{"loc":{"start":{"line":14,"column":8},"end":{"line":14,"column":null}},"type":"if","locations":[{"start":{"line":14,"column":8},"end":{"line":14,"column":null}},{"start":{},"end":{}}],"line":14},"2":{"loc":{"start":{"line":32,"column":8},"end":{"line":34,"column":null}},"type":"if","locations":[{"start":{"line":32,"column":8},"end":{"line":34,"column":null}},{"start":{},"end":{}}],"line":32},"3":{"loc":{"start":{"line":32,"column":12},"end":{"line":32,"column":41}},"type":"binary-expr","locations":[{"start":{"line":32,"column":12},"end":{"line":32,"column":27}},{"start":{"line":32,"column":27},"end":{"line":32,"column":41}}],"line":32},"4":{"loc":{"start":{"line":52,"column":12},"end":{"line":56,"column":null}},"type":"if","locations":[{"start":{"line":52,"column":12},"end":{"line":56,"column":null}},{"start":{"line":54,"column":19},"end":{"line":56,"column":null}}],"line":52},"5":{"loc":{"start":{"line":56,"column":25},"end":{"line":56,"column":73}},"type":"binary-expr","locations":[{"start":{"line":56,"column":25},"end":{"line":56,"column":39}},{"start":{"line":56,"column":39},"end":{"line":56,"column":73}}],"line":56},"6":{"loc":{"start":{"line":74,"column":21},"end":{"line":74,"column":null}},"type":"binary-expr","locations":[{"start":{"line":74,"column":21},"end":{"line":74,"column":30}},{"start":{"line":74,"column":30},"end":{"line":74,"column":null}}],"line":74},"7":{"loc":{"start":{"line":77,"column":25},"end":{"line":77,"column":null}},"type":"cond-expr","locations":[{"start":{"line":77,"column":35},"end":{"line":77,"column":52}},{"start":{"line":77,"column":52},"end":{"line":77,"column":null}}],"line":77}},"s":{"0":7,"1":7,"2":7,"3":7,"4":7,"5":7,"6":7,"7":4,"8":0,"9":4,"10":4,"11":7,"12":2,"13":2,"14":2,"15":2,"16":2,"17":2,"18":2,"19":2,"20":2,"21":2,"22":1,"23":1,"24":1,"25":1,"26":1,"27":1,"28":1,"29":0,"30":0,"31":0,"32":1,"33":7},"f":{"0":7,"1":4,"2":2},"b":{"0":[7,0],"1":[0,4],"2":[1,1],"3":[2,1],"4":[1,0],"5":[0,0],"6":[7,1],"7":[1,6]},"meta":{"lastBranch":8,"lastFunction":3,"lastStatement":34,"seen":{"f:6:24:6:39":0,"s:7:12:7:30":0,"s:8:12:8:30":1,"s:9:10:9:34":2,"s:10:20:10:49":3,"s:11:18:11:42":4,"s:12:11:12:47":5,"b:12:29:12:44:12:44:12:47":0,"s:13:10:16:Infinity":6,"f:13:10:13:24":1,"b:14:8:14:Infinity:undefined:undefined:undefined:undefined":1,"s:14:8:14:Infinity":7,"s:14:19:14:Infinity":8,"s:15:24:15:35":9,"s:16:8:16:Infinity":10,"s:19:25:61:Infinity":11,"f:19:25:19:32":2,"s:20:8:20:Infinity":12,"s:21:8:21:Infinity":13,"s:23:25:23:54":14,"s:24:24:24:44":15,"s:25:28:25:52":16,"s:26:24:26:52":17,"s:27:22:27:43":18,"s:29:21:29:40":19,"s:30:25:30:48":20,"b:32:8:34:Infinity:undefined:undefined:undefined:undefined":2,"s:32:8:34:Infinity":21,"b:32:12:32:27:32:27:32:41":3,"s:33:12:33:Infinity":22,"s:34:12:34:Infinity":23,"s:37:8:37:Infinity":24,"s:39:8:61:Infinity":25,"s:40:24:50:14":26,"b:52:12:56:Infinity:54:19:56:Infinity":4,"s:52:12:56:Infinity":27,"s:53:16:53:Infinity":28,"s:55:29:55:45":29,"s:56:16:56:Infinity":30,"b:56:25:56:39:56:39:56:73":5,"s:59:12:59:Infinity":31,"s:61:12:61:Infinity":32,"s:64:4:84:Infinity":33,"b:74:21:74:30:74:30:74:Infinity":6,"b:77:35:77:52:77:52:77:Infinity":7}}}
,"/app/src/routes/ContactPage/ContactPage.module.scss": {"path":"/app/src/routes/ContactPage/ContactPage.module.scss","statementMap":{},"fnMap":{},"branchMap":{},"s":{},"f":{},"b":{},"meta":{"lastBranch":0,"lastFunction":0,"lastStatement":0,"seen":{}}}
,"/app/src/routes/ContactPage/ContactPage.tsx": {"path":"/app/src/routes/ContactPage/ContactPage.tsx","statementMap":{"0":{"start":{"line":6,"column":12},"end":{"line":6,"column":30}},"1":{"start":{"line":7,"column":17},"end":{"line":7,"column":54}},"2":{"start":{"line":8,"column":21},"end":{"line":8,"column":66}},"3":{"start":{"line":9,"column":18},"end":{"line":9,"column":57}},"4":{"start":{"line":10,"column":18},"end":{"line":10,"column":42}},"5":{"start":{"line":11,"column":22},"end":{"line":11,"column":50}},"6":{"start":{"line":12,"column":19},"end":{"line":12,"column":44}},"7":{"start":{"line":14,"column":25},"end":{"line":29,"column":null}},"8":{"start":{"line":15,"column":8},"end":{"line":15,"column":null}},"9":{"start":{"line":16,"column":8},"end":{"line":16,"column":null}},"10":{"start":{"line":18,"column":20},"end":{"line":22,"column":10}},"11":{"start":{"line":24,"column":8},"end":{"line":29,"column":null}},"12":{"start":{"line":25,"column":12},"end":{"line":25,"column":null}},"13":{"start":{"line":26,"column":12},"end":{"line":26,"column":null}},"14":{"start":{"line":27,"column":12},"end":{"line":27,"column":null}},"15":{"start":{"line":29,"column":12},"end":{"line":29,"column":null}},"16":{"start":{"line":33,"column":4},"end":{"line":111,"column":null}},"17":{"start":{"line":45,"column":49},"end":{"line":45,"column":72}},"18":{"start":{"line":52,"column":49},"end":{"line":52,"column":76}},"19":{"start":{"line":60,"column":45},"end":{"line":60,"column":69}},"20":{"start":{"line":67,"column":45},"end":{"line":67,"column":69}},"21":{"start":{"line":73,"column":45},"end":{"line":73,"column":73}}},"fnMap":{"0":{"name":"ContactPage","decl":{"start":{"line":5,"column":24},"end":{"line":5,"column":38}},"loc":{"start":{"line":5,"column":38},"end":{"line":111,"column":null}},"line":5},"1":{"name":"(anonymous_1)","decl":{"start":{"line":14,"column":25},"end":{"line":14,"column":32}},"loc":{"start":{"line":14,"column":55},"end":{"line":29,"column":null}},"line":14},"2":{"name":"(anonymous_2)","decl":{"start":{"line":45,"column":32},"end":{"line":45,"column":43}},"loc":{"start":{"line":45,"column":49},"end":{"line":45,"column":72}},"line":45},"3":{"name":"(anonymous_3)","decl":{"start":{"line":52,"column":32},"end":{"line":52,"column":43}},"loc":{"start":{"line":52,"column":49},"end":{"line":52,"column":76}},"line":52},"4":{"name":"(anonymous_4)","decl":{"start":{"line":60,"column":28},"end":{"line":60,"column":39}},"loc":{"start":{"line":60,"column":45},"end":{"line":60,"column":69}},"line":60},"5":{"name":"(anonymous_5)","decl":{"start":{"line":67,"column":28},"end":{"line":67,"column":39}},"loc":{"start":{"line":67,"column":45},"end":{"line":67,"column":69}},"line":67},"6":{"name":"(anonymous_6)","decl":{"start":{"line":73,"column":28},"end":{"line":73,"column":39}},"loc":{"start":{"line":73,"column":45},"end":{"line":73,"column":73}},"line":73}},"branchMap":{"0":{"loc":{"start":{"line":7,"column":37},"end":{"line":7,"column":54}},"type":"binary-expr","locations":[{"start":{"line":7,"column":37},"end":{"line":7,"column":51}},{"start":{"line":7,"column":51},"end":{"line":7,"column":54}}],"line":7},"1":{"loc":{"start":{"line":8,"column":45},"end":{"line":8,"column":66}},"type":"binary-expr","locations":[{"start":{"line":8,"column":45},"end":{"line":8,"column":63}},{"start":{"line":8,"column":63},"end":{"line":8,"column":66}}],"line":8},"2":{"loc":{"start":{"line":9,"column":39},"end":{"line":9,"column":57}},"type":"binary-expr","locations":[{"start":{"line":9,"column":39},"end":{"line":9,"column":54}},{"start":{"line":9,"column":54},"end":{"line":9,"column":57}}],"line":9},"3":{"loc":{"start":{"line":24,"column":8},"end":{"line":29,"column":null}},"type":"if","locations":[{"start":{"line":24,"column":8},"end":{"line":29,"column":null}},{"start":{"line":28,"column":15},"end":{"line":29,"column":null}}],"line":24},"4":{"loc":{"start":{"line":78,"column":25},"end":{"line":78,"column":null}},"type":"binary-expr","locations":[{"start":{"line":78,"column":25},"end":{"line":78,"column":35}},{"start":{"line":78,"column":35},"end":{"line":78,"column":null}}],"line":78},"5":{"loc":{"start":{"line":78,"column":76},"end":{"line":78,"column":139}},"type":"cond-expr","locations":[{"start":{"line":78,"column":105},"end":{"line":78,"column":122}},{"start":{"line":78,"column":122},"end":{"line":78,"column":139}}],"line":78}},"s":{"0":7,"1":7,"2":7,"3":7,"4":7,"5":7,"6":7,"7":7,"8":1,"9":1,"10":1,"11":1,"12":1,"13":1,"14":1,"15":0,"16":7,"17":0,"18":0,"19":0,"20":1,"21":1},"f":{"0":7,"1":1,"2":0,"3":0,"4":0,"5":1,"6":1},"b":{"0":[7,0],"1":[7,0],"2":[7,0],"3":[1,0],"4":[7,2],"5":[0,2]},"meta":{"lastBranch":6,"lastFunction":7,"lastStatement":22,"seen":{"f:5:24:5:38":0,"s:6:12:6:30":0,"s:7:17:7:54":1,"b:7:37:7:51:7:51:7:54":0,"s:8:21:8:66":2,"b:8:45:8:63:8:63:8:66":1,"s:9:18:9:57":3,"b:9:39:9:54:9:54:9:57":2,"s:10:18:10:42":4,"s:11:22:11:50":5,"s:12:19:12:44":6,"s:14:25:29:Infinity":7,"f:14:25:14:32":1,"s:15:8:15:Infinity":8,"s:16:8:16:Infinity":9,"s:18:20:22:10":10,"b:24:8:29:Infinity:28:15:29:Infinity":3,"s:24:8:29:Infinity":11,"s:25:12:25:Infinity":12,"s:26:12:26:Infinity":13,"s:27:12:27:Infinity":14,"s:29:12:29:Infinity":15,"s:33:4:111:Infinity":16,"f:45:32:45:43":2,"s:45:49:45:72":17,"f:52:32:52:43":3,"s:52:49:52:76":18,"f:60:28:60:39":4,"s:60:45:60:69":19,"f:67:28:67:39":5,"s:67:45:67:69":20,"f:73:28:73:39":6,"s:73:45:73:73":21,"b:78:25:78:35:78:35:78:Infinity":4,"b:78:105:78:122:78:122:78:139":5}}}
,"/app/src/routes/MainPage/MainPage.module.scss": {"path":"/app/src/routes/MainPage/MainPage.module.scss","statementMap":{},"fnMap":{},"branchMap":{},"s":{},"f":{},"b":{},"meta":{"lastBranch":0,"lastFunction":0,"lastStatement":0,"seen":{}}}
,"/app/src/routes/MainPage/MainPage.tsx": {"path":"/app/src/routes/MainPage/MainPage.tsx","statementMap":{"0":{"start":{"line":10,"column":10},"end":{"line":10,"column":34}},"1":{"start":{"line":11,"column":18},"end":{"line":11,"column":36}},"2":{"start":{"line":12,"column":23},"end":{"line":12,"column":null}},"3":{"start":{"line":14,"column":4},"end":{"line":55,"column":null}},"4":{"start":{"line":31,"column":32},"end":{"line":31,"column":null}},"5":{"start":{"line":37,"column":74},"end":{"line":37,"column":93}},"6":{"start":{"line":41,"column":74},"end":{"line":41,"column":92}}},"fnMap":{"0":{"name":"MainPage","decl":{"start":{"line":9,"column":24},"end":{"line":9,"column":35}},"loc":{"start":{"line":9,"column":35},"end":{"line":55,"column":null}},"line":9},"1":{"name":"(anonymous_1)","decl":{"start":{"line":30,"column":47},"end":{"line":30,"column":52}},"loc":{"start":{"line":31,"column":32},"end":{"line":31,"column":null}},"line":31},"2":{"name":"(anonymous_2)","decl":{"start":{"line":37,"column":59},"end":{"line":37,"column":74}},"loc":{"start":{"line":37,"column":74},"end":{"line":37,"column":93}},"line":37},"3":{"name":"(anonymous_3)","decl":{"start":{"line":41,"column":59},"end":{"line":41,"column":74}},"loc":{"start":{"line":41,"column":74},"end":{"line":41,"column":92}},"line":41}},"branchMap":{"0":{"loc":{"start":{"line":28,"column":25},"end":{"line":29,"column":25}},"type":"binary-expr","locations":[{"start":{"line":28,"column":25},"end":{"line":28,"column":39}},{"start":{"line":28,"column":39},"end":{"line":29,"column":25}}],"line":28}},"s":{"0":5,"1":5,"2":5,"3":5,"4":4,"5":1,"6":1},"f":{"0":5,"1":4,"2":1,"3":1},"b":{"0":[5,2]},"meta":{"lastBranch":1,"lastFunction":4,"lastStatement":7,"seen":{"f:9:24:9:35":0,"s:10:10:10:34":0,"s:11:18:11:36":1,"s:12:23:12:Infinity":2,"s:14:4:55:Infinity":3,"b:28:25:28:39:28:39:29:25":0,"f:30:47:30:52":1,"s:31:32:31:Infinity":4,"f:37:59:37:74":2,"s:37:74:37:93":5,"f:41:59:41:74":3,"s:41:74:41:92":6}}}
,"/app/src/routes/NewsPage/NewsPage.module.scss": {"path":"/app/src/routes/NewsPage/NewsPage.module.scss","statementMap":{},"fnMap":{},"branchMap":{},"s":{},"f":{},"b":{},"meta":{"lastBranch":0,"lastFunction":0,"lastStatement":0,"seen":{}}}
,"/app/src/routes/NewsPage/NewsPage.tsx": {"path":"/app/src/routes/NewsPage/NewsPage.tsx","statementMap":{"0":{"start":{"line":7,"column":28},"end":{"line":7,"column":51}},"1":{"start":{"line":9,"column":4},"end":{"line":9,"column":null}},"2":{"start":{"line":9,"column":19},"end":{"line":9,"column":null}},"3":{"start":{"line":11,"column":4},"end":{"line":18,"column":null}},"4":{"start":{"line":15,"column":20},"end":{"line":15,"column":null}}},"fnMap":{"0":{"name":"NewsPage","decl":{"start":{"line":6,"column":24},"end":{"line":6,"column":35}},"loc":{"start":{"line":6,"column":35},"end":{"line":18,"column":null}},"line":6},"1":{"name":"(anonymous_1)","decl":{"start":{"line":14,"column":27},"end":{"line":14,"column":32}},"loc":{"start":{"line":15,"column":20},"end":{"line":15,"column":null}},"line":15}},"branchMap":{"0":{"loc":{"start":{"line":9,"column":4},"end":{"line":9,"column":null}},"type":"if","locations":[{"start":{"line":9,"column":4},"end":{"line":9,"column":null}},{"start":{},"end":{}}],"line":9}},"s":{"0":3,"1":3,"2":1,"3":2,"4":2},"f":{"0":3,"1":2},"b":{"0":[1,2]},"meta":{"lastBranch":1,"lastFunction":2,"lastStatement":5,"seen":{"f:6:24:6:35":0,"s:7:28:7:51":0,"b:9:4:9:Infinity:undefined:undefined:undefined:undefined":0,"s:9:4:9:Infinity":1,"s:9:19:9:Infinity":2,"s:11:4:18:Infinity":3,"f:14:27:14:32":1,"s:15:20:15:Infinity":4}}}
,"/app/src/routes/TablePage/TablePage.module.scss": {"path":"/app/src/routes/TablePage/TablePage.module.scss","statementMap":{},"fnMap":{},"branchMap":{},"s":{},"f":{},"b":{},"meta":{"lastBranch":0,"lastFunction":0,"lastStatement":0,"seen":{}}}
,"/app/src/routes/TablePage/TablePage.tsx": {"path":"/app/src/routes/TablePage/TablePage.tsx","statementMap":{"0":{"start":{"line":10,"column":22},"end":{"line":10,"column":67}},"1":{"start":{"line":11,"column":41},"end":{"line":11,"column":73}},"2":{"start":{"line":13,"column":28},"end":{"line":15,"column":null}},"3":{"start":{"line":14,"column":45},"end":{"line":14,"column":61}},"4":{"start":{"line":16,"column":25},"end":{"line":16,"column":null}},"5":{"start":{"line":17,"column":56},"end":{"line":17,"column":90}},"6":{"start":{"line":19,"column":4},"end":{"line":19,"column":null}},"7":{"start":{"line":19,"column":15},"end":{"line":19,"column":null}},"8":{"start":{"line":20,"column":4},"end":{"line":20,"column":null}},"9":{"start":{"line":20,"column":36},"end":{"line":20,"column":null}},"10":{"start":{"line":22,"column":4},"end":{"line":51,"column":null}},"11":{"start":{"line":30,"column":35},"end":{"line":30,"column":65}},"12":{"start":{"line":37,"column":35},"end":{"line":37,"column":65}},"13":{"start":{"line":49,"column":24},"end":{"line":49,"column":null}}},"fnMap":{"0":{"name":"TablePage","decl":{"start":{"line":9,"column":24},"end":{"line":9,"column":36}},"loc":{"start":{"line":9,"column":36},"end":{"line":51,"column":null}},"line":9},"1":{"name":"(anonymous_1)","decl":{"start":{"line":14,"column":31},"end":{"line":14,"column":39}},"loc":{"start":{"line":14,"column":45},"end":{"line":14,"column":61}},"line":14},"2":{"name":"(anonymous_2)","decl":{"start":{"line":30,"column":20},"end":{"line":30,"column":35}},"loc":{"start":{"line":30,"column":35},"end":{"line":30,"column":65}},"line":30},"3":{"name":"(anonymous_3)","decl":{"start":{"line":37,"column":20},"end":{"line":37,"column":35}},"loc":{"start":{"line":37,"column":35},"end":{"line":37,"column":65}},"line":37},"4":{"name":"(anonymous_4)","decl":{"start":{"line":48,"column":30},"end":{"line":48,"column":35}},"loc":{"start":{"line":49,"column":24},"end":{"line":49,"column":null}},"line":49}},"branchMap":{"0":{"loc":{"start":{"line":13,"column":28},"end":{"line":15,"column":null}},"type":"cond-expr","locations":[{"start":{"line":14,"column":10},"end":{"line":14,"column":71}},{"start":{"line":15,"column":10},"end":{"line":15,"column":null}}],"line":13},"1":{"loc":{"start":{"line":13,"column":28},"end":{"line":13,"column":null}},"type":"binary-expr","locations":[{"start":{"line":13,"column":28},"end":{"line":13,"column":42}},{"start":{"line":13,"column":42},"end":{"line":13,"column":null}}],"line":13},"2":{"loc":{"start":{"line":16,"column":25},"end":{"line":16,"column":null}},"type":"binary-expr","locations":[{"start":{"line":16,"column":25},"end":{"line":16,"column":38}},{"start":{"line":16,"column":38},"end":{"line":16,"column":null}}],"line":16},"3":{"loc":{"start":{"line":19,"column":4},"end":{"line":19,"column":null}},"type":"if","locations":[{"start":{"line":19,"column":4},"end":{"line":19,"column":null}},{"start":{},"end":{}}],"line":19},"4":{"loc":{"start":{"line":20,"column":4},"end":{"line":20,"column":null}},"type":"if","locations":[{"start":{"line":20,"column":4},"end":{"line":20,"column":null}},{"start":{},"end":{}}],"line":20},"5":{"loc":{"start":{"line":20,"column":8},"end":{"line":20,"column":36}},"type":"binary-expr","locations":[{"start":{"line":20,"column":8},"end":{"line":20,"column":24}},{"start":{"line":20,"column":24},"end":{"line":20,"column":36}}],"line":20},"6":{"loc":{"start":{"line":44,"column":13},"end":{"line":51,"column":null}},"type":"cond-expr","locations":[{"start":{"line":45,"column":16},"end":{"line":47,"column":17}},{"start":{"line":47,"column":16},"end":{"line":51,"column":null}}],"line":44}},"s":{"0":5,"1":5,"2":5,"3":16,"4":5,"5":5,"6":5,"7":0,"8":5,"9":0,"10":5,"11":0,"12":1,"13":1},"f":{"0":5,"1":16,"2":0,"3":1,"4":1},"b":{"0":[1,4],"1":[5,5],"2":[5,4],"3":[0,5],"4":[0,5],"5":[5,0],"6":[0,5]},"meta":{"lastBranch":7,"lastFunction":5,"lastStatement":14,"seen":{"f:9:24:9:36":0,"s:10:22:10:67":0,"s:11:41:11:73":1,"s:13:28:15:Infinity":2,"b:14:10:14:71:15:10:15:Infinity":0,"b:13:28:13:42:13:42:13:Infinity":1,"f:14:31:14:39":1,"s:14:45:14:61":3,"s:16:25:16:Infinity":4,"b:16:25:16:38:16:38:16:Infinity":2,"s:17:56:17:90":5,"b:19:4:19:Infinity:undefined:undefined:undefined:undefined":3,"s:19:4:19:Infinity":6,"s:19:15:19:Infinity":7,"b:20:4:20:Infinity:undefined:undefined:undefined:undefined":4,"s:20:4:20:Infinity":8,"b:20:8:20:24:20:24:20:36":5,"s:20:36:20:Infinity":9,"s:22:4:51:Infinity":10,"f:30:20:30:35":2,"s:30:35:30:65":11,"f:37:20:37:35":3,"s:37:35:37:65":12,"b:45:16:47:17:47:16:51:Infinity":6,"f:48:30:48:35":4,"s:49:24:49:Infinity":13}}}
,"/app/src/routes/TicketPage/TicketPage.module.scss": {"path":"/app/src/routes/TicketPage/TicketPage.module.scss","statementMap":{},"fnMap":{},"branchMap":{},"s":{},"f":{},"b":{},"meta":{"lastBranch":0,"lastFunction":0,"lastStatement":0,"seen":{}}}
,"/app/src/routes/TicketPage/TicketPage.tsx": {"path":"/app/src/routes/TicketPage/TicketPage.tsx","statementMap":{"0":{"start":{"line":8,"column":20},"end":{"line":8,"column":55}},"1":{"start":{"line":10,"column":4},"end":{"line":14,"column":null}},"2":{"start":{"line":11,"column":8},"end":{"line":13,"column":null}},"3":{"start":{"line":16,"column":4},"end":{"line":41,"column":null}},"4":{"start":{"line":19,"column":16},"end":{"line":34,"column":null}}},"fnMap":{"0":{"name":"TicketPage","decl":{"start":{"line":7,"column":24},"end":{"line":7,"column":36}},"loc":{"start":{"line":7,"column":36},"end":{"line":41,"column":null}},"line":7},"1":{"name":"(anonymous_1)","decl":{"start":{"line":10,"column":4},"end":{"line":10,"column":20}},"loc":{"start":{"line":10,"column":20},"end":{"line":14,"column":9}},"line":10},"2":{"name":"(anonymous_2)","decl":{"start":{"line":18,"column":21},"end":{"line":18,"column":25}},"loc":{"start":{"line":19,"column":16},"end":{"line":34,"column":null}},"line":19}},"branchMap":{},"s":{"0":5,"1":5,"2":3,"3":5,"4":1},"f":{"0":5,"1":3,"2":1},"b":{},"meta":{"lastBranch":0,"lastFunction":3,"lastStatement":5,"seen":{"f:7:24:7:36":0,"s:8:20:8:55":0,"s:10:4:14:Infinity":1,"f:10:4:10:20":1,"s:11:8:13:Infinity":2,"s:16:4:41:Infinity":3,"f:18:21:18:25":2,"s:19:16:34:Infinity":4}}}
}
