{"/app/generated/prisma/client.ts": {"path":"/app/generated/prisma/client.ts","statementMap":{"0":{"start":{"line":16,"column":0},"end":{"line":16,"column":null}},"1":{"start":{"line":40,"column":28},"end":{"line":40,"column":57}}},"fnMap":{},"branchMap":{},"s":{"0":11,"1":11},"f":{},"b":{}}
,"/app/generated/prisma/internal/class.ts": {"path":"/app/generated/prisma/internal/class.ts","statementMap":{"0":{"start":{"line":18,"column":46},"end":{"line":33,"column":null}},"1":{"start":{"line":35,"column":0},"end":{"line":35,"column":null}},"2":{"start":{"line":36,"column":0},"end":{"line":39,"column":null}},"3":{"start":{"line":42,"column":21},"end":{"line":42,"column":48}},"4":{"start":{"line":43,"column":20},"end":{"line":43,"column":53}},"5":{"start":{"line":44,"column":2},"end":{"line":44,"column":null}},"6":{"start":{"line":47,"column":0},"end":{"line":56,"column":null}},"7":{"start":{"line":48,"column":26},"end":{"line":48,"column":97}},"8":{"start":{"line":51,"column":21},"end":{"line":51,"column":104}},"9":{"start":{"line":52,"column":4},"end":{"line":52,"column":null}},"10":{"start":{"line":353,"column":2},"end":{"line":353,"column":null}}},"fnMap":{"0":{"name":"decodeBase64AsWasm","decl":{"start":{"line":41,"column":15},"end":{"line":41,"column":33}},"loc":{"start":{"line":41,"column":52},"end":{"line":45,"column":1}}},"1":{"name":"(anonymous_1)","decl":{"start":{"line":48,"column":14},"end":{"line":48,"column":19}},"loc":{"start":{"line":48,"column":26},"end":{"line":48,"column":97}}},"2":{"name":"(anonymous_2)","decl":{"start":{"line":50,"column":30},"end":{"line":50,"column":35}},"loc":{"start":{"line":50,"column":41},"end":{"line":53,"column":3}}},"3":{"name":"getPrismaClientClass","decl":{"start":{"line":352,"column":16},"end":{"line":352,"column":36}},"loc":{"start":{"line":352,"column":36},"end":{"line":354,"column":1}}}},"branchMap":{},"s":{"0":11,"1":11,"2":11,"3":11,"4":11,"5":11,"6":11,"7":11,"8":11,"9":11,"10":11},"f":{"0":11,"1":11,"2":11,"3":11},"b":{}}
,"/app/generated/prisma/internal/prismaNamespace.ts": {"path":"/app/generated/prisma/internal/prismaNamespace.ts","statementMap":{"0":{"start":{"line":32,"column":45},"end":{"line":32,"column":82}},"1":{"start":{"line":35,"column":47},"end":{"line":35,"column":86}},"2":{"start":{"line":38,"column":42},"end":{"line":38,"column":76}},"3":{"start":{"line":41,"column":47},"end":{"line":41,"column":86}},"4":{"start":{"line":44,"column":43},"end":{"line":44,"column":78}},"5":{"start":{"line":50,"column":19},"end":{"line":50,"column":33}},"6":{"start":{"line":51,"column":21},"end":{"line":51,"column":34}},"7":{"start":{"line":52,"column":20},"end":{"line":52,"column":32}},"8":{"start":{"line":53,"column":19},"end":{"line":53,"column":30}},"9":{"start":{"line":54,"column":19},"end":{"line":54,"column":30}},"10":{"start":{"line":62,"column":23},"end":{"line":62,"column":38}},"11":{"start":{"line":71,"column":35},"end":{"line":71,"column":73}},"12":{"start":{"line":86,"column":44},"end":{"line":89,"column":null}},"13":{"start":{"line":104,"column":25},"end":{"line":108,"column":null}},"14":{"start":{"line":114,"column":22},"end":{"line":114,"column":36}},"15":{"start":{"line":121,"column":24},"end":{"line":121,"column":40}},"16":{"start":{"line":128,"column":23},"end":{"line":128,"column":38}},"17":{"start":{"line":386,"column":25},"end":{"line":403,"column":null}},"18":{"start":{"line":1507,"column":41},"end":{"line":1512,"column":11}},"19":{"start":{"line":1517,"column":35},"end":{"line":1525,"column":null}},"20":{"start":{"line":1530,"column":37},"end":{"line":1540,"column":null}},"21":{"start":{"line":1545,"column":40},"end":{"line":1551,"column":null}},"22":{"start":{"line":1556,"column":37},"end":{"line":1560,"column":null}},"23":{"start":{"line":1565,"column":39},"end":{"line":1574,"column":null}},"24":{"start":{"line":1579,"column":38},"end":{"line":1583,"column":null}},"25":{"start":{"line":1588,"column":38},"end":{"line":1601,"column":null}},"26":{"start":{"line":1606,"column":39},"end":{"line":1612,"column":null}},"27":{"start":{"line":1617,"column":41},"end":{"line":1625,"column":null}},"28":{"start":{"line":1630,"column":41},"end":{"line":1635,"column":null}},"29":{"start":{"line":1640,"column":35},"end":{"line":1648,"column":null}},"30":{"start":{"line":1653,"column":38},"end":{"line":1662,"column":null}},"31":{"start":{"line":1667,"column":36},"end":{"line":1679,"column":null}},"32":{"start":{"line":1684,"column":37},"end":{"line":1695,"column":null}},"33":{"start":{"line":1700,"column":49},"end":{"line":1707,"column":null}},"34":{"start":{"line":1712,"column":36},"end":{"line":1719,"column":null}},"35":{"start":{"line":1724,"column":25},"end":{"line":1727,"column":null}},"36":{"start":{"line":1732,"column":45},"end":{"line":1738,"column":null}},"37":{"start":{"line":1743,"column":26},"end":{"line":1746,"column":null}},"38":{"start":{"line":1751,"column":49},"end":{"line":1758,"column":null}},"39":{"start":{"line":1763,"column":48},"end":{"line":1765,"column":null}},"40":{"start":{"line":1770,"column":48},"end":{"line":1775,"column":null}},"41":{"start":{"line":1780,"column":49},"end":{"line":1785,"column":null}},"42":{"start":{"line":1790,"column":51},"end":{"line":1795,"column":null}},"43":{"start":{"line":1800,"column":51},"end":{"line":1803,"column":null}},"44":{"start":{"line":1808,"column":45},"end":{"line":1812,"column":null}},"45":{"start":{"line":1817,"column":48},"end":{"line":1821,"column":null}},"46":{"start":{"line":1826,"column":46},"end":{"line":1832,"column":null}},"47":{"start":{"line":1837,"column":47},"end":{"line":1844,"column":null}},"48":{"start":{"line":1849,"column":59},"end":{"line":1851,"column":null}},"49":{"start":{"line":1856,"column":46},"end":{"line":1860,"column":null}},"50":{"start":{"line":1919,"column":31},"end":{"line":1919,"column":175}}},"fnMap":{},"branchMap":{},"s":{"0":11,"1":11,"2":11,"3":11,"4":11,"5":11,"6":11,"7":11,"8":11,"9":11,"10":11,"11":11,"12":11,"13":11,"14":11,"15":11,"16":11,"17":11,"18":11,"19":11,"20":11,"21":11,"22":11,"23":11,"24":11,"25":11,"26":11,"27":11,"28":11,"29":11,"30":11,"31":11,"32":11,"33":11,"34":11,"35":11,"36":11,"37":11,"38":11,"39":11,"40":11,"41":11,"42":11,"43":11,"44":11,"45":11,"46":11,"47":11,"48":11,"49":11,"50":11},"f":{},"b":{}}
,"/app/src/emailService.ts": {"path":"/app/src/emailService.ts","statementMap":{"0":{"start":{"line":3,"column":20},"end":{"line":14,"column":2}},"1":{"start":{"line":17,"column":4},"end":{"line":30,"column":5}},"2":{"start":{"line":18,"column":21},"end":{"line":23,"column":10}},"3":{"start":{"line":24,"column":8},"end":{"line":24,"column":51}},"4":{"start":{"line":25,"column":8},"end":{"line":25,"column":72}},"5":{"start":{"line":26,"column":8},"end":{"line":26,"column":20}},"6":{"start":{"line":28,"column":8},"end":{"line":28,"column":53}},"7":{"start":{"line":29,"column":8},"end":{"line":29,"column":21}},"8":{"start":{"line":45,"column":4},"end":{"line":69,"column":6}},"9":{"start":{"line":81,"column":22},"end":{"line":88,"column":15}},"10":{"start":{"line":81,"column":50},"end":{"line":88,"column":6}},"11":{"start":{"line":90,"column":4},"end":{"line":122,"column":6}},"12":{"start":{"line":132,"column":4},"end":{"line":153,"column":6}},"13":{"start":{"line":156,"column":4},"end":{"line":169,"column":5}},"14":{"start":{"line":157,"column":21},"end":{"line":162,"column":10}},"15":{"start":{"line":163,"column":8},"end":{"line":163,"column":51}},"16":{"start":{"line":164,"column":8},"end":{"line":164,"column":72}},"17":{"start":{"line":165,"column":8},"end":{"line":165,"column":20}},"18":{"start":{"line":167,"column":8},"end":{"line":167,"column":53}},"19":{"start":{"line":168,"column":8},"end":{"line":168,"column":21}},"20":{"start":{"line":179,"column":4},"end":{"line":221,"column":6}}},"fnMap":{"0":{"name":"sendTicketEmail","decl":{"start":{"line":16,"column":22},"end":{"line":16,"column":37}},"loc":{"start":{"line":16,"column":79},"end":{"line":31,"column":1}}},"1":{"name":"generateTicketEmailHtml","decl":{"start":{"line":33,"column":16},"end":{"line":33,"column":39}},"loc":{"start":{"line":44,"column":1},"end":{"line":70,"column":1}}},"2":{"name":"generateSeasonTicketEmailHtml","decl":{"start":{"line":72,"column":16},"end":{"line":72,"column":45}},"loc":{"start":{"line":80,"column":1},"end":{"line":123,"column":1}}},"3":{"name":"(anonymous_3)","decl":{"start":{"line":81,"column":45},"end":{"line":81,"column":46}},"loc":{"start":{"line":81,"column":50},"end":{"line":88,"column":6}}},"4":{"name":"generateContactEmailHtml","decl":{"start":{"line":125,"column":16},"end":{"line":125,"column":40}},"loc":{"start":{"line":131,"column":1},"end":{"line":154,"column":1}}},"5":{"name":"sendAcademyRegisterEmail","decl":{"start":{"line":155,"column":22},"end":{"line":155,"column":46}},"loc":{"start":{"line":155,"column":88},"end":{"line":170,"column":1}}},"6":{"name":"generateAcademyRegisterHtml","decl":{"start":{"line":172,"column":16},"end":{"line":172,"column":43}},"loc":{"start":{"line":178,"column":1},"end":{"line":222,"column":1}}}},"branchMap":{"0":{"loc":{"start":{"line":62,"column":110},"end":{"line":62,"column":145}},"type":"cond-expr","locations":[{"start":{"line":62,"column":124},"end":{"line":62,"column":133}},{"start":{"line":62,"column":136},"end":{"line":62,"column":145}}]},"1":{"loc":{"start":{"line":62,"column":151},"end":{"line":62,"column":194}},"type":"cond-expr","locations":[{"start":{"line":62,"column":165},"end":{"line":62,"column":177}},{"start":{"line":62,"column":180},"end":{"line":62,"column":194}}]}},"s":{"0":3,"1":2,"2":2,"3":2,"4":2,"5":2,"6":0,"7":0,"8":0,"9":1,"10":8,"11":1,"12":1,"13":3,"14":3,"15":3,"16":3,"17":3,"18":0,"19":0,"20":3},"f":{"0":2,"1":0,"2":1,"3":8,"4":1,"5":3,"6":3},"b":{"0":[0,0],"1":[0,0]}}
,"/app/src/prismaDb.ts": {"path":"/app/src/prismaDb.ts","statementMap":{"0":{"start":{"line":6,"column":16},"end":{"line":12,"column":2}},"1":{"start":{"line":14,"column":15},"end":{"line":14,"column":44}}},"fnMap":{},"branchMap":{"0":{"loc":{"start":{"line":7,"column":10},"end":{"line":7,"column":42}},"type":"binary-expr","locations":[{"start":{"line":7,"column":10},"end":{"line":7,"column":29}},{"start":{"line":7,"column":33},"end":{"line":7,"column":42}}]},"1":{"loc":{"start":{"line":8,"column":19},"end":{"line":8,"column":48}},"type":"binary-expr","locations":[{"start":{"line":8,"column":19},"end":{"line":8,"column":38}},{"start":{"line":8,"column":42},"end":{"line":8,"column":48}}]},"2":{"loc":{"start":{"line":9,"column":10},"end":{"line":9,"column":39}},"type":"binary-expr","locations":[{"start":{"line":9,"column":10},"end":{"line":9,"column":29}},{"start":{"line":9,"column":33},"end":{"line":9,"column":39}}]},"3":{"loc":{"start":{"line":10,"column":14},"end":{"line":10,"column":58}},"type":"binary-expr","locations":[{"start":{"line":10,"column":14},"end":{"line":10,"column":37}},{"start":{"line":10,"column":41},"end":{"line":10,"column":58}}]},"4":{"loc":{"start":{"line":11,"column":14},"end":{"line":11,"column":45}},"type":"binary-expr","locations":[{"start":{"line":11,"column":14},"end":{"line":11,"column":33}},{"start":{"line":11,"column":37},"end":{"line":11,"column":45}}]}},"s":{"0":11,"1":11},"f":{},"b":{"0":[11,11],"1":[11,11],"2":[11,11],"3":[11,11],"4":[11,11]}}
,"/app/src/routes/academyRegisterDbRouter.ts": {"path":"/app/src/routes/academyRegisterDbRouter.ts","statementMap":{"0":{"start":{"line":6,"column":32},"end":{"line":6,"column":40}},"1":{"start":{"line":7,"column":15},"end":{"line":7,"column":23}},"2":{"start":{"line":9,"column":0},"end":{"line":9,"column":44}},"3":{"start":{"line":11,"column":0},"end":{"line":43,"column":3}},"4":{"start":{"line":12,"column":55},"end":{"line":12,"column":63}},"5":{"start":{"line":14,"column":4},"end":{"line":16,"column":5}},"6":{"start":{"line":15,"column":8},"end":{"line":15,"column":77}},"7":{"start":{"line":18,"column":4},"end":{"line":42,"column":5}},"8":{"start":{"line":19,"column":26},"end":{"line":27,"column":10}},"9":{"start":{"line":29,"column":21},"end":{"line":35,"column":10}},"10":{"start":{"line":37,"column":8},"end":{"line":37,"column":99}},"11":{"start":{"line":39,"column":8},"end":{"line":39,"column":65}},"12":{"start":{"line":41,"column":8},"end":{"line":41,"column":60}}},"fnMap":{"0":{"name":"(anonymous_0)","decl":{"start":{"line":11,"column":34},"end":{"line":11,"column":39}},"loc":{"start":{"line":11,"column":94},"end":{"line":43,"column":1}}}},"branchMap":{"0":{"loc":{"start":{"line":14,"column":4},"end":{"line":16,"column":5}},"type":"if","locations":[{"start":{"line":14,"column":4},"end":{"line":16,"column":5}},{"start":{},"end":{}}]},"1":{"loc":{"start":{"line":14,"column":8},"end":{"line":14,"column":59}},"type":"binary-expr","locations":[{"start":{"line":14,"column":8},"end":{"line":14,"column":18}},{"start":{"line":14,"column":22},"end":{"line":14,"column":27}},{"start":{"line":14,"column":31},"end":{"line":14,"column":40}},{"start":{"line":14,"column":44},"end":{"line":14,"column":49}},{"start":{"line":14,"column":53},"end":{"line":14,"column":59}}]}},"s":{"0":1,"1":1,"2":1,"3":1,"4":4,"5":4,"6":1,"7":3,"8":3,"9":3,"10":3,"11":3,"12":0},"f":{"0":4},"b":{"0":[1,3],"1":[4,3,3,3,3]}}
,"/app/src/routes/authRouter.ts": {"path":"/app/src/routes/authRouter.ts","statementMap":{"0":{"start":{"line":6,"column":15},"end":{"line":6,"column":23}},"1":{"start":{"line":7,"column":19},"end":{"line":7,"column":69}},"2":{"start":{"line":9,"column":0},"end":{"line":50,"column":3}},"3":{"start":{"line":10,"column":4},"end":{"line":49,"column":5}},"4":{"start":{"line":11,"column":49},"end":{"line":11,"column":57}},"5":{"start":{"line":13,"column":8},"end":{"line":15,"column":9}},"6":{"start":{"line":14,"column":12},"end":{"line":14,"column":81}},"7":{"start":{"line":17,"column":25},"end":{"line":17,"column":81}},"8":{"start":{"line":18,"column":8},"end":{"line":20,"column":9}},"9":{"start":{"line":19,"column":12},"end":{"line":19,"column":92}},"10":{"start":{"line":22,"column":31},"end":{"line":22,"column":59}},"11":{"start":{"line":24,"column":21},"end":{"line":31,"column":10}},"12":{"start":{"line":33,"column":22},"end":{"line":33,"column":99}},"13":{"start":{"line":35,"column":8},"end":{"line":45,"column":11}},"14":{"start":{"line":47,"column":8},"end":{"line":47,"column":48}},"15":{"start":{"line":48,"column":8},"end":{"line":48,"column":60}},"16":{"start":{"line":52,"column":0},"end":{"line":95,"column":3}},"17":{"start":{"line":53,"column":4},"end":{"line":94,"column":5}},"18":{"start":{"line":54,"column":33},"end":{"line":54,"column":41}},"19":{"start":{"line":56,"column":8},"end":{"line":58,"column":9}},"20":{"start":{"line":57,"column":12},"end":{"line":57,"column":80}},"21":{"start":{"line":60,"column":21},"end":{"line":63,"column":10}},"22":{"start":{"line":65,"column":8},"end":{"line":67,"column":9}},"23":{"start":{"line":66,"column":12},"end":{"line":66,"column":84}},"24":{"start":{"line":69,"column":24},"end":{"line":69,"column":63}},"25":{"start":{"line":70,"column":8},"end":{"line":72,"column":9}},"26":{"start":{"line":71,"column":12},"end":{"line":71,"column":84}},"27":{"start":{"line":74,"column":22},"end":{"line":74,"column":99}},"28":{"start":{"line":76,"column":8},"end":{"line":90,"column":11}},"29":{"start":{"line":92,"column":8},"end":{"line":92,"column":45}},"30":{"start":{"line":93,"column":8},"end":{"line":93,"column":58}},"31":{"start":{"line":97,"column":0},"end":{"line":130,"column":3}},"32":{"start":{"line":98,"column":4},"end":{"line":129,"column":5}},"33":{"start":{"line":99,"column":22},"end":{"line":99,"column":62}},"34":{"start":{"line":100,"column":8},"end":{"line":102,"column":9}},"35":{"start":{"line":101,"column":12},"end":{"line":101,"column":66}},"36":{"start":{"line":104,"column":24},"end":{"line":104,"column":86}},"37":{"start":{"line":105,"column":21},"end":{"line":108,"column":10}},"38":{"start":{"line":110,"column":8},"end":{"line":112,"column":9}},"39":{"start":{"line":111,"column":12},"end":{"line":111,"column":81}},"40":{"start":{"line":114,"column":8},"end":{"line":126,"column":11}},"41":{"start":{"line":128,"column":8},"end":{"line":128,"column":63}}},"fnMap":{"0":{"name":"(anonymous_0)","decl":{"start":{"line":9,"column":25},"end":{"line":9,"column":30}},"loc":{"start":{"line":9,"column":63},"end":{"line":50,"column":1}}},"1":{"name":"(anonymous_1)","decl":{"start":{"line":52,"column":22},"end":{"line":52,"column":27}},"loc":{"start":{"line":52,"column":60},"end":{"line":95,"column":1}}},"2":{"name":"(anonymous_2)","decl":{"start":{"line":97,"column":18},"end":{"line":97,"column":23}},"loc":{"start":{"line":97,"column":56},"end":{"line":130,"column":1}}}},"branchMap":{"0":{"loc":{"start":{"line":7,"column":19},"end":{"line":7,"column":69}},"type":"binary-expr","locations":[{"start":{"line":7,"column":19},"end":{"line":7,"column":41}},{"start":{"line":7,"column":45},"end":{"line":7,"column":69}}]},"1":{"loc":{"start":{"line":13,"column":8},"end":{"line":15,"column":9}},"type":"if","locations":[{"start":{"line":13,"column":8},"end":{"line":15,"column":9}},{"start":{},"end":{}}]},"2":{"loc":{"start":{"line":13,"column":12},"end":{"line":13,"column":50}},"type":"binary-expr","locations":[{"start":{"line":13,"column":12},"end":{"line":13,"column":17}},{"start":{"line":13,"column":21},"end":{"line":13,"column":30}},{"start":{"line":13,"column":34},"end":{"line":13,"column":40}},{"start":{"line":13,"column":44},"end":{"line":13,"column":50}}]},"3":{"loc":{"start":{"line":18,"column":8},"end":{"line":20,"column":9}},"type":"if","locations":[{"start":{"line":18,"column":8},"end":{"line":20,"column":9}},{"start":{},"end":{}}]},"4":{"loc":{"start":{"line":56,"column":8},"end":{"line":58,"column":9}},"type":"if","locations":[{"start":{"line":56,"column":8},"end":{"line":58,"column":9}},{"start":{},"end":{}}]},"5":{"loc":{"start":{"line":56,"column":12},"end":{"line":56,"column":28}},"type":"binary-expr","locations":[{"start":{"line":56,"column":12},"end":{"line":56,"column":18}},{"start":{"line":56,"column":22},"end":{"line":56,"column":28}}]},"6":{"loc":{"start":{"line":65,"column":8},"end":{"line":67,"column":9}},"type":"if","locations":[{"start":{"line":65,"column":8},"end":{"line":67,"column":9}},{"start":{},"end":{}}]},"7":{"loc":{"start":{"line":70,"column":8},"end":{"line":72,"column":9}},"type":"if","locations":[{"start":{"line":70,"column":8},"end":{"line":72,"column":9}},{"start":{},"end":{}}]},"8":{"loc":{"start":{"line":84,"column":24},"end":{"line":88,"column":24}},"type":"cond-expr","locations":[{"start":{"line":84,"column":38},"end":{"line":88,"column":18}},{"start":{"line":88,"column":20},"end":{"line":88,"column":24}}]},"9":{"loc":{"start":{"line":86,"column":28},"end":{"line":87,"column":75}},"type":"cond-expr","locations":[{"start":{"line":86,"column":72},"end":{"line":86,"column":74}},{"start":{"line":87,"column":24},"end":{"line":87,"column":75}}]},"10":{"loc":{"start":{"line":87,"column":24},"end":{"line":87,"column":75}},"type":"cond-expr","locations":[{"start":{"line":87,"column":68},"end":{"line":87,"column":70}},{"start":{"line":87,"column":73},"end":{"line":87,"column":75}}]},"11":{"loc":{"start":{"line":100,"column":8},"end":{"line":102,"column":9}},"type":"if","locations":[{"start":{"line":100,"column":8},"end":{"line":102,"column":9}},{"start":{},"end":{}}]},"12":{"loc":{"start":{"line":110,"column":8},"end":{"line":112,"column":9}},"type":"if","locations":[{"start":{"line":110,"column":8},"end":{"line":112,"column":9}},{"start":{},"end":{}}]},"13":{"loc":{"start":{"line":120,"column":24},"end":{"line":124,"column":24}},"type":"cond-expr","locations":[{"start":{"line":120,"column":38},"end":{"line":124,"column":18}},{"start":{"line":124,"column":20},"end":{"line":124,"column":24}}]},"14":{"loc":{"start":{"line":122,"column":28},"end":{"line":123,"column":75}},"type":"cond-expr","locations":[{"start":{"line":122,"column":72},"end":{"line":122,"column":74}},{"start":{"line":123,"column":24},"end":{"line":123,"column":75}}]},"15":{"loc":{"start":{"line":123,"column":24},"end":{"line":123,"column":75}},"type":"cond-expr","locations":[{"start":{"line":123,"column":68},"end":{"line":123,"column":70}},{"start":{"line":123,"column":73},"end":{"line":123,"column":75}}]}},"s":{"0":1,"1":1,"2":1,"3":3,"4":3,"5":3,"6":1,"7":2,"8":2,"9":1,"10":1,"11":1,"12":1,"13":1,"14":0,"15":0,"16":1,"17":3,"18":3,"19":3,"20":1,"21":2,"22":2,"23":0,"24":2,"25":2,"26":1,"27":1,"28":1,"29":0,"30":0,"31":1,"32":3,"33":3,"34":3,"35":1,"36":2,"37":1,"38":1,"39":0,"40":1,"41":1},"f":{"0":3,"1":3,"2":3},"b":{"0":[1,1],"1":[1,2],"2":[3,3,2,2],"3":[1,1],"4":[1,2],"5":[3,3],"6":[0,2],"7":[1,1],"8":[0,1],"9":[0,0],"10":[0,0],"11":[1,2],"12":[0,1],"13":[0,1],"14":[0,0],"15":[0,0]}}
,"/app/src/routes/contactRouter.ts": {"path":"/app/src/routes/contactRouter.ts","statementMap":{"0":{"start":{"line":4,"column":15},"end":{"line":4,"column":23}},"1":{"start":{"line":6,"column":0},"end":{"line":22,"column":3}},"2":{"start":{"line":7,"column":4},"end":{"line":21,"column":5}},"3":{"start":{"line":8,"column":60},"end":{"line":8,"column":68}},"4":{"start":{"line":10,"column":8},"end":{"line":12,"column":9}},"5":{"start":{"line":11,"column":12},"end":{"line":11,"column":81}},"6":{"start":{"line":14,"column":21},"end":{"line":14,"column":90}},"7":{"start":{"line":15,"column":8},"end":{"line":15,"column":90}},"8":{"start":{"line":17,"column":8},"end":{"line":17,"column":66}},"9":{"start":{"line":19,"column":8},"end":{"line":19,"column":47}},"10":{"start":{"line":20,"column":8},"end":{"line":20,"column":69}}},"fnMap":{"0":{"name":"(anonymous_0)","decl":{"start":{"line":6,"column":21},"end":{"line":6,"column":26}},"loc":{"start":{"line":6,"column":59},"end":{"line":22,"column":1}}}},"branchMap":{"0":{"loc":{"start":{"line":10,"column":8},"end":{"line":12,"column":9}},"type":"if","locations":[{"start":{"line":10,"column":8},"end":{"line":12,"column":9}},{"start":{},"end":{}}]},"1":{"loc":{"start":{"line":10,"column":12},"end":{"line":10,"column":64}},"type":"binary-expr","locations":[{"start":{"line":10,"column":12},"end":{"line":10,"column":17}},{"start":{"line":10,"column":21},"end":{"line":10,"column":30}},{"start":{"line":10,"column":34},"end":{"line":10,"column":40}},{"start":{"line":10,"column":44},"end":{"line":10,"column":50}},{"start":{"line":10,"column":54},"end":{"line":10,"column":64}}]}},"s":{"0":1,"1":1,"2":3,"3":3,"4":3,"5":2,"6":1,"7":1,"8":1,"9":0,"10":0},"f":{"0":3},"b":{"0":[2,1],"1":[3,2,1,1,1]}}
,"/app/src/routes/matchesDbRouter.ts": {"path":"/app/src/routes/matchesDbRouter.ts","statementMap":{"0":{"start":{"line":4,"column":24},"end":{"line":4,"column":32}},"1":{"start":{"line":5,"column":0},"end":{"line":5,"column":36}},"2":{"start":{"line":6,"column":0},"end":{"line":32,"column":3}},"3":{"start":{"line":7,"column":22},"end":{"line":7,"column":32}},"4":{"start":{"line":8,"column":24},"end":{"line":8,"column":39}},"5":{"start":{"line":10,"column":4},"end":{"line":12,"column":5}},"6":{"start":{"line":11,"column":8},"end":{"line":11,"column":82}},"7":{"start":{"line":14,"column":4},"end":{"line":31,"column":5}},"8":{"start":{"line":15,"column":23},"end":{"line":27,"column":10}},"9":{"start":{"line":28,"column":8},"end":{"line":28,"column":25}},"10":{"start":{"line":30,"column":8},"end":{"line":30,"column":56}},"11":{"start":{"line":33,"column":0},"end":{"line":50,"column":null}},"12":{"start":{"line":34,"column":4},"end":{"line":49,"column":5}},"13":{"start":{"line":35,"column":23},"end":{"line":44,"column":10}},"14":{"start":{"line":45,"column":8},"end":{"line":45,"column":25}},"15":{"start":{"line":48,"column":8},"end":{"line":48,"column":47}}},"fnMap":{"0":{"name":"(anonymous_0)","decl":{"start":{"line":6,"column":31},"end":{"line":6,"column":36}},"loc":{"start":{"line":6,"column":50},"end":{"line":32,"column":1}}},"1":{"name":"(anonymous_1)","decl":{"start":{"line":33,"column":24},"end":{"line":33,"column":29}},"loc":{"start":{"line":33,"column":43},"end":{"line":50,"column":1}}}},"branchMap":{"0":{"loc":{"start":{"line":10,"column":4},"end":{"line":12,"column":5}},"type":"if","locations":[{"start":{"line":10,"column":4},"end":{"line":12,"column":5}},{"start":{},"end":{}}]}},"s":{"0":2,"1":2,"2":2,"3":1,"4":1,"5":1,"6":0,"7":1,"8":1,"9":1,"10":0,"11":2,"12":6,"13":6,"14":6,"15":0},"f":{"0":1,"1":6},"b":{"0":[0,1]}}
,"/app/src/routes/newsDbRouter.ts": {"path":"/app/src/routes/newsDbRouter.ts","statementMap":{"0":{"start":{"line":4,"column":21},"end":{"line":4,"column":29}},"1":{"start":{"line":6,"column":0},"end":{"line":20,"column":3}},"2":{"start":{"line":7,"column":4},"end":{"line":19,"column":5}},"3":{"start":{"line":8,"column":21},"end":{"line":15,"column":10}},"4":{"start":{"line":16,"column":8},"end":{"line":16,"column":23}},"5":{"start":{"line":18,"column":8},"end":{"line":18,"column":33}}},"fnMap":{"0":{"name":"(anonymous_0)","decl":{"start":{"line":6,"column":22},"end":{"line":6,"column":27}},"loc":{"start":{"line":6,"column":41},"end":{"line":20,"column":1}}}},"branchMap":{},"s":{"0":1,"1":1,"2":2,"3":2,"4":2,"5":0},"f":{"0":2},"b":{}}
,"/app/src/routes/orderRouter.ts": {"path":"/app/src/routes/orderRouter.ts","statementMap":{"0":{"start":{"line":7,"column":20},"end":{"line":7,"column":28}},"1":{"start":{"line":8,"column":0},"end":{"line":8,"column":32}},"2":{"start":{"line":10,"column":19},"end":{"line":10,"column":49}},"3":{"start":{"line":11,"column":18},"end":{"line":11,"column":42}},"4":{"start":{"line":12,"column":18},"end":{"line":12,"column":54}},"5":{"start":{"line":14,"column":0},"end":{"line":16,"column":1}},"6":{"start":{"line":15,"column":4},"end":{"line":15,"column":49}},"7":{"start":{"line":18,"column":0},"end":{"line":40,"column":3}},"8":{"start":{"line":19,"column":4},"end":{"line":39,"column":5}},"9":{"start":{"line":20,"column":37},"end":{"line":20,"column":45}},"10":{"start":{"line":22,"column":8},"end":{"line":24,"column":9}},"11":{"start":{"line":23,"column":12},"end":{"line":23,"column":77}},"12":{"start":{"line":26,"column":25},"end":{"line":26,"column":56}},"13":{"start":{"line":27,"column":25},"end":{"line":27,"column":55}},"14":{"start":{"line":29,"column":8},"end":{"line":29,"column":79}},"15":{"start":{"line":31,"column":8},"end":{"line":35,"column":11}},"16":{"start":{"line":37,"column":8},"end":{"line":37,"column":56}},"17":{"start":{"line":38,"column":8},"end":{"line":38,"column":79}},"18":{"start":{"line":42,"column":0},"end":{"line":58,"column":3}},"19":{"start":{"line":43,"column":4},"end":{"line":57,"column":5}},"20":{"start":{"line":44,"column":22},"end":{"line":44,"column":47}},"21":{"start":{"line":45,"column":23},"end":{"line":51,"column":14}},"22":{"start":{"line":46,"column":28},"end":{"line":46,"column":50}},"23":{"start":{"line":48,"column":33},"end":{"line":48,"column":59}},"24":{"start":{"line":49,"column":32},"end":{"line":49,"column":65}},"25":{"start":{"line":50,"column":16},"end":{"line":50,"column":43}},"26":{"start":{"line":53,"column":8},"end":{"line":53,"column":37}},"27":{"start":{"line":55,"column":8},"end":{"line":55,"column":55}},"28":{"start":{"line":56,"column":8},"end":{"line":56,"column":78}},"29":{"start":{"line":60,"column":0},"end":{"line":78,"column":3}},"30":{"start":{"line":61,"column":4},"end":{"line":77,"column":5}},"31":{"start":{"line":62,"column":32},"end":{"line":62,"column":42}},"32":{"start":{"line":63,"column":25},"end":{"line":63,"column":46}},"33":{"start":{"line":64,"column":25},"end":{"line":64,"column":55}},"34":{"start":{"line":66,"column":8},"end":{"line":68,"column":9}},"35":{"start":{"line":67,"column":12},"end":{"line":67,"column":80}},"36":{"start":{"line":70,"column":24},"end":{"line":70,"column":57}},"37":{"start":{"line":71,"column":22},"end":{"line":71,"column":41}},"38":{"start":{"line":73,"column":8},"end":{"line":73,"column":36}},"39":{"start":{"line":75,"column":8},"end":{"line":75,"column":57}},"40":{"start":{"line":76,"column":8},"end":{"line":76,"column":80}},"41":{"start":{"line":80,"column":0},"end":{"line":97,"column":3}},"42":{"start":{"line":81,"column":4},"end":{"line":96,"column":5}},"43":{"start":{"line":82,"column":32},"end":{"line":82,"column":42}},"44":{"start":{"line":83,"column":25},"end":{"line":83,"column":46}},"45":{"start":{"line":84,"column":25},"end":{"line":84,"column":55}},"46":{"start":{"line":86,"column":8},"end":{"line":88,"column":9}},"47":{"start":{"line":87,"column":12},"end":{"line":87,"column":80}},"48":{"start":{"line":90,"column":8},"end":{"line":90,"column":32}},"49":{"start":{"line":92,"column":8},"end":{"line":92,"column":88}},"50":{"start":{"line":94,"column":8},"end":{"line":94,"column":58}},"51":{"start":{"line":95,"column":8},"end":{"line":95,"column":76}}},"fnMap":{"0":{"name":"(anonymous_0)","decl":{"start":{"line":18,"column":32},"end":{"line":18,"column":33}},"loc":{"start":{"line":18,"column":64},"end":{"line":40,"column":1}}},"1":{"name":"(anonymous_1)","decl":{"start":{"line":42,"column":27},"end":{"line":42,"column":28}},"loc":{"start":{"line":42,"column":59},"end":{"line":58,"column":1}}},"2":{"name":"(anonymous_2)","decl":{"start":{"line":46,"column":20},"end":{"line":46,"column":24}},"loc":{"start":{"line":46,"column":28},"end":{"line":46,"column":50}}},"3":{"name":"(anonymous_3)","decl":{"start":{"line":47,"column":17},"end":{"line":47,"column":21}},"loc":{"start":{"line":47,"column":24},"end":{"line":51,"column":13}}},"4":{"name":"(anonymous_4)","decl":{"start":{"line":60,"column":39},"end":{"line":60,"column":40}},"loc":{"start":{"line":60,"column":71},"end":{"line":78,"column":1}}},"5":{"name":"(anonymous_5)","decl":{"start":{"line":80,"column":42},"end":{"line":80,"column":43}},"loc":{"start":{"line":80,"column":74},"end":{"line":97,"column":1}}}},"branchMap":{"0":{"loc":{"start":{"line":14,"column":0},"end":{"line":16,"column":1}},"type":"if","locations":[{"start":{"line":14,"column":0},"end":{"line":16,"column":1}},{"start":{},"end":{}}]},"1":{"loc":{"start":{"line":22,"column":8},"end":{"line":24,"column":9}},"type":"if","locations":[{"start":{"line":22,"column":8},"end":{"line":24,"column":9}},{"start":{},"end":{}}]},"2":{"loc":{"start":{"line":66,"column":8},"end":{"line":68,"column":9}},"type":"if","locations":[{"start":{"line":66,"column":8},"end":{"line":68,"column":9}},{"start":{},"end":{}}]},"3":{"loc":{"start":{"line":86,"column":8},"end":{"line":88,"column":9}},"type":"if","locations":[{"start":{"line":86,"column":8},"end":{"line":88,"column":9}},{"start":{},"end":{}}]}},"s":{"0":1,"1":1,"2":1,"3":1,"4":1,"5":1,"6":0,"7":1,"8":2,"9":2,"10":2,"11":1,"12":1,"13":1,"14":1,"15":1,"16":0,"17":0,"18":1,"19":1,"20":1,"21":1,"22":2,"23":2,"24":2,"25":2,"26":1,"27":0,"28":0,"29":1,"30":1,"31":1,"32":1,"33":1,"34":1,"35":1,"36":0,"37":0,"38":0,"39":0,"40":0,"41":1,"42":1,"43":1,"44":1,"45":1,"46":1,"47":1,"48":0,"49":0,"50":0,"51":0},"f":{"0":2,"1":1,"2":2,"3":2,"4":1,"5":1},"b":{"0":[0,1],"1":[1,1],"2":[1,0],"3":[1,0]}}
,"/app/src/routes/playersDbRouter.ts": {"path":"/app/src/routes/playersDbRouter.ts","statementMap":{"0":{"start":{"line":3,"column":24},"end":{"line":3,"column":32}},"1":{"start":{"line":4,"column":0},"end":{"line":4,"column":36}},"2":{"start":{"line":5,"column":0},"end":{"line":12,"column":null}},"3":{"start":{"line":6,"column":19},"end":{"line":10,"column":6}},"4":{"start":{"line":11,"column":4},"end":{"line":11,"column":21}}},"fnMap":{"0":{"name":"(anonymous_0)","decl":{"start":{"line":5,"column":25},"end":{"line":5,"column":30}},"loc":{"start":{"line":5,"column":44},"end":{"line":12,"column":1}}}},"branchMap":{},"s":{"0":1,"1":1,"2":1,"3":2,"4":2},"f":{"0":2},"b":{}}
,"/app/src/routes/scoutDbRouter.ts": {"path":"/app/src/routes/scoutDbRouter.ts","statementMap":{"0":{"start":{"line":3,"column":22},"end":{"line":3,"column":30}},"1":{"start":{"line":4,"column":0},"end":{"line":4,"column":34}},"2":{"start":{"line":5,"column":0},"end":{"line":12,"column":3}},"3":{"start":{"line":6,"column":19},"end":{"line":10,"column":6}},"4":{"start":{"line":11,"column":4},"end":{"line":11,"column":21}}},"fnMap":{"0":{"name":"(anonymous_0)","decl":{"start":{"line":5,"column":23},"end":{"line":5,"column":28}},"loc":{"start":{"line":5,"column":41},"end":{"line":12,"column":1}}}},"branchMap":{},"s":{"0":1,"1":1,"2":1,"3":2,"4":2},"f":{"0":2},"b":{}}
,"/app/src/routes/shopDbRouter.ts": {"path":"/app/src/routes/shopDbRouter.ts","statementMap":{"0":{"start":{"line":3,"column":21},"end":{"line":3,"column":29}},"1":{"start":{"line":4,"column":0},"end":{"line":4,"column":33}},"2":{"start":{"line":5,"column":0},"end":{"line":8,"column":3}},"3":{"start":{"line":6,"column":19},"end":{"line":6,"column":51}},"4":{"start":{"line":7,"column":4},"end":{"line":7,"column":21}},"5":{"start":{"line":9,"column":0},"end":{"line":18,"column":3}},"6":{"start":{"line":10,"column":15},"end":{"line":10,"column":38}},"7":{"start":{"line":11,"column":19},"end":{"line":13,"column":6}},"8":{"start":{"line":14,"column":4},"end":{"line":16,"column":5}},"9":{"start":{"line":15,"column":8},"end":{"line":15,"column":70}},"10":{"start":{"line":17,"column":4},"end":{"line":17,"column":21}}},"fnMap":{"0":{"name":"(anonymous_0)","decl":{"start":{"line":5,"column":22},"end":{"line":5,"column":27}},"loc":{"start":{"line":5,"column":40},"end":{"line":8,"column":1}}},"1":{"name":"(anonymous_1)","decl":{"start":{"line":9,"column":25},"end":{"line":9,"column":30}},"loc":{"start":{"line":9,"column":43},"end":{"line":18,"column":1}}}},"branchMap":{"0":{"loc":{"start":{"line":14,"column":4},"end":{"line":16,"column":5}},"type":"if","locations":[{"start":{"line":14,"column":4},"end":{"line":16,"column":5}},{"start":{},"end":{}}]}},"s":{"0":1,"1":1,"2":1,"3":1,"4":1,"5":1,"6":2,"7":2,"8":2,"9":1,"10":1},"f":{"0":1,"1":2},"b":{"0":[1,1]}}
,"/app/src/routes/staffDbRouter.ts": {"path":"/app/src/routes/staffDbRouter.ts","statementMap":{"0":{"start":{"line":3,"column":22},"end":{"line":3,"column":30}},"1":{"start":{"line":4,"column":0},"end":{"line":4,"column":34}},"2":{"start":{"line":5,"column":0},"end":{"line":8,"column":null}},"3":{"start":{"line":6,"column":19},"end":{"line":6,"column":51}},"4":{"start":{"line":7,"column":4},"end":{"line":7,"column":21}}},"fnMap":{"0":{"name":"(anonymous_0)","decl":{"start":{"line":5,"column":23},"end":{"line":5,"column":28}},"loc":{"start":{"line":5,"column":42},"end":{"line":8,"column":1}}}},"branchMap":{},"s":{"0":1,"1":1,"2":1,"3":2,"4":2},"f":{"0":2},"b":{}}
,"/app/src/routes/tableDbRouter.ts": {"path":"/app/src/routes/tableDbRouter.ts","statementMap":{"0":{"start":{"line":4,"column":22},"end":{"line":4,"column":30}},"1":{"start":{"line":5,"column":0},"end":{"line":5,"column":34}},"2":{"start":{"line":7,"column":0},"end":{"line":68,"column":3}},"3":{"start":{"line":8,"column":4},"end":{"line":67,"column":5}},"4":{"start":{"line":9,"column":22},"end":{"line":9,"column":32}},"5":{"start":{"line":11,"column":34},"end":{"line":17,"column":10}},"6":{"start":{"line":19,"column":8},"end":{"line":58,"column":9}},"7":{"start":{"line":20,"column":26},"end":{"line":20,"column":100}},"8":{"start":{"line":21,"column":26},"end":{"line":21,"column":95}},"9":{"start":{"line":23,"column":12},"end":{"line":29,"column":15}},"10":{"start":{"line":31,"column":12},"end":{"line":43,"column":15}},"11":{"start":{"line":45,"column":12},"end":{"line":57,"column":15}},"12":{"start":{"line":60,"column":23},"end":{"line":62,"column":10}},"13":{"start":{"line":64,"column":8},"end":{"line":64,"column":25}},"14":{"start":{"line":66,"column":8},"end":{"line":66,"column":33}}},"fnMap":{"0":{"name":"(anonymous_0)","decl":{"start":{"line":7,"column":23},"end":{"line":7,"column":28}},"loc":{"start":{"line":7,"column":42},"end":{"line":68,"column":1}}}},"branchMap":{"0":{"loc":{"start":{"line":35,"column":45},"end":{"line":35,"column":66}},"type":"cond-expr","locations":[{"start":{"line":35,"column":61},"end":{"line":35,"column":62}},{"start":{"line":35,"column":65},"end":{"line":35,"column":66}}]},"1":{"loc":{"start":{"line":36,"column":41},"end":{"line":36,"column":64}},"type":"cond-expr","locations":[{"start":{"line":36,"column":59},"end":{"line":36,"column":60}},{"start":{"line":36,"column":63},"end":{"line":36,"column":64}}]},"2":{"loc":{"start":{"line":37,"column":42},"end":{"line":37,"column":63}},"type":"cond-expr","locations":[{"start":{"line":37,"column":58},"end":{"line":37,"column":59}},{"start":{"line":37,"column":62},"end":{"line":37,"column":63}}]},"3":{"loc":{"start":{"line":41,"column":41},"end":{"line":41,"column":86}},"type":"cond-expr","locations":[{"start":{"line":41,"column":57},"end":{"line":41,"column":58}},{"start":{"line":41,"column":62},"end":{"line":41,"column":85}}]},"4":{"loc":{"start":{"line":41,"column":62},"end":{"line":41,"column":85}},"type":"cond-expr","locations":[{"start":{"line":41,"column":80},"end":{"line":41,"column":81}},{"start":{"line":41,"column":84},"end":{"line":41,"column":85}}]},"5":{"loc":{"start":{"line":49,"column":45},"end":{"line":49,"column":66}},"type":"cond-expr","locations":[{"start":{"line":49,"column":61},"end":{"line":49,"column":62}},{"start":{"line":49,"column":65},"end":{"line":49,"column":66}}]},"6":{"loc":{"start":{"line":50,"column":41},"end":{"line":50,"column":64}},"type":"cond-expr","locations":[{"start":{"line":50,"column":59},"end":{"line":50,"column":60}},{"start":{"line":50,"column":63},"end":{"line":50,"column":64}}]},"7":{"loc":{"start":{"line":51,"column":42},"end":{"line":51,"column":63}},"type":"cond-expr","locations":[{"start":{"line":51,"column":58},"end":{"line":51,"column":59}},{"start":{"line":51,"column":62},"end":{"line":51,"column":63}}]},"8":{"loc":{"start":{"line":55,"column":41},"end":{"line":55,"column":86}},"type":"cond-expr","locations":[{"start":{"line":55,"column":57},"end":{"line":55,"column":58}},{"start":{"line":55,"column":62},"end":{"line":55,"column":85}}]},"9":{"loc":{"start":{"line":55,"column":62},"end":{"line":55,"column":85}},"type":"cond-expr","locations":[{"start":{"line":55,"column":80},"end":{"line":55,"column":81}},{"start":{"line":55,"column":84},"end":{"line":55,"column":85}}]}},"s":{"0":2,"1":2,"2":2,"3":8,"4":8,"5":8,"6":8,"7":0,"8":0,"9":0,"10":0,"11":0,"12":8,"13":8,"14":0},"f":{"0":8},"b":{"0":[0,0],"1":[0,0],"2":[0,0],"3":[0,0],"4":[0,0],"5":[0,0],"6":[0,0],"7":[0,0],"8":[0,0],"9":[0,0]}}
,"/app/src/routes/ticketsRouter.ts": {"path":"/app/src/routes/ticketsRouter.ts","statementMap":{"0":{"start":{"line":5,"column":15},"end":{"line":5,"column":23}},"1":{"start":{"line":7,"column":0},"end":{"line":34,"column":3}},"2":{"start":{"line":8,"column":4},"end":{"line":33,"column":5}},"3":{"start":{"line":9,"column":24},"end":{"line":19,"column":10}},"4":{"start":{"line":21,"column":32},"end":{"line":27,"column":11}},"5":{"start":{"line":21,"column":56},"end":{"line":27,"column":10}},"6":{"start":{"line":29,"column":8},"end":{"line":29,"column":34}},"7":{"start":{"line":31,"column":8},"end":{"line":31,"column":56}},"8":{"start":{"line":32,"column":8},"end":{"line":32,"column":66}},"9":{"start":{"line":36,"column":0},"end":{"line":68,"column":3}},"10":{"start":{"line":37,"column":4},"end":{"line":67,"column":5}},"11":{"start":{"line":38,"column":24},"end":{"line":38,"column":55}},"12":{"start":{"line":40,"column":22},"end":{"line":51,"column":10}},"13":{"start":{"line":53,"column":8},"end":{"line":55,"column":9}},"14":{"start":{"line":54,"column":12},"end":{"line":54,"column":70}},"15":{"start":{"line":57,"column":8},"end":{"line":63,"column":11}},"16":{"start":{"line":65,"column":8},"end":{"line":65,"column":54}},"17":{"start":{"line":66,"column":8},"end":{"line":66,"column":64}},"18":{"start":{"line":70,"column":0},"end":{"line":107,"column":3}},"19":{"start":{"line":71,"column":4},"end":{"line":106,"column":5}},"20":{"start":{"line":72,"column":32},"end":{"line":72,"column":41}},"21":{"start":{"line":73,"column":24},"end":{"line":73,"column":55}},"22":{"start":{"line":75,"column":22},"end":{"line":77,"column":10}},"23":{"start":{"line":79,"column":8},"end":{"line":81,"column":9}},"24":{"start":{"line":80,"column":12},"end":{"line":80,"column":70}},"25":{"start":{"line":83,"column":27},"end":{"line":83,"column":48}},"26":{"start":{"line":84,"column":8},"end":{"line":84,"column":42}},"27":{"start":{"line":84,"column":20},"end":{"line":84,"column":42}},"28":{"start":{"line":85,"column":8},"end":{"line":85,"column":34}},"29":{"start":{"line":85,"column":17},"end":{"line":85,"column":34}},"30":{"start":{"line":87,"column":22},"end":{"line":94,"column":10}},"31":{"start":{"line":96,"column":8},"end":{"line":102,"column":11}},"32":{"start":{"line":104,"column":8},"end":{"line":104,"column":54}},"33":{"start":{"line":105,"column":8},"end":{"line":105,"column":64}},"34":{"start":{"line":109,"column":0},"end":{"line":127,"column":3}},"35":{"start":{"line":110,"column":4},"end":{"line":126,"column":5}},"36":{"start":{"line":111,"column":24},"end":{"line":111,"column":60}},"37":{"start":{"line":112,"column":23},"end":{"line":112,"column":58}},"38":{"start":{"line":114,"column":21},"end":{"line":120,"column":10}},"39":{"start":{"line":122,"column":8},"end":{"line":122,"column":60}},"40":{"start":{"line":124,"column":8},"end":{"line":124,"column":53}},"41":{"start":{"line":125,"column":8},"end":{"line":125,"column":63}},"42":{"start":{"line":129,"column":0},"end":{"line":209,"column":3}},"43":{"start":{"line":130,"column":4},"end":{"line":208,"column":5}},"44":{"start":{"line":131,"column":76},"end":{"line":131,"column":84}},"45":{"start":{"line":133,"column":8},"end":{"line":135,"column":9}},"46":{"start":{"line":134,"column":12},"end":{"line":134,"column":67}},"47":{"start":{"line":137,"column":22},"end":{"line":139,"column":10}},"48":{"start":{"line":141,"column":8},"end":{"line":143,"column":9}},"49":{"start":{"line":142,"column":12},"end":{"line":142,"column":70}},"50":{"start":{"line":145,"column":32},"end":{"line":145,"column":93}},"51":{"start":{"line":147,"column":21},"end":{"line":153,"column":10}},"52":{"start":{"line":155,"column":8},"end":{"line":157,"column":9}},"53":{"start":{"line":156,"column":12},"end":{"line":156,"column":94}},"54":{"start":{"line":159,"column":27},"end":{"line":159,"column":106}},"55":{"start":{"line":161,"column":23},"end":{"line":179,"column":10}},"56":{"start":{"line":181,"column":26},"end":{"line":181,"column":190}},"57":{"start":{"line":183,"column":26},"end":{"line":196,"column":10}},"58":{"start":{"line":198,"column":8},"end":{"line":198,"column":89}},"59":{"start":{"line":200,"column":8},"end":{"line":204,"column":11}},"60":{"start":{"line":206,"column":8},"end":{"line":206,"column":53}},"61":{"start":{"line":207,"column":8},"end":{"line":207,"column":63}},"62":{"start":{"line":211,"column":0},"end":{"line":223,"column":3}},"63":{"start":{"line":212,"column":4},"end":{"line":222,"column":5}},"64":{"start":{"line":213,"column":24},"end":{"line":217,"column":10}},"65":{"start":{"line":218,"column":8},"end":{"line":218,"column":26}},"66":{"start":{"line":220,"column":8},"end":{"line":220,"column":56}},"67":{"start":{"line":221,"column":8},"end":{"line":221,"column":66}},"68":{"start":{"line":225,"column":0},"end":{"line":250,"column":3}},"69":{"start":{"line":226,"column":4},"end":{"line":249,"column":5}},"70":{"start":{"line":227,"column":25},"end":{"line":227,"column":56}},"71":{"start":{"line":229,"column":23},"end":{"line":231,"column":10}},"72":{"start":{"line":233,"column":8},"end":{"line":235,"column":9}},"73":{"start":{"line":234,"column":12},"end":{"line":234,"column":71}},"74":{"start":{"line":237,"column":8},"end":{"line":243,"column":11}},"75":{"start":{"line":245,"column":8},"end":{"line":245,"column":89}},"76":{"start":{"line":247,"column":8},"end":{"line":247,"column":57}},"77":{"start":{"line":248,"column":8},"end":{"line":248,"column":67}},"78":{"start":{"line":252,"column":0},"end":{"line":372,"column":3}},"79":{"start":{"line":253,"column":4},"end":{"line":371,"column":5}},"80":{"start":{"line":254,"column":74},"end":{"line":254,"column":82}},"81":{"start":{"line":256,"column":8},"end":{"line":258,"column":9}},"82":{"start":{"line":257,"column":12},"end":{"line":257,"column":67}},"83":{"start":{"line":260,"column":25},"end":{"line":260,"column":104}},"84":{"start":{"line":261,"column":23},"end":{"line":261,"column":29}},"85":{"start":{"line":263,"column":54},"end":{"line":267,"column":10}},"86":{"start":{"line":269,"column":27},"end":{"line":269,"column":69}},"87":{"start":{"line":270,"column":52},"end":{"line":274,"column":10}},"88":{"start":{"line":276,"column":24},"end":{"line":276,"column":55}},"89":{"start":{"line":278,"column":29},"end":{"line":289,"column":10}},"90":{"start":{"line":291,"column":8},"end":{"line":296,"column":9}},"91":{"start":{"line":292,"column":12},"end":{"line":295,"column":15}},"92":{"start":{"line":298,"column":34},"end":{"line":305,"column":10}},"93":{"start":{"line":307,"column":37},"end":{"line":307,"column":39}},"94":{"start":{"line":309,"column":8},"end":{"line":338,"column":9}},"95":{"start":{"line":310,"column":29},"end":{"line":321,"column":14}},"96":{"start":{"line":323,"column":12},"end":{"line":337,"column":13}},"97":{"start":{"line":324,"column":16},"end":{"line":327,"column":19}},"98":{"start":{"line":329,"column":16},"end":{"line":336,"column":19}},"99":{"start":{"line":340,"column":31},"end":{"line":341,"column":72}},"100":{"start":{"line":343,"column":32},"end":{"line":344,"column":50}},"101":{"start":{"line":346,"column":26},"end":{"line":354,"column":10}},"102":{"start":{"line":356,"column":8},"end":{"line":356,"column":96}},"103":{"start":{"line":358,"column":8},"end":{"line":363,"column":11}},"104":{"start":{"line":366,"column":8},"end":{"line":366,"column":60}},"105":{"start":{"line":367,"column":8},"end":{"line":370,"column":11}}},"fnMap":{"0":{"name":"(anonymous_0)","decl":{"start":{"line":7,"column":32},"end":{"line":7,"column":37}},"loc":{"start":{"line":7,"column":70},"end":{"line":34,"column":1}}},"1":{"name":"(anonymous_1)","decl":{"start":{"line":21,"column":44},"end":{"line":21,"column":45}},"loc":{"start":{"line":21,"column":56},"end":{"line":27,"column":10}}},"2":{"name":"(anonymous_2)","decl":{"start":{"line":36,"column":27},"end":{"line":36,"column":32}},"loc":{"start":{"line":36,"column":65},"end":{"line":68,"column":1}}},"3":{"name":"(anonymous_3)","decl":{"start":{"line":70,"column":33},"end":{"line":70,"column":38}},"loc":{"start":{"line":70,"column":71},"end":{"line":107,"column":1}}},"4":{"name":"(anonymous_4)","decl":{"start":{"line":109,"column":52},"end":{"line":109,"column":57}},"loc":{"start":{"line":109,"column":90},"end":{"line":127,"column":1}}},"5":{"name":"(anonymous_5)","decl":{"start":{"line":129,"column":28},"end":{"line":129,"column":33}},"loc":{"start":{"line":129,"column":66},"end":{"line":209,"column":1}}},"6":{"name":"(anonymous_6)","decl":{"start":{"line":211,"column":35},"end":{"line":211,"column":40}},"loc":{"start":{"line":211,"column":73},"end":{"line":223,"column":1}}},"7":{"name":"(anonymous_7)","decl":{"start":{"line":225,"column":35},"end":{"line":225,"column":40}},"loc":{"start":{"line":225,"column":73},"end":{"line":250,"column":1}}},"8":{"name":"(anonymous_8)","decl":{"start":{"line":252,"column":34},"end":{"line":252,"column":39}},"loc":{"start":{"line":252,"column":72},"end":{"line":372,"column":1}}}},"branchMap":{"0":{"loc":{"start":{"line":23,"column":24},"end":{"line":23,"column":58}},"type":"cond-expr","locations":[{"start":{"line":23,"column":43},"end":{"line":23,"column":49}},{"start":{"line":23,"column":52},"end":{"line":23,"column":58}}]},"1":{"loc":{"start":{"line":24,"column":22},"end":{"line":26,"column":93}},"type":"cond-expr","locations":[{"start":{"line":25,"column":18},"end":{"line":25,"column":47}},{"start":{"line":26,"column":18},"end":{"line":26,"column":93}}]},"2":{"loc":{"start":{"line":26,"column":21},"end":{"line":26,"column":56}},"type":"binary-expr","locations":[{"start":{"line":26,"column":21},"end":{"line":26,"column":34}},{"start":{"line":26,"column":38},"end":{"line":26,"column":56}}]},"3":{"loc":{"start":{"line":26,"column":61},"end":{"line":26,"column":91}},"type":"binary-expr","locations":[{"start":{"line":26,"column":61},"end":{"line":26,"column":73}},{"start":{"line":26,"column":77},"end":{"line":26,"column":91}}]},"4":{"loc":{"start":{"line":53,"column":8},"end":{"line":55,"column":9}},"type":"if","locations":[{"start":{"line":53,"column":8},"end":{"line":55,"column":9}},{"start":{},"end":{}}]},"5":{"loc":{"start":{"line":59,"column":24},"end":{"line":59,"column":58}},"type":"cond-expr","locations":[{"start":{"line":59,"column":43},"end":{"line":59,"column":49}},{"start":{"line":59,"column":52},"end":{"line":59,"column":58}}]},"6":{"loc":{"start":{"line":60,"column":36},"end":{"line":62,"column":30}},"type":"cond-expr","locations":[{"start":{"line":61,"column":18},"end":{"line":61,"column":63}},{"start":{"line":62,"column":18},"end":{"line":62,"column":30}}]},"7":{"loc":{"start":{"line":79,"column":8},"end":{"line":81,"column":9}},"type":"if","locations":[{"start":{"line":79,"column":8},"end":{"line":81,"column":9}},{"start":{},"end":{}}]},"8":{"loc":{"start":{"line":84,"column":8},"end":{"line":84,"column":42}},"type":"if","locations":[{"start":{"line":84,"column":8},"end":{"line":84,"column":42}},{"start":{},"end":{}}]},"9":{"loc":{"start":{"line":85,"column":8},"end":{"line":85,"column":34}},"type":"if","locations":[{"start":{"line":85,"column":8},"end":{"line":85,"column":34}},{"start":{},"end":{}}]},"10":{"loc":{"start":{"line":99,"column":18},"end":{"line":101,"column":65}},"type":"cond-expr","locations":[{"start":{"line":100,"column":18},"end":{"line":100,"column":57}},{"start":{"line":101,"column":18},"end":{"line":101,"column":65}}]},"11":{"loc":{"start":{"line":122,"column":44},"end":{"line":122,"column":56}},"type":"binary-expr","locations":[{"start":{"line":122,"column":44},"end":{"line":122,"column":48}},{"start":{"line":122,"column":52},"end":{"line":122,"column":56}}]},"12":{"loc":{"start":{"line":133,"column":8},"end":{"line":135,"column":9}},"type":"if","locations":[{"start":{"line":133,"column":8},"end":{"line":135,"column":9}},{"start":{},"end":{}}]},"13":{"loc":{"start":{"line":133,"column":12},"end":{"line":133,"column":68}},"type":"binary-expr","locations":[{"start":{"line":133,"column":12},"end":{"line":133,"column":20}},{"start":{"line":133,"column":24},"end":{"line":133,"column":31}},{"start":{"line":133,"column":35},"end":{"line":133,"column":45}},{"start":{"line":133,"column":49},"end":{"line":133,"column":58}},{"start":{"line":133,"column":62},"end":{"line":133,"column":68}}]},"14":{"loc":{"start":{"line":141,"column":8},"end":{"line":143,"column":9}},"type":"if","locations":[{"start":{"line":141,"column":8},"end":{"line":143,"column":9}},{"start":{},"end":{}}]},"15":{"loc":{"start":{"line":145,"column":32},"end":{"line":145,"column":93}},"type":"cond-expr","locations":[{"start":{"line":145,"column":52},"end":{"line":145,"column":79}},{"start":{"line":145,"column":83},"end":{"line":145,"column":93}}]},"16":{"loc":{"start":{"line":145,"column":52},"end":{"line":145,"column":79}},"type":"binary-expr","locations":[{"start":{"line":145,"column":52},"end":{"line":145,"column":62}},{"start":{"line":145,"column":66},"end":{"line":145,"column":79}}]},"17":{"loc":{"start":{"line":155,"column":8},"end":{"line":157,"column":9}},"type":"if","locations":[{"start":{"line":155,"column":8},"end":{"line":157,"column":9}},{"start":{},"end":{}}]},"18":{"loc":{"start":{"line":181,"column":29},"end":{"line":181,"column":75}},"type":"cond-expr","locations":[{"start":{"line":181,"column":48},"end":{"line":181,"column":56}},{"start":{"line":181,"column":59},"end":{"line":181,"column":75}}]},"19":{"loc":{"start":{"line":181,"column":82},"end":{"line":181,"column":128}},"type":"cond-expr","locations":[{"start":{"line":181,"column":101},"end":{"line":181,"column":117}},{"start":{"line":181,"column":120},"end":{"line":181,"column":128}}]},"20":{"loc":{"start":{"line":187,"column":24},"end":{"line":189,"column":88}},"type":"cond-expr","locations":[{"start":{"line":187,"column":60},"end":{"line":187,"column":73}},{"start":{"line":188,"column":16},"end":{"line":189,"column":88}}]},"21":{"loc":{"start":{"line":188,"column":16},"end":{"line":189,"column":88}},"type":"cond-expr","locations":[{"start":{"line":188,"column":52},"end":{"line":188,"column":65}},{"start":{"line":189,"column":20},"end":{"line":189,"column":88}}]},"22":{"loc":{"start":{"line":189,"column":20},"end":{"line":189,"column":88}},"type":"cond-expr","locations":[{"start":{"line":189,"column":56},"end":{"line":189,"column":69}},{"start":{"line":189,"column":72},"end":{"line":189,"column":88}}]},"23":{"loc":{"start":{"line":233,"column":8},"end":{"line":235,"column":9}},"type":"if","locations":[{"start":{"line":233,"column":8},"end":{"line":235,"column":9}},{"start":{},"end":{}}]},"24":{"loc":{"start":{"line":256,"column":8},"end":{"line":258,"column":9}},"type":"if","locations":[{"start":{"line":256,"column":8},"end":{"line":258,"column":9}},{"start":{},"end":{}}]},"25":{"loc":{"start":{"line":256,"column":12},"end":{"line":256,"column":70}},"type":"binary-expr","locations":[{"start":{"line":256,"column":12},"end":{"line":256,"column":22}},{"start":{"line":256,"column":26},"end":{"line":256,"column":35}},{"start":{"line":256,"column":39},"end":{"line":256,"column":45}},{"start":{"line":256,"column":49},"end":{"line":256,"column":60}},{"start":{"line":256,"column":64},"end":{"line":256,"column":70}}]},"26":{"loc":{"start":{"line":269,"column":27},"end":{"line":269,"column":69}},"type":"binary-expr","locations":[{"start":{"line":269,"column":27},"end":{"line":269,"column":52}},{"start":{"line":269,"column":56},"end":{"line":269,"column":69}}]},"27":{"loc":{"start":{"line":276,"column":24},"end":{"line":276,"column":55}},"type":"binary-expr","locations":[{"start":{"line":276,"column":24},"end":{"line":276,"column":45}},{"start":{"line":276,"column":49},"end":{"line":276,"column":55}}]},"28":{"loc":{"start":{"line":291,"column":8},"end":{"line":296,"column":9}},"type":"if","locations":[{"start":{"line":291,"column":8},"end":{"line":296,"column":9}},{"start":{},"end":{}}]},"29":{"loc":{"start":{"line":323,"column":12},"end":{"line":337,"column":13}},"type":"if","locations":[{"start":{"line":323,"column":12},"end":{"line":337,"column":13}},{"start":{},"end":{}}]},"30":{"loc":{"start":{"line":340,"column":31},"end":{"line":341,"column":72}},"type":"cond-expr","locations":[{"start":{"line":340,"column":62},"end":{"line":340,"column":75}},{"start":{"line":341,"column":12},"end":{"line":341,"column":72}}]},"31":{"loc":{"start":{"line":341,"column":12},"end":{"line":341,"column":72}},"type":"cond-expr","locations":[{"start":{"line":341,"column":43},"end":{"line":341,"column":56}},{"start":{"line":341,"column":59},"end":{"line":341,"column":72}}]},"32":{"loc":{"start":{"line":343,"column":32},"end":{"line":344,"column":50}},"type":"cond-expr","locations":[{"start":{"line":343,"column":63},"end":{"line":343,"column":65}},{"start":{"line":344,"column":12},"end":{"line":344,"column":50}}]},"33":{"loc":{"start":{"line":344,"column":12},"end":{"line":344,"column":50}},"type":"cond-expr","locations":[{"start":{"line":344,"column":43},"end":{"line":344,"column":45}},{"start":{"line":344,"column":48},"end":{"line":344,"column":50}}]},"34":{"loc":{"start":{"line":369,"column":21},"end":{"line":369,"column":77}},"type":"cond-expr","locations":[{"start":{"line":369,"column":46},"end":{"line":369,"column":59}},{"start":{"line":369,"column":62},"end":{"line":369,"column":77}}]}},"s":{"0":1,"1":1,"2":1,"3":1,"4":1,"5":2,"6":1,"7":0,"8":0,"9":1,"10":2,"11":2,"12":2,"13":2,"14":1,"15":1,"16":0,"17":0,"18":1,"19":2,"20":2,"21":2,"22":2,"23":2,"24":1,"25":1,"26":1,"27":0,"28":1,"29":0,"30":1,"31":1,"32":0,"33":0,"34":1,"35":1,"36":1,"37":1,"38":1,"39":1,"40":0,"41":0,"42":1,"43":1,"44":1,"45":1,"46":1,"47":0,"48":0,"49":0,"50":0,"51":0,"52":0,"53":0,"54":0,"55":0,"56":0,"57":0,"58":0,"59":0,"60":0,"61":0,"62":1,"63":1,"64":1,"65":1,"66":0,"67":0,"68":1,"69":0,"70":0,"71":0,"72":0,"73":0,"74":0,"75":0,"76":0,"77":0,"78":1,"79":2,"80":2,"81":2,"82":1,"83":1,"84":1,"85":1,"86":1,"87":1,"88":1,"89":1,"90":1,"91":0,"92":1,"93":1,"94":1,"95":8,"96":8,"97":8,"98":8,"99":1,"100":1,"101":1,"102":1,"103":1,"104":0,"105":0},"f":{"0":1,"1":2,"2":2,"3":2,"4":1,"5":1,"6":1,"7":0,"8":2},"b":{"0":[1,1],"1":[1,1],"2":[1,0],"3":[1,0],"4":[1,1],"5":[1,0],"6":[1,0],"7":[1,1],"8":[0,1],"9":[0,1],"10":[1,0],"11":[1,0],"12":[1,0],"13":[1,1,0,0,0],"14":[0,0],"15":[0,0],"16":[0,0],"17":[0,0],"18":[0,0],"19":[0,0],"20":[0,0],"21":[0,0],"22":[0,0],"23":[0,0],"24":[1,1],"25":[2,2,1,1,1],"26":[1,0],"27":[1,0],"28":[0,1],"29":[8,0],"30":[1,0],"31":[0,0],"32":[0,1],"33":[0,1],"34":[0,0]}}
}
