TN:
SF:generated/prisma/client.ts
FNF:0
FNH:0
DA:16,11
DA:40,11
LF:2
LH:2
BRF:0
BRH:0
end_of_record
TN:
SF:generated/prisma/internal/class.ts
FN:41,decodeBase64AsWasm
FN:48,(anonymous_1)
FN:50,(anonymous_2)
FN:352,getPrismaClientClass
FNF:4
FNH:4
FNDA:11,decodeBase64AsWasm
FNDA:11,(anonymous_1)
FNDA:11,(anonymous_2)
FNDA:11,getPrismaClientClass
DA:18,11
DA:35,11
DA:36,11
DA:42,11
DA:43,11
DA:44,11
DA:47,11
DA:48,11
DA:51,11
DA:52,11
DA:353,11
LF:11
LH:11
BRF:0
BRH:0
end_of_record
TN:
SF:generated/prisma/internal/prismaNamespace.ts
FNF:0
FNH:0
DA:32,11
DA:35,11
DA:38,11
DA:41,11
DA:44,11
DA:50,11
DA:51,11
DA:52,11
DA:53,11
DA:54,11
DA:62,11
DA:71,11
DA:86,11
DA:104,11
DA:114,11
DA:121,11
DA:128,11
DA:386,11
DA:1507,11
DA:1517,11
DA:1530,11
DA:1545,11
DA:1556,11
DA:1565,11
DA:1579,11
DA:1588,11
DA:1606,11
DA:1617,11
DA:1630,11
DA:1640,11
DA:1653,11
DA:1667,11
DA:1684,11
DA:1700,11
DA:1712,11
DA:1724,11
DA:1732,11
DA:1743,11
DA:1751,11
DA:1763,11
DA:1770,11
DA:1780,11
DA:1790,11
DA:1800,11
DA:1808,11
DA:1817,11
DA:1826,11
DA:1837,11
DA:1849,11
DA:1856,11
DA:1919,11
LF:51
LH:51
BRF:0
BRH:0
end_of_record
TN:
SF:src/emailService.ts
FN:16,sendTicketEmail
FN:33,generateTicketEmailHtml
FN:72,generateSeasonTicketEmailHtml
FN:81,(anonymous_3)
FN:125,generateContactEmailHtml
FN:155,sendAcademyRegisterEmail
FN:172,generateAcademyRegisterHtml
FNF:7
FNH:6
FNDA:2,sendTicketEmail
FNDA:0,generateTicketEmailHtml
FNDA:1,generateSeasonTicketEmailHtml
FNDA:8,(anonymous_3)
FNDA:1,generateContactEmailHtml
FNDA:3,sendAcademyRegisterEmail
FNDA:3,generateAcademyRegisterHtml
DA:3,3
DA:17,2
DA:18,2
DA:24,2
DA:25,2
DA:26,2
DA:28,0
DA:29,0
DA:45,0
DA:81,8
DA:90,1
DA:132,1
DA:156,3
DA:157,3
DA:163,3
DA:164,3
DA:165,3
DA:167,0
DA:168,0
DA:179,3
LF:20
LH:15
BRDA:62,0,0,0
BRDA:62,0,1,0
BRDA:62,1,0,0
BRDA:62,1,1,0
BRF:4
BRH:0
end_of_record
TN:
SF:src/prismaDb.ts
FNF:0
FNH:0
DA:6,11
DA:14,11
LF:2
LH:2
BRDA:7,0,0,11
BRDA:7,0,1,11
BRDA:8,1,0,11
BRDA:8,1,1,11
BRDA:9,2,0,11
BRDA:9,2,1,11
BRDA:10,3,0,11
BRDA:10,3,1,11
BRDA:11,4,0,11
BRDA:11,4,1,11
BRF:10
BRH:10
end_of_record
TN:
SF:src/routes/academyRegisterDbRouter.ts
FN:11,(anonymous_0)
FNF:1
FNH:1
FNDA:4,(anonymous_0)
DA:6,1
DA:7,1
DA:9,1
DA:11,1
DA:12,4
DA:14,4
DA:15,1
DA:18,3
DA:19,3
DA:29,3
DA:37,3
DA:39,3
DA:41,0
LF:13
LH:12
BRDA:14,0,0,1
BRDA:14,0,1,3
BRDA:14,1,0,4
BRDA:14,1,1,3
BRDA:14,1,2,3
BRDA:14,1,3,3
BRDA:14,1,4,3
BRF:7
BRH:7
end_of_record
TN:
SF:src/routes/authRouter.ts
FN:9,(anonymous_0)
FN:52,(anonymous_1)
FN:97,(anonymous_2)
FNF:3
FNH:3
FNDA:3,(anonymous_0)
FNDA:3,(anonymous_1)
FNDA:3,(anonymous_2)
DA:6,1
DA:7,1
DA:9,1
DA:10,3
DA:11,3
DA:13,3
DA:14,1
DA:17,2
DA:18,2
DA:19,1
DA:22,1
DA:24,1
DA:33,1
DA:35,1
DA:47,0
DA:48,0
DA:52,1
DA:53,3
DA:54,3
DA:56,3
DA:57,1
DA:60,2
DA:65,2
DA:66,0
DA:69,2
DA:70,2
DA:71,1
DA:74,1
DA:76,1
DA:92,0
DA:93,0
DA:97,1
DA:98,3
DA:99,3
DA:100,3
DA:101,1
DA:104,2
DA:105,1
DA:110,1
DA:111,0
DA:114,1
DA:128,1
LF:42
LH:36
BRDA:7,0,0,1
BRDA:7,0,1,1
BRDA:13,1,0,1
BRDA:13,1,1,2
BRDA:13,2,0,3
BRDA:13,2,1,3
BRDA:13,2,2,2
BRDA:13,2,3,2
BRDA:18,3,0,1
BRDA:18,3,1,1
BRDA:56,4,0,1
BRDA:56,4,1,2
BRDA:56,5,0,3
BRDA:56,5,1,3
BRDA:65,6,0,0
BRDA:65,6,1,2
BRDA:70,7,0,1
BRDA:70,7,1,1
BRDA:84,8,0,0
BRDA:84,8,1,1
BRDA:86,9,0,0
BRDA:86,9,1,0
BRDA:87,10,0,0
BRDA:87,10,1,0
BRDA:100,11,0,1
BRDA:100,11,1,2
BRDA:110,12,0,0
BRDA:110,12,1,1
BRDA:120,13,0,0
BRDA:120,13,1,1
BRDA:122,14,0,0
BRDA:122,14,1,0
BRDA:123,15,0,0
BRDA:123,15,1,0
BRF:34
BRH:22
end_of_record
TN:
SF:src/routes/contactRouter.ts
FN:6,(anonymous_0)
FNF:1
FNH:1
FNDA:3,(anonymous_0)
DA:4,1
DA:6,1
DA:7,3
DA:8,3
DA:10,3
DA:11,2
DA:14,1
DA:15,1
DA:17,1
DA:19,0
DA:20,0
LF:11
LH:9
BRDA:10,0,0,2
BRDA:10,0,1,1
BRDA:10,1,0,3
BRDA:10,1,1,2
BRDA:10,1,2,1
BRDA:10,1,3,1
BRDA:10,1,4,1
BRF:7
BRH:7
end_of_record
TN:
SF:src/routes/matchesDbRouter.ts
FN:6,(anonymous_0)
FN:33,(anonymous_1)
FNF:2
FNH:2
FNDA:1,(anonymous_0)
FNDA:6,(anonymous_1)
DA:4,2
DA:5,2
DA:6,2
DA:7,1
DA:8,1
DA:10,1
DA:11,0
DA:14,1
DA:15,1
DA:28,1
DA:30,0
DA:33,2
DA:34,6
DA:35,6
DA:45,6
DA:48,0
LF:16
LH:13
BRDA:10,0,0,0
BRDA:10,0,1,1
BRF:2
BRH:1
end_of_record
TN:
SF:src/routes/newsDbRouter.ts
FN:6,(anonymous_0)
FNF:1
FNH:1
FNDA:2,(anonymous_0)
DA:4,1
DA:6,1
DA:7,2
DA:8,2
DA:16,2
DA:18,0
LF:6
LH:5
BRF:0
BRH:0
end_of_record
TN:
SF:src/routes/orderRouter.ts
FN:18,(anonymous_0)
FN:42,(anonymous_1)
FN:46,(anonymous_2)
FN:47,(anonymous_3)
FN:60,(anonymous_4)
FN:80,(anonymous_5)
FNF:6
FNH:6
FNDA:2,(anonymous_0)
FNDA:1,(anonymous_1)
FNDA:2,(anonymous_2)
FNDA:2,(anonymous_3)
FNDA:1,(anonymous_4)
FNDA:1,(anonymous_5)
DA:7,1
DA:8,1
DA:10,1
DA:11,1
DA:12,1
DA:14,1
DA:15,0
DA:18,1
DA:19,2
DA:20,2
DA:22,2
DA:23,1
DA:26,1
DA:27,1
DA:29,1
DA:31,1
DA:37,0
DA:38,0
DA:42,1
DA:43,1
DA:44,1
DA:45,1
DA:46,2
DA:48,2
DA:49,2
DA:50,2
DA:53,1
DA:55,0
DA:56,0
DA:60,1
DA:61,1
DA:62,1
DA:63,1
DA:64,1
DA:66,1
DA:67,1
DA:70,0
DA:71,0
DA:73,0
DA:75,0
DA:76,0
DA:80,1
DA:81,1
DA:82,1
DA:83,1
DA:84,1
DA:86,1
DA:87,1
DA:90,0
DA:92,0
DA:94,0
DA:95,0
LF:52
LH:38
BRDA:14,0,0,0
BRDA:14,0,1,1
BRDA:22,1,0,1
BRDA:22,1,1,1
BRDA:66,2,0,1
BRDA:66,2,1,0
BRDA:86,3,0,1
BRDA:86,3,1,0
BRF:8
BRH:5
end_of_record
TN:
SF:src/routes/playersDbRouter.ts
FN:5,(anonymous_0)
FNF:1
FNH:1
FNDA:2,(anonymous_0)
DA:3,1
DA:4,1
DA:5,1
DA:6,2
DA:11,2
LF:5
LH:5
BRF:0
BRH:0
end_of_record
TN:
SF:src/routes/scoutDbRouter.ts
FN:5,(anonymous_0)
FNF:1
FNH:1
FNDA:2,(anonymous_0)
DA:3,1
DA:4,1
DA:5,1
DA:6,2
DA:11,2
LF:5
LH:5
BRF:0
BRH:0
end_of_record
TN:
SF:src/routes/shopDbRouter.ts
FN:5,(anonymous_0)
FN:9,(anonymous_1)
FNF:2
FNH:2
FNDA:1,(anonymous_0)
FNDA:2,(anonymous_1)
DA:3,1
DA:4,1
DA:5,1
DA:6,1
DA:7,1
DA:9,1
DA:10,2
DA:11,2
DA:14,2
DA:15,1
DA:17,1
LF:11
LH:11
BRDA:14,0,0,1
BRDA:14,0,1,1
BRF:2
BRH:2
end_of_record
TN:
SF:src/routes/staffDbRouter.ts
FN:5,(anonymous_0)
FNF:1
FNH:1
FNDA:2,(anonymous_0)
DA:3,1
DA:4,1
DA:5,1
DA:6,2
DA:7,2
LF:5
LH:5
BRF:0
BRH:0
end_of_record
TN:
SF:src/routes/tableDbRouter.ts
FN:7,(anonymous_0)
FNF:1
FNH:1
FNDA:8,(anonymous_0)
DA:4,2
DA:5,2
DA:7,2
DA:8,8
DA:9,8
DA:11,8
DA:19,8
DA:20,0
DA:21,0
DA:23,0
DA:31,0
DA:45,0
DA:60,8
DA:64,8
DA:66,0
LF:15
LH:9
BRDA:35,0,0,0
BRDA:35,0,1,0
BRDA:36,1,0,0
BRDA:36,1,1,0
BRDA:37,2,0,0
BRDA:37,2,1,0
BRDA:41,3,0,0
BRDA:41,3,1,0
BRDA:41,4,0,0
BRDA:41,4,1,0
BRDA:49,5,0,0
BRDA:49,5,1,0
BRDA:50,6,0,0
BRDA:50,6,1,0
BRDA:51,7,0,0
BRDA:51,7,1,0
BRDA:55,8,0,0
BRDA:55,8,1,0
BRDA:55,9,0,0
BRDA:55,9,1,0
BRF:20
BRH:0
end_of_record
TN:
SF:src/routes/ticketsRouter.ts
FN:7,(anonymous_0)
FN:21,(anonymous_1)
FN:36,(anonymous_2)
FN:70,(anonymous_3)
FN:109,(anonymous_4)
FN:129,(anonymous_5)
FN:211,(anonymous_6)
FN:225,(anonymous_7)
FN:252,(anonymous_8)
FNF:9
FNH:8
FNDA:1,(anonymous_0)
FNDA:2,(anonymous_1)
FNDA:2,(anonymous_2)
FNDA:2,(anonymous_3)
FNDA:1,(anonymous_4)
FNDA:1,(anonymous_5)
FNDA:1,(anonymous_6)
FNDA:0,(anonymous_7)
FNDA:2,(anonymous_8)
DA:5,1
DA:7,1
DA:8,1
DA:9,1
DA:21,2
DA:29,1
DA:31,0
DA:32,0
DA:36,1
DA:37,2
DA:38,2
DA:40,2
DA:53,2
DA:54,1
DA:57,1
DA:65,0
DA:66,0
DA:70,1
DA:71,2
DA:72,2
DA:73,2
DA:75,2
DA:79,2
DA:80,1
DA:83,1
DA:84,1
DA:85,1
DA:87,1
DA:96,1
DA:104,0
DA:105,0
DA:109,1
DA:110,1
DA:111,1
DA:112,1
DA:114,1
DA:122,1
DA:124,0
DA:125,0
DA:129,1
DA:130,1
DA:131,1
DA:133,1
DA:134,1
DA:137,0
DA:141,0
DA:142,0
DA:145,0
DA:147,0
DA:155,0
DA:156,0
DA:159,0
DA:161,0
DA:181,0
DA:183,0
DA:198,0
DA:200,0
DA:206,0
DA:207,0
DA:211,1
DA:212,1
DA:213,1
DA:218,1
DA:220,0
DA:221,0
DA:225,1
DA:226,0
DA:227,0
DA:229,0
DA:233,0
DA:234,0
DA:237,0
DA:245,0
DA:247,0
DA:248,0
DA:252,1
DA:253,2
DA:254,2
DA:256,2
DA:257,1
DA:260,1
DA:261,1
DA:263,1
DA:269,1
DA:270,1
DA:276,1
DA:278,1
DA:291,1
DA:292,0
DA:298,1
DA:307,1
DA:309,1
DA:310,8
DA:323,8
DA:324,8
DA:329,8
DA:340,1
DA:343,1
DA:346,1
DA:356,1
DA:358,1
DA:366,0
DA:367,0
LF:103
LH:66
BRDA:23,0,0,1
BRDA:23,0,1,1
BRDA:24,1,0,1
BRDA:24,1,1,1
BRDA:26,2,0,1
BRDA:26,2,1,0
BRDA:26,3,0,1
BRDA:26,3,1,0
BRDA:53,4,0,1
BRDA:53,4,1,1
BRDA:59,5,0,1
BRDA:59,5,1,0
BRDA:60,6,0,1
BRDA:60,6,1,0
BRDA:79,7,0,1
BRDA:79,7,1,1
BRDA:84,8,0,0
BRDA:84,8,1,1
BRDA:85,9,0,0
BRDA:85,9,1,1
BRDA:99,10,0,1
BRDA:99,10,1,0
BRDA:122,11,0,1
BRDA:122,11,1,0
BRDA:133,12,0,1
BRDA:133,12,1,0
BRDA:133,13,0,1
BRDA:133,13,1,1
BRDA:133,13,2,0
BRDA:133,13,3,0
BRDA:133,13,4,0
BRDA:141,14,0,0
BRDA:141,14,1,0
BRDA:145,15,0,0
BRDA:145,15,1,0
BRDA:145,16,0,0
BRDA:145,16,1,0
BRDA:155,17,0,0
BRDA:155,17,1,0
BRDA:181,18,0,0
BRDA:181,18,1,0
BRDA:181,19,0,0
BRDA:181,19,1,0
BRDA:187,20,0,0
BRDA:187,20,1,0
BRDA:188,21,0,0
BRDA:188,21,1,0
BRDA:189,22,0,0
BRDA:189,22,1,0
BRDA:233,23,0,0
BRDA:233,23,1,0
BRDA:256,24,0,1
BRDA:256,24,1,1
BRDA:256,25,0,2
BRDA:256,25,1,2
BRDA:256,25,2,1
BRDA:256,25,3,1
BRDA:256,25,4,1
BRDA:269,26,0,1
BRDA:269,26,1,0
BRDA:276,27,0,1
BRDA:276,27,1,0
BRDA:291,28,0,0
BRDA:291,28,1,1
BRDA:323,29,0,8
BRDA:323,29,1,0
BRDA:340,30,0,1
BRDA:340,30,1,0
BRDA:341,31,0,0
BRDA:341,31,1,0
BRDA:343,32,0,0
BRDA:343,32,1,1
BRDA:344,33,0,0
BRDA:344,33,1,1
BRDA:369,34,0,0
BRDA:369,34,1,0
BRF:76
BRH:33
end_of_record
